<!DOCTYPE html PUBLIC "-//W3C//DTD XHTML 1.1//EN" "https://www.w3.org/TR/xhtml11/DTD/xhtml11.dtd">
<html xmlns="https://www.w3.org/1999/xhtml">
<head>
<meta http-equiv="content-type" content="text/html; charset=UTF-8"/>
<title>TestNG Report</title>
<style type="text/css">table {margin-bottom:10px;border-collapse:collapse;empty-cells:show}th,td {border:1px solid #009;padding:.25em .5em}th {vertical-align:bottom}td {vertical-align:top}table a {font-weight:bold}.stripe td {background-color: #E6EBF9}.num {text-align:right}.passedodd td {background-color: #3F3}.passedeven td {background-color: #0A0}.skippedodd td {background-color: #DDD}.skippedeven td {background-color: #CCC}.failedodd td,.attn {background-color: #F33}.failedeven td,.stripe .attn {background-color: #D00}.stacktrace {white-space:pre;font-family:monospace}.totop {font-size:85%;text-align:center;border-bottom:2px solid #000}.invisible {display:none}</style>
</head>
<body>
<table>
<tr><th>Test</th><th># Passed</th><th># Skipped</th><th># Retried</th><th># Failed</th><th>Time (ms)</th><th>Included Groups</th><th>Excluded Groups</th></tr>
<tr><th colspan="8">Default suite</th></tr>
<tr><td><a href="#t0">Default test</a></td><td class="num">6</td><td class="num">0</td><td class="num">0</td><td class="num attn">100</td><td class="num">110,376</td><td></td><td></td></tr>
</table>
<table id='summary'><thead><tr><th>Class</th><th>Method</th><th>Start</th><th>Time (ms)</th></tr></thead><tbody><tr><th colspan="4">Default suite</th></tr></tbody><tbody id="t0"><tr><th colspan="4">Default test &#8212; failed</th></tr><tr class="failedeven"><td rowspan="100">testRunner.MyTestRunner</td><td><a href="#m0">runScenario</a></td><td rowspan="100">1693793830659</td><td rowspan="100">629</td></tr><tr class="failedeven"><td><a href="#m1">runScenario</a></td></tr><tr class="failedeven"><td><a href="#m2">runScenario</a></td></tr><tr class="failedeven"><td><a href="#m3">runScenario</a></td></tr><tr class="failedeven"><td><a href="#m4">runScenario</a></td></tr><tr class="failedeven"><td><a href="#m5">runScenario</a></td></tr><tr class="failedeven"><td><a href="#m6">runScenario</a></td></tr><tr class="failedeven"><td><a href="#m7">runScenario</a></td></tr><tr class="failedeven"><td><a href="#m8">runScenario</a></td></tr><tr class="failedeven"><td><a href="#m9">runScenario</a></td></tr><tr class="failedeven"><td><a href="#m10">runScenario</a></td></tr><tr class="failedeven"><td><a href="#m11">runScenario</a></td></tr><tr class="failedeven"><td><a href="#m12">runScenario</a></td></tr><tr class="failedeven"><td><a href="#m13">runScenario</a></td></tr><tr class="failedeven"><td><a href="#m14">runScenario</a></td></tr><tr class="failedeven"><td><a href="#m15">runScenario</a></td></tr><tr class="failedeven"><td><a href="#m16">runScenario</a></td></tr><tr class="failedeven"><td><a href="#m17">runScenario</a></td></tr><tr class="failedeven"><td><a href="#m18">runScenario</a></td></tr><tr class="failedeven"><td><a href="#m19">runScenario</a></td></tr><tr class="failedeven"><td><a href="#m20">runScenario</a></td></tr><tr class="failedeven"><td><a href="#m21">runScenario</a></td></tr><tr class="failedeven"><td><a href="#m22">runScenario</a></td></tr><tr class="failedeven"><td><a href="#m23">runScenario</a></td></tr><tr class="failedeven"><td><a href="#m24">runScenario</a></td></tr><tr class="failedeven"><td><a href="#m25">runScenario</a></td></tr><tr class="failedeven"><td><a href="#m26">runScenario</a></td></tr><tr class="failedeven"><td><a href="#m27">runScenario</a></td></tr><tr class="failedeven"><td><a href="#m28">runScenario</a></td></tr><tr class="failedeven"><td><a href="#m29">runScenario</a></td></tr><tr class="failedeven"><td><a href="#m30">runScenario</a></td></tr><tr class="failedeven"><td><a href="#m31">runScenario</a></td></tr><tr class="failedeven"><td><a href="#m32">runScenario</a></td></tr><tr class="failedeven"><td><a href="#m33">runScenario</a></td></tr><tr class="failedeven"><td><a href="#m34">runScenario</a></td></tr><tr class="failedeven"><td><a href="#m35">runScenario</a></td></tr><tr class="failedeven"><td><a href="#m36">runScenario</a></td></tr><tr class="failedeven"><td><a href="#m37">runScenario</a></td></tr><tr class="failedeven"><td><a href="#m38">runScenario</a></td></tr><tr class="failedeven"><td><a href="#m39">runScenario</a></td></tr><tr class="failedeven"><td><a href="#m40">runScenario</a></td></tr><tr class="failedeven"><td><a href="#m41">runScenario</a></td></tr><tr class="failedeven"><td><a href="#m42">runScenario</a></td></tr><tr class="failedeven"><td><a href="#m43">runScenario</a></td></tr><tr class="failedeven"><td><a href="#m44">runScenario</a></td></tr><tr class="failedeven"><td><a href="#m45">runScenario</a></td></tr><tr class="failedeven"><td><a href="#m46">runScenario</a></td></tr><tr class="failedeven"><td><a href="#m47">runScenario</a></td></tr><tr class="failedeven"><td><a href="#m48">runScenario</a></td></tr><tr class="failedeven"><td><a href="#m49">runScenario</a></td></tr><tr class="failedeven"><td><a href="#m50">runScenario</a></td></tr><tr class="failedeven"><td><a href="#m51">runScenario</a></td></tr><tr class="failedeven"><td><a href="#m52">runScenario</a></td></tr><tr class="failedeven"><td><a href="#m53">runScenario</a></td></tr><tr class="failedeven"><td><a href="#m54">runScenario</a></td></tr><tr class="failedeven"><td><a href="#m55">runScenario</a></td></tr><tr class="failedeven"><td><a href="#m56">runScenario</a></td></tr><tr class="failedeven"><td><a href="#m57">runScenario</a></td></tr><tr class="failedeven"><td><a href="#m58">runScenario</a></td></tr><tr class="failedeven"><td><a href="#m59">runScenario</a></td></tr><tr class="failedeven"><td><a href="#m60">runScenario</a></td></tr><tr class="failedeven"><td><a href="#m61">runScenario</a></td></tr><tr class="failedeven"><td><a href="#m62">runScenario</a></td></tr><tr class="failedeven"><td><a href="#m63">runScenario</a></td></tr><tr class="failedeven"><td><a href="#m64">runScenario</a></td></tr><tr class="failedeven"><td><a href="#m65">runScenario</a></td></tr><tr class="failedeven"><td><a href="#m66">runScenario</a></td></tr><tr class="failedeven"><td><a href="#m67">runScenario</a></td></tr><tr class="failedeven"><td><a href="#m68">runScenario</a></td></tr><tr class="failedeven"><td><a href="#m69">runScenario</a></td></tr><tr class="failedeven"><td><a href="#m70">runScenario</a></td></tr><tr class="failedeven"><td><a href="#m71">runScenario</a></td></tr><tr class="failedeven"><td><a href="#m72">runScenario</a></td></tr><tr class="failedeven"><td><a href="#m73">runScenario</a></td></tr><tr class="failedeven"><td><a href="#m74">runScenario</a></td></tr><tr class="failedeven"><td><a href="#m75">runScenario</a></td></tr><tr class="failedeven"><td><a href="#m76">runScenario</a></td></tr><tr class="failedeven"><td><a href="#m77">runScenario</a></td></tr><tr class="failedeven"><td><a href="#m78">runScenario</a></td></tr><tr class="failedeven"><td><a href="#m79">runScenario</a></td></tr><tr class="failedeven"><td><a href="#m80">runScenario</a></td></tr><tr class="failedeven"><td><a href="#m81">runScenario</a></td></tr><tr class="failedeven"><td><a href="#m82">runScenario</a></td></tr><tr class="failedeven"><td><a href="#m83">runScenario</a></td></tr><tr class="failedeven"><td><a href="#m84">runScenario</a></td></tr><tr class="failedeven"><td><a href="#m85">runScenario</a></td></tr><tr class="failedeven"><td><a href="#m86">runScenario</a></td></tr><tr class="failedeven"><td><a href="#m87">runScenario</a></td></tr><tr class="failedeven"><td><a href="#m88">runScenario</a></td></tr><tr class="failedeven"><td><a href="#m89">runScenario</a></td></tr><tr class="failedeven"><td><a href="#m90">runScenario</a></td></tr><tr class="failedeven"><td><a href="#m91">runScenario</a></td></tr><tr class="failedeven"><td><a href="#m92">runScenario</a></td></tr><tr class="failedeven"><td><a href="#m93">runScenario</a></td></tr><tr class="failedeven"><td><a href="#m94">runScenario</a></td></tr><tr class="failedeven"><td><a href="#m95">runScenario</a></td></tr><tr class="failedeven"><td><a href="#m96">runScenario</a></td></tr><tr class="failedeven"><td><a href="#m97">runScenario</a></td></tr><tr class="failedeven"><td><a href="#m98">runScenario</a></td></tr><tr class="failedeven"><td><a href="#m99">runScenario</a></td></tr><tr><th colspan="4">Default test &#8212; passed</th></tr><tr class="passedeven"><td rowspan="6">testRunner.MyTestRunner</td><td><a href="#m100">runScenario</a></td><td rowspan="6">1693793853894</td><td rowspan="6">12523</td></tr><tr class="passedeven"><td><a href="#m101">runScenario</a></td></tr><tr class="passedeven"><td><a href="#m102">runScenario</a></td></tr><tr class="passedeven"><td><a href="#m103">runScenario</a></td></tr><tr class="passedeven"><td><a href="#m104">runScenario</a></td></tr><tr class="passedeven"><td><a href="#m105">runScenario</a></td></tr></tbody>
</table>
<h2>Default test</h2><h3 id="m0">testRunner.MyTestRunner#runScenario</h3><table class="result"><tr class="param"><th>Parameter #1</th><th>Parameter #2</th></tr><tr class="param stripe"><td>&quot;The user is presented with error message for code with invalid syntax in tryEditor for Graph page&quot;</td><td>&quot;Graph Page&quot;</td></tr><tr><th colspan="2">Exception</th></tr><tr><td colspan="2"><div class="stacktrace">org.openqa.selenium.NoSuchSessionException: Session ID is null. Using WebDriver after calling quit()?
Build info: version: &apos;3.141.59&apos;, revision: &apos;e82be7d358&apos;, time: &apos;2018-11-14T08:17:03&apos;
System info: host: &apos;LAPTOP-EGII9MOL&apos;, ip: &apos;192.168.0.105&apos;, os.name: &apos;Windows 11&apos;, os.arch: &apos;amd64&apos;, os.version: &apos;10.0&apos;, java.version: &apos;17.0.8&apos;
Driver info: driver.version: RemoteWebDriver
	at org.openqa.selenium.remote.HttpCommandExecutor.execute(HttpCommandExecutor.java:125)
	at org.openqa.selenium.remote.service.DriverCommandExecutor.execute(DriverCommandExecutor.java:83)
	at org.openqa.selenium.remote.RemoteWebDriver.execute(RemoteWebDriver.java:552)
	at org.openqa.selenium.remote.RemoteWebDriver.get(RemoteWebDriver.java:277)
	at pages.LoginPage.userLogin(LoginPage.java:77)
	at stepDefinitions.DataStructureAllPages_StepDef.the_user_is_on_the_graph_introduction_after_logged_in(DataStructureAllPages_StepDef.java:276)
	at ✽.The user is on the Graph Introduction after logged in(file:///C:/Users/madhu/git/Ds-Algo-QualityQuest/src/test/resources/features/Graph.feature:14)
</div></td></tr></table><p class="totop"><a href="#summary">back to summary</a></p>
<h3 id="m1">testRunner.MyTestRunner#runScenario</h3><table class="result"><tr class="param"><th>Parameter #1</th><th>Parameter #2</th></tr><tr class="param stripe"><td>&quot;The user is presented with error message for code with invalid syntax in tryEditor for Applications of Array page&quot;</td><td>&quot;Array Page&quot;</td></tr><tr><th colspan="2">Exception</th></tr><tr><td colspan="2"><div class="stacktrace">org.openqa.selenium.UnhandledAlertException: unexpected alert open: {Alert text : SyntaxError: bad input on line 1}
  (Session info: chrome=116.0.5845.141): SyntaxError: bad input on line 1
Build info: version: &apos;3.141.59&apos;, revision: &apos;e82be7d358&apos;, time: &apos;2018-11-14T08:17:03&apos;
System info: host: &apos;LAPTOP-EGII9MOL&apos;, ip: &apos;192.168.0.105&apos;, os.name: &apos;Windows 11&apos;, os.arch: &apos;amd64&apos;, os.version: &apos;10.0&apos;, java.version: &apos;17.0.8&apos;
Driver info: org.openqa.selenium.chrome.ChromeDriver
Capabilities {acceptInsecureCerts: false, browserName: chrome, browserVersion: 116.0.5845.141, chrome: {chromedriverVersion: 116.0.5845.96 (1a3918166880..., userDataDir: C:\Users\madhu\AppData\Loca...}, fedcm:accounts: true, goog:chromeOptions: {debuggerAddress: localhost:56896}, javascriptEnabled: true, networkConnectionEnabled: false, pageLoadStrategy: normal, platform: WINDOWS, platformName: WINDOWS, proxy: Proxy(), setWindowRect: true, strictFileInteractability: false, timeouts: {implicit: 0, pageLoad: 300000, script: 30000}, unhandledPromptBehavior: dismiss and notify, webauthn:extension:credBlob: true, webauthn:extension:largeBlob: true, webauthn:extension:minPinLength: true, webauthn:extension:prf: true, webauthn:virtualAuthenticators: true}
Session ID: d898ae57f9c65675fe5041439314e329
*** Element info: {Using=id, value=output}
	at org.openqa.selenium.remote.http.W3CHttpResponseCodec.decode(W3CHttpResponseCodec.java:120)
	at org.openqa.selenium.remote.http.W3CHttpResponseCodec.decode(W3CHttpResponseCodec.java:49)
	at org.openqa.selenium.remote.HttpCommandExecutor.execute(HttpCommandExecutor.java:158)
	at org.openqa.selenium.remote.service.DriverCommandExecutor.execute(DriverCommandExecutor.java:83)
	at org.openqa.selenium.remote.RemoteWebDriver.execute(RemoteWebDriver.java:552)
	at org.openqa.selenium.remote.RemoteWebDriver.findElement(RemoteWebDriver.java:323)
	at org.openqa.selenium.remote.RemoteWebDriver.findElementById(RemoteWebDriver.java:372)
	at org.openqa.selenium.By$ById.findElement(By.java:188)
	at org.openqa.selenium.remote.RemoteWebDriver.findElement(RemoteWebDriver.java:315)
	at org.openqa.selenium.support.pagefactory.DefaultElementLocator.findElement(DefaultElementLocator.java:69)
	at org.openqa.selenium.support.pagefactory.internal.LocatingElementHandler.invoke(LocatingElementHandler.java:38)
	at jdk.proxy2/jdk.proxy2.$Proxy27.isDisplayed(Unknown Source)
	at pages.CommonCode.verifyEditorResult(CommonCode.java:78)
	at stepDefinitions.DataStructureAllPages_StepDef.the_user_should_be_presented_with_run_result(DataStructureAllPages_StepDef.java:117)
	at ✽.The user should be presented with Run result(file:///C:/Users/madhu/git/Ds-Algo-QualityQuest/src/test/resources/features/Array.feature:81)
</div></td></tr></table><p class="totop"><a href="#summary">back to summary</a></p>
<h3 id="m2">testRunner.MyTestRunner#runScenario</h3><table class="result"><tr class="param"><th>Parameter #1</th><th>Parameter #2</th></tr><tr class="param stripe"><td>&quot;The user is presented with error message for code with invalid syntax in tryEditor for Traversal Link page&quot;</td><td>&quot;LinkedList Page&quot;</td></tr><tr><th colspan="2">Exception</th></tr><tr><td colspan="2"><div class="stacktrace">org.openqa.selenium.NoSuchSessionException: Session ID is null. Using WebDriver after calling quit()?
Build info: version: &apos;3.141.59&apos;, revision: &apos;e82be7d358&apos;, time: &apos;2018-11-14T08:17:03&apos;
System info: host: &apos;LAPTOP-EGII9MOL&apos;, ip: &apos;192.168.0.105&apos;, os.name: &apos;Windows 11&apos;, os.arch: &apos;amd64&apos;, os.version: &apos;10.0&apos;, java.version: &apos;17.0.8&apos;
Driver info: driver.version: RemoteWebDriver
	at org.openqa.selenium.remote.HttpCommandExecutor.execute(HttpCommandExecutor.java:125)
	at org.openqa.selenium.remote.service.DriverCommandExecutor.execute(DriverCommandExecutor.java:83)
	at org.openqa.selenium.remote.RemoteWebDriver.execute(RemoteWebDriver.java:552)
	at org.openqa.selenium.remote.RemoteWebDriver.get(RemoteWebDriver.java:277)
	at pages.LoginPage.userLogin(LoginPage.java:77)
	at stepDefinitions.DataStructureAllPages_StepDef.the_user_is_on_the_linked_list_page_after_logged_in(DataStructureAllPages_StepDef.java:312)
	at ✽.The user is on the Linked List page after logged in(file:///C:/Users/madhu/git/Ds-Algo-QualityQuest/src/test/resources/features/LinkedList.feature:91)
</div></td></tr></table><p class="totop"><a href="#summary">back to summary</a></p>
<h3 id="m3">testRunner.MyTestRunner#runScenario</h3><table class="result"><tr class="param"><th>Parameter #1</th><th>Parameter #2</th></tr><tr class="param stripe"><td>&quot;The user is presented with error message for code with invalid syntax in tryEditor for Operations in Stack page&quot;</td><td>&quot;Stack Page&quot;</td></tr><tr><th colspan="2">Exception</th></tr><tr><td colspan="2"><div class="stacktrace">org.openqa.selenium.NoSuchSessionException: Session ID is null. Using WebDriver after calling quit()?
Build info: version: &apos;3.141.59&apos;, revision: &apos;e82be7d358&apos;, time: &apos;2018-11-14T08:17:03&apos;
System info: host: &apos;LAPTOP-EGII9MOL&apos;, ip: &apos;192.168.0.105&apos;, os.name: &apos;Windows 11&apos;, os.arch: &apos;amd64&apos;, os.version: &apos;10.0&apos;, java.version: &apos;17.0.8&apos;
Driver info: driver.version: RemoteWebDriver
	at org.openqa.selenium.remote.HttpCommandExecutor.execute(HttpCommandExecutor.java:125)
	at org.openqa.selenium.remote.service.DriverCommandExecutor.execute(DriverCommandExecutor.java:83)
	at org.openqa.selenium.remote.RemoteWebDriver.execute(RemoteWebDriver.java:552)
	at org.openqa.selenium.remote.RemoteWebDriver.get(RemoteWebDriver.java:277)
	at pages.LoginPage.userLogin(LoginPage.java:77)
	at stepDefinitions.DataStructureAllPages_StepDef.the_user_is_on_the_stack_introduction_after_logged_in(DataStructureAllPages_StepDef.java:419)
	at ✽.The user is on the Stack Introduction after logged in(file:///C:/Users/madhu/git/Ds-Algo-QualityQuest/src/test/resources/features/Stack.feature:14)
</div></td></tr></table><p class="totop"><a href="#summary">back to summary</a></p>
<h3 id="m4">testRunner.MyTestRunner#runScenario</h3><table class="result"><tr class="param"><th>Parameter #1</th><th>Parameter #2</th></tr><tr class="param stripe"><td>&quot;The user is able to navigate to Introduction link page&quot;</td><td>&quot;LinkedList Page&quot;</td></tr><tr><th colspan="2">Exception</th></tr><tr><td colspan="2"><div class="stacktrace">org.openqa.selenium.NoSuchSessionException: Session ID is null. Using WebDriver after calling quit()?
Build info: version: &apos;3.141.59&apos;, revision: &apos;e82be7d358&apos;, time: &apos;2018-11-14T08:17:03&apos;
System info: host: &apos;LAPTOP-EGII9MOL&apos;, ip: &apos;192.168.0.105&apos;, os.name: &apos;Windows 11&apos;, os.arch: &apos;amd64&apos;, os.version: &apos;10.0&apos;, java.version: &apos;17.0.8&apos;
Driver info: driver.version: RemoteWebDriver
	at org.openqa.selenium.remote.HttpCommandExecutor.execute(HttpCommandExecutor.java:125)
	at org.openqa.selenium.remote.service.DriverCommandExecutor.execute(DriverCommandExecutor.java:83)
	at org.openqa.selenium.remote.RemoteWebDriver.execute(RemoteWebDriver.java:552)
	at org.openqa.selenium.remote.RemoteWebDriver.get(RemoteWebDriver.java:277)
	at pages.LoginPage.userLogin(LoginPage.java:77)
	at stepDefinitions.DataStructureAllPages_StepDef.the_user_is_on_the_linked_list_page_after_logged_in(DataStructureAllPages_StepDef.java:312)
	at ✽.The user is on the Linked List page after logged in(file:///C:/Users/madhu/git/Ds-Algo-QualityQuest/src/test/resources/features/LinkedList.feature:6)
</div></td></tr></table><p class="totop"><a href="#summary">back to summary</a></p>
<h3 id="m5">testRunner.MyTestRunner#runScenario</h3><table class="result"><tr class="param"><th>Parameter #1</th><th>Parameter #2</th></tr><tr class="param stripe"><td>&quot;The user is presented with error message for code with invalid syntax in tryEditor for Binary Search Trees page&quot;</td><td>&quot;Tree Page&quot;</td></tr><tr><th colspan="2">Exception</th></tr><tr><td colspan="2"><div class="stacktrace">org.openqa.selenium.NoSuchSessionException: Session ID is null. Using WebDriver after calling quit()?
Build info: version: &apos;3.141.59&apos;, revision: &apos;e82be7d358&apos;, time: &apos;2018-11-14T08:17:03&apos;
System info: host: &apos;LAPTOP-EGII9MOL&apos;, ip: &apos;192.168.0.105&apos;, os.name: &apos;Windows 11&apos;, os.arch: &apos;amd64&apos;, os.version: &apos;10.0&apos;, java.version: &apos;17.0.8&apos;
Driver info: driver.version: RemoteWebDriver
	at org.openqa.selenium.remote.HttpCommandExecutor.execute(HttpCommandExecutor.java:125)
	at org.openqa.selenium.remote.service.DriverCommandExecutor.execute(DriverCommandExecutor.java:83)
	at org.openqa.selenium.remote.RemoteWebDriver.execute(RemoteWebDriver.java:552)
	at org.openqa.selenium.remote.RemoteWebDriver.get(RemoteWebDriver.java:277)
	at pages.LoginPage.userLogin(LoginPage.java:77)
	at stepDefinitions.DataStructureAllPages_StepDef.the_user_is_on_the_tree_introduction_after_logged_in(DataStructureAllPages_StepDef.java:456)
	at ✽.The user is on the Tree Introduction after logged in(file:///C:/Users/madhu/git/Ds-Algo-QualityQuest/src/test/resources/features/Tree.feature:231)
</div></td></tr></table><p class="totop"><a href="#summary">back to summary</a></p>
<h3 id="m6">testRunner.MyTestRunner#runScenario</h3><table class="result"><tr class="param"><th>Parameter #1</th><th>Parameter #2</th></tr><tr class="param stripe"><td>&quot;The user is able to navigate to Question page of Max Consecutive Ones&quot;</td><td>&quot;Array Page&quot;</td></tr><tr><th colspan="2">Exception</th></tr><tr><td colspan="2"><div class="stacktrace">org.openqa.selenium.ElementNotInteractableException: element not interactable
  (Session info: chrome=116.0.5845.141)
Build info: version: &apos;3.141.59&apos;, revision: &apos;e82be7d358&apos;, time: &apos;2018-11-14T08:17:03&apos;
System info: host: &apos;LAPTOP-EGII9MOL&apos;, ip: &apos;192.168.0.105&apos;, os.name: &apos;Windows 11&apos;, os.arch: &apos;amd64&apos;, os.version: &apos;10.0&apos;, java.version: &apos;17.0.8&apos;
Driver info: org.openqa.selenium.chrome.ChromeDriver
Capabilities {acceptInsecureCerts: false, browserName: chrome, browserVersion: 116.0.5845.141, chrome: {chromedriverVersion: 116.0.5845.96 (1a3918166880..., userDataDir: C:\Users\madhu\AppData\Loca...}, fedcm:accounts: true, goog:chromeOptions: {debuggerAddress: localhost:56896}, javascriptEnabled: true, networkConnectionEnabled: false, pageLoadStrategy: normal, platform: WINDOWS, platformName: WINDOWS, proxy: Proxy(), setWindowRect: true, strictFileInteractability: false, timeouts: {implicit: 0, pageLoad: 300000, script: 30000}, unhandledPromptBehavior: dismiss and notify, webauthn:extension:credBlob: true, webauthn:extension:largeBlob: true, webauthn:extension:minPinLength: true, webauthn:extension:prf: true, webauthn:virtualAuthenticators: true}
Session ID: d898ae57f9c65675fe5041439314e329
	at java.base/jdk.internal.reflect.NativeConstructorAccessorImpl.newInstance0(Native Method)
	at java.base/jdk.internal.reflect.NativeConstructorAccessorImpl.newInstance(NativeConstructorAccessorImpl.java:77)
	at java.base/jdk.internal.reflect.DelegatingConstructorAccessorImpl.newInstance(DelegatingConstructorAccessorImpl.java:45)
	at java.base/java.lang.reflect.Constructor.newInstanceWithCaller(Constructor.java:499)
	at java.base/java.lang.reflect.Constructor.newInstance(Constructor.java:480)
	at org.openqa.selenium.remote.http.W3CHttpResponseCodec.createException(W3CHttpResponseCodec.java:187)
	at org.openqa.selenium.remote.http.W3CHttpResponseCodec.decode(W3CHttpResponseCodec.java:122)
	at org.openqa.selenium.remote.http.W3CHttpResponseCodec.decode(W3CHttpResponseCodec.java:49)
	at org.openqa.selenium.remote.HttpCommandExecutor.execute(HttpCommandExecutor.java:158)
	at org.openqa.selenium.remote.service.DriverCommandExecutor.execute(DriverCommandExecutor.java:83)
	at org.openqa.selenium.remote.RemoteWebDriver.execute(RemoteWebDriver.java:552)
	at org.openqa.selenium.remote.RemoteWebElement.execute(RemoteWebElement.java:285)
	at org.openqa.selenium.remote.RemoteWebElement.clear(RemoteWebElement.java:124)
	at java.base/jdk.internal.reflect.NativeMethodAccessorImpl.invoke0(Native Method)
	at java.base/jdk.internal.reflect.NativeMethodAccessorImpl.invoke(NativeMethodAccessorImpl.java:77)
	at java.base/jdk.internal.reflect.DelegatingMethodAccessorImpl.invoke(DelegatingMethodAccessorImpl.java:43)
	at java.base/java.lang.reflect.Method.invoke(Method.java:568)
	at org.openqa.selenium.support.pagefactory.internal.LocatingElementHandler.invoke(LocatingElementHandler.java:51)
	at jdk.proxy2/jdk.proxy2.$Proxy27.clear(Unknown Source)
	at pages.ArrayPage.enterPracticeEditorCode(ArrayPage.java:97)
	at stepDefinitions.DataStructureAllPages_StepDef.the_user_enter_valid_python_in_try_editor_from_sheet_for_search_the_array_question(DataStructureAllPages_StepDef.java:146)
	at ✽.The user enter valid python &quot;code&quot; in tryEditor from sheet for search the array question(file:///C:/Users/madhu/git/Ds-Algo-QualityQuest/src/test/resources/features/Array.feature:126)
</div></td></tr></table><p class="totop"><a href="#summary">back to summary</a></p>
<h3 id="m7">testRunner.MyTestRunner#runScenario</h3><table class="result"><tr class="param"><th>Parameter #1</th><th>Parameter #2</th></tr><tr class="param stripe"><td>&quot;The user is able to navigate to Implementation using collections.deque link page&quot;</td><td>&quot;Queue Page&quot;</td></tr><tr><th colspan="2">Exception</th></tr><tr><td colspan="2"><div class="stacktrace">org.openqa.selenium.NoSuchSessionException: Session ID is null. Using WebDriver after calling quit()?
Build info: version: &apos;3.141.59&apos;, revision: &apos;e82be7d358&apos;, time: &apos;2018-11-14T08:17:03&apos;
System info: host: &apos;LAPTOP-EGII9MOL&apos;, ip: &apos;192.168.0.105&apos;, os.name: &apos;Windows 11&apos;, os.arch: &apos;amd64&apos;, os.version: &apos;10.0&apos;, java.version: &apos;17.0.8&apos;
Driver info: driver.version: RemoteWebDriver
	at org.openqa.selenium.remote.HttpCommandExecutor.execute(HttpCommandExecutor.java:125)
	at org.openqa.selenium.remote.service.DriverCommandExecutor.execute(DriverCommandExecutor.java:83)
	at org.openqa.selenium.remote.RemoteWebDriver.execute(RemoteWebDriver.java:552)
	at org.openqa.selenium.remote.RemoteWebDriver.get(RemoteWebDriver.java:277)
	at pages.LoginPage.userLogin(LoginPage.java:77)
	at stepDefinitions.DataStructureAllPages_StepDef.the_user_is_on_the_queue_introduction_after_logged_in(DataStructureAllPages_StepDef.java:375)
	at ✽.The user is on the Queue Introduction after logged in(file:///C:/Users/madhu/git/Ds-Algo-QualityQuest/src/test/resources/features/Queue.feature:24)
</div></td></tr></table><p class="totop"><a href="#summary">back to summary</a></p>
<h3 id="m8">testRunner.MyTestRunner#runScenario</h3><table class="result"><tr class="param"><th>Parameter #1</th><th>Parameter #2</th></tr><tr class="param stripe"><td>&quot;The user is presented with error message for code with invalid syntax in tryEditor for Tree Traversals page&quot;</td><td>&quot;Tree Page&quot;</td></tr><tr><th colspan="2">Exception</th></tr><tr><td colspan="2"><div class="stacktrace">org.openqa.selenium.NoSuchSessionException: Session ID is null. Using WebDriver after calling quit()?
Build info: version: &apos;3.141.59&apos;, revision: &apos;e82be7d358&apos;, time: &apos;2018-11-14T08:17:03&apos;
System info: host: &apos;LAPTOP-EGII9MOL&apos;, ip: &apos;192.168.0.105&apos;, os.name: &apos;Windows 11&apos;, os.arch: &apos;amd64&apos;, os.version: &apos;10.0&apos;, java.version: &apos;17.0.8&apos;
Driver info: driver.version: RemoteWebDriver
	at org.openqa.selenium.remote.HttpCommandExecutor.execute(HttpCommandExecutor.java:125)
	at org.openqa.selenium.remote.service.DriverCommandExecutor.execute(DriverCommandExecutor.java:83)
	at org.openqa.selenium.remote.RemoteWebDriver.execute(RemoteWebDriver.java:552)
	at org.openqa.selenium.remote.RemoteWebDriver.get(RemoteWebDriver.java:277)
	at pages.LoginPage.userLogin(LoginPage.java:77)
	at stepDefinitions.DataStructureAllPages_StepDef.the_user_is_on_the_tree_introduction_after_logged_in(DataStructureAllPages_StepDef.java:456)
	at ✽.The user is on the Tree Introduction after logged in(file:///C:/Users/madhu/git/Ds-Algo-QualityQuest/src/test/resources/features/Tree.feature:71)
</div></td></tr></table><p class="totop"><a href="#summary">back to summary</a></p>
<h3 id="m9">testRunner.MyTestRunner#runScenario</h3><table class="result"><tr class="param"><th>Parameter #1</th><th>Parameter #2</th></tr><tr class="param stripe"><td>&quot;The user is presented with error message for code with invalid syntax in tryEditor for Queue Operations page&quot;</td><td>&quot;Queue Page&quot;</td></tr><tr><th colspan="2">Exception</th></tr><tr><td colspan="2"><div class="stacktrace">org.openqa.selenium.NoSuchSessionException: Session ID is null. Using WebDriver after calling quit()?
Build info: version: &apos;3.141.59&apos;, revision: &apos;e82be7d358&apos;, time: &apos;2018-11-14T08:17:03&apos;
System info: host: &apos;LAPTOP-EGII9MOL&apos;, ip: &apos;192.168.0.105&apos;, os.name: &apos;Windows 11&apos;, os.arch: &apos;amd64&apos;, os.version: &apos;10.0&apos;, java.version: &apos;17.0.8&apos;
Driver info: driver.version: RemoteWebDriver
	at org.openqa.selenium.remote.HttpCommandExecutor.execute(HttpCommandExecutor.java:125)
	at org.openqa.selenium.remote.service.DriverCommandExecutor.execute(DriverCommandExecutor.java:83)
	at org.openqa.selenium.remote.RemoteWebDriver.execute(RemoteWebDriver.java:552)
	at org.openqa.selenium.remote.RemoteWebDriver.get(RemoteWebDriver.java:277)
	at pages.LoginPage.userLogin(LoginPage.java:77)
	at stepDefinitions.DataStructureAllPages_StepDef.the_user_is_on_the_queue_introduction_after_logged_in(DataStructureAllPages_StepDef.java:375)
	at ✽.The user is on the Queue Introduction after logged in(file:///C:/Users/madhu/git/Ds-Algo-QualityQuest/src/test/resources/features/Queue.feature:69)
</div></td></tr></table><p class="totop"><a href="#summary">back to summary</a></p>
<h3 id="m10">testRunner.MyTestRunner#runScenario</h3><table class="result"><tr class="param"><th>Parameter #1</th><th>Parameter #2</th></tr><tr class="param stripe"><td>&quot;The user is presented with error message for code with invalid syntax in tryEditor for Arrays Using List page&quot;</td><td>&quot;Array Page&quot;</td></tr><tr><th colspan="2">Exception</th></tr><tr><td colspan="2"><div class="stacktrace">org.openqa.selenium.UnhandledAlertException: unexpected alert open: {Alert text : SyntaxError: bad input on line 1}
  (Session info: chrome=116.0.5845.141): SyntaxError: bad input on line 1
Build info: version: &apos;3.141.59&apos;, revision: &apos;e82be7d358&apos;, time: &apos;2018-11-14T08:17:03&apos;
System info: host: &apos;LAPTOP-EGII9MOL&apos;, ip: &apos;192.168.0.105&apos;, os.name: &apos;Windows 11&apos;, os.arch: &apos;amd64&apos;, os.version: &apos;10.0&apos;, java.version: &apos;17.0.8&apos;
Driver info: org.openqa.selenium.chrome.ChromeDriver
Capabilities {acceptInsecureCerts: false, browserName: chrome, browserVersion: 116.0.5845.141, chrome: {chromedriverVersion: 116.0.5845.96 (1a3918166880..., userDataDir: C:\Users\madhu\AppData\Loca...}, fedcm:accounts: true, goog:chromeOptions: {debuggerAddress: localhost:56881}, javascriptEnabled: true, networkConnectionEnabled: false, pageLoadStrategy: normal, platform: WINDOWS, platformName: WINDOWS, proxy: Proxy(), setWindowRect: true, strictFileInteractability: false, timeouts: {implicit: 0, pageLoad: 300000, script: 30000}, unhandledPromptBehavior: dismiss and notify, webauthn:extension:credBlob: true, webauthn:extension:largeBlob: true, webauthn:extension:minPinLength: true, webauthn:extension:prf: true, webauthn:virtualAuthenticators: true}
Session ID: c0065da10424b490dbf0e016f54e2048
*** Element info: {Using=id, value=output}
	at org.openqa.selenium.remote.http.W3CHttpResponseCodec.decode(W3CHttpResponseCodec.java:120)
	at org.openqa.selenium.remote.http.W3CHttpResponseCodec.decode(W3CHttpResponseCodec.java:49)
	at org.openqa.selenium.remote.HttpCommandExecutor.execute(HttpCommandExecutor.java:158)
	at org.openqa.selenium.remote.service.DriverCommandExecutor.execute(DriverCommandExecutor.java:83)
	at org.openqa.selenium.remote.RemoteWebDriver.execute(RemoteWebDriver.java:552)
	at org.openqa.selenium.remote.RemoteWebDriver.findElement(RemoteWebDriver.java:323)
	at org.openqa.selenium.remote.RemoteWebDriver.findElementById(RemoteWebDriver.java:372)
	at org.openqa.selenium.By$ById.findElement(By.java:188)
	at org.openqa.selenium.remote.RemoteWebDriver.findElement(RemoteWebDriver.java:315)
	at org.openqa.selenium.support.pagefactory.DefaultElementLocator.findElement(DefaultElementLocator.java:69)
	at org.openqa.selenium.support.pagefactory.internal.LocatingElementHandler.invoke(LocatingElementHandler.java:38)
	at jdk.proxy2/jdk.proxy2.$Proxy27.isDisplayed(Unknown Source)
	at pages.CommonCode.verifyEditorResult(CommonCode.java:78)
	at stepDefinitions.DataStructureAllPages_StepDef.the_user_should_be_presented_with_run_result(DataStructureAllPages_StepDef.java:117)
	at ✽.The user should be presented with Run result(file:///C:/Users/madhu/git/Ds-Algo-QualityQuest/src/test/resources/features/Array.feature:40)
</div></td></tr></table><p class="totop"><a href="#summary">back to summary</a></p>
<h3 id="m11">testRunner.MyTestRunner#runScenario</h3><table class="result"><tr class="param"><th>Parameter #1</th><th>Parameter #2</th></tr><tr class="param stripe"><td>&quot;Verifying Signin link in Home page&quot;</td><td>&quot;Home Page&quot;</td></tr><tr><th colspan="2">Exception</th></tr><tr><td colspan="2"><div class="stacktrace">org.openqa.selenium.NoSuchSessionException: Session ID is null. Using WebDriver after calling quit()?
Build info: version: &apos;3.141.59&apos;, revision: &apos;e82be7d358&apos;, time: &apos;2018-11-14T08:17:03&apos;
System info: host: &apos;LAPTOP-EGII9MOL&apos;, ip: &apos;192.168.0.105&apos;, os.name: &apos;Windows 11&apos;, os.arch: &apos;amd64&apos;, os.version: &apos;10.0&apos;, java.version: &apos;17.0.8&apos;
Driver info: driver.version: RemoteWebDriver
	at org.openqa.selenium.remote.HttpCommandExecutor.execute(HttpCommandExecutor.java:125)
	at org.openqa.selenium.remote.service.DriverCommandExecutor.execute(DriverCommandExecutor.java:83)
	at org.openqa.selenium.remote.RemoteWebDriver.execute(RemoteWebDriver.java:552)
	at org.openqa.selenium.remote.RemoteWebDriver.get(RemoteWebDriver.java:277)
	at pages.HomePage.LoggedOutHomePage(HomePage.java:38)
	at stepDefinitions.Home_StepDef.the_user_is_on_the_home_page(Home_StepDef.java:45)
	at ✽.The user is on the Home page(file:///C:/Users/madhu/git/Ds-Algo-QualityQuest/src/test/resources/features/Home.feature:9)
</div></td></tr></table><p class="totop"><a href="#summary">back to summary</a></p>
<h3 id="m12">testRunner.MyTestRunner#runScenario</h3><table class="result"><tr class="param"><th>Parameter #1</th><th>Parameter #2</th></tr><tr class="param stripe"><td>&quot;The user is able to navigate to Applications of Binary trees link page&quot;</td><td>&quot;Tree Page&quot;</td></tr><tr><th colspan="2">Exception</th></tr><tr><td colspan="2"><div class="stacktrace">org.openqa.selenium.NoSuchSessionException: Session ID is null. Using WebDriver after calling quit()?
Build info: version: &apos;3.141.59&apos;, revision: &apos;e82be7d358&apos;, time: &apos;2018-11-14T08:17:03&apos;
System info: host: &apos;LAPTOP-EGII9MOL&apos;, ip: &apos;192.168.0.105&apos;, os.name: &apos;Windows 11&apos;, os.arch: &apos;amd64&apos;, os.version: &apos;10.0&apos;, java.version: &apos;17.0.8&apos;
Driver info: driver.version: RemoteWebDriver
	at org.openqa.selenium.remote.HttpCommandExecutor.execute(HttpCommandExecutor.java:125)
	at org.openqa.selenium.remote.service.DriverCommandExecutor.execute(DriverCommandExecutor.java:83)
	at org.openqa.selenium.remote.RemoteWebDriver.execute(RemoteWebDriver.java:552)
	at org.openqa.selenium.remote.RemoteWebDriver.get(RemoteWebDriver.java:277)
	at pages.LoginPage.userLogin(LoginPage.java:77)
	at stepDefinitions.DataStructureAllPages_StepDef.the_user_is_on_the_tree_introduction_after_logged_in(DataStructureAllPages_StepDef.java:456)
	at ✽.The user is on the Tree Introduction after logged in(file:///C:/Users/madhu/git/Ds-Algo-QualityQuest/src/test/resources/features/Tree.feature:201)
</div></td></tr></table><p class="totop"><a href="#summary">back to summary</a></p>
<h3 id="m13">testRunner.MyTestRunner#runScenario</h3><table class="result"><tr class="param"><th>Parameter #1</th><th>Parameter #2</th></tr><tr class="param stripe"><td>&quot;The user is able to navigate to Insertion link page&quot;</td><td>&quot;LinkedList Page&quot;</td></tr><tr><th colspan="2">Exception</th></tr><tr><td colspan="2"><div class="stacktrace">org.openqa.selenium.NoSuchSessionException: Session ID is null. Using WebDriver after calling quit()?
Build info: version: &apos;3.141.59&apos;, revision: &apos;e82be7d358&apos;, time: &apos;2018-11-14T08:17:03&apos;
System info: host: &apos;LAPTOP-EGII9MOL&apos;, ip: &apos;192.168.0.105&apos;, os.name: &apos;Windows 11&apos;, os.arch: &apos;amd64&apos;, os.version: &apos;10.0&apos;, java.version: &apos;17.0.8&apos;
Driver info: driver.version: RemoteWebDriver
	at org.openqa.selenium.remote.HttpCommandExecutor.execute(HttpCommandExecutor.java:125)
	at org.openqa.selenium.remote.service.DriverCommandExecutor.execute(DriverCommandExecutor.java:83)
	at org.openqa.selenium.remote.RemoteWebDriver.execute(RemoteWebDriver.java:552)
	at org.openqa.selenium.remote.RemoteWebDriver.get(RemoteWebDriver.java:277)
	at pages.LoginPage.userLogin(LoginPage.java:77)
	at stepDefinitions.DataStructureAllPages_StepDef.the_user_is_on_the_linked_list_page_after_logged_in(DataStructureAllPages_StepDef.java:312)
	at ✽.The user is on the Linked List page after logged in(file:///C:/Users/madhu/git/Ds-Algo-QualityQuest/src/test/resources/features/LinkedList.feature:102)
</div></td></tr></table><p class="totop"><a href="#summary">back to summary</a></p>
<h3 id="m14">testRunner.MyTestRunner#runScenario</h3><table class="result"><tr class="param"><th>Parameter #1</th><th>Parameter #2</th></tr><tr class="param stripe"><td>&quot;The user is able to navigate to Implementation of Queue in Python link page&quot;</td><td>&quot;Queue Page&quot;</td></tr><tr><th colspan="2">Exception</th></tr><tr><td colspan="2"><div class="stacktrace">org.openqa.selenium.NoSuchSessionException: Session ID is null. Using WebDriver after calling quit()?
Build info: version: &apos;3.141.59&apos;, revision: &apos;e82be7d358&apos;, time: &apos;2018-11-14T08:17:03&apos;
System info: host: &apos;LAPTOP-EGII9MOL&apos;, ip: &apos;192.168.0.105&apos;, os.name: &apos;Windows 11&apos;, os.arch: &apos;amd64&apos;, os.version: &apos;10.0&apos;, java.version: &apos;17.0.8&apos;
Driver info: driver.version: RemoteWebDriver
	at org.openqa.selenium.remote.HttpCommandExecutor.execute(HttpCommandExecutor.java:125)
	at org.openqa.selenium.remote.service.DriverCommandExecutor.execute(DriverCommandExecutor.java:83)
	at org.openqa.selenium.remote.RemoteWebDriver.execute(RemoteWebDriver.java:552)
	at org.openqa.selenium.remote.RemoteWebDriver.get(RemoteWebDriver.java:277)
	at pages.LoginPage.userLogin(LoginPage.java:77)
	at stepDefinitions.DataStructureAllPages_StepDef.the_user_is_on_the_queue_introduction_after_logged_in(DataStructureAllPages_StepDef.java:375)
	at ✽.The user is on the Queue Introduction after logged in(file:///C:/Users/madhu/git/Ds-Algo-QualityQuest/src/test/resources/features/Queue.feature:6)
</div></td></tr></table><p class="totop"><a href="#summary">back to summary</a></p>
<h3 id="m15">testRunner.MyTestRunner#runScenario</h3><table class="result"><tr class="param"><th>Parameter #1</th><th>Parameter #2</th></tr><tr class="param stripe"><td>&quot;The user is able to navigate to Applications link page&quot;</td><td>&quot;Stack Page&quot;</td></tr><tr><th colspan="2">Exception</th></tr><tr><td colspan="2"><div class="stacktrace">org.openqa.selenium.NoSuchSessionException: Session ID is null. Using WebDriver after calling quit()?
Build info: version: &apos;3.141.59&apos;, revision: &apos;e82be7d358&apos;, time: &apos;2018-11-14T08:17:03&apos;
System info: host: &apos;LAPTOP-EGII9MOL&apos;, ip: &apos;192.168.0.105&apos;, os.name: &apos;Windows 11&apos;, os.arch: &apos;amd64&apos;, os.version: &apos;10.0&apos;, java.version: &apos;17.0.8&apos;
Driver info: driver.version: RemoteWebDriver
	at org.openqa.selenium.remote.HttpCommandExecutor.execute(HttpCommandExecutor.java:125)
	at org.openqa.selenium.remote.service.DriverCommandExecutor.execute(DriverCommandExecutor.java:83)
	at org.openqa.selenium.remote.RemoteWebDriver.execute(RemoteWebDriver.java:552)
	at org.openqa.selenium.remote.RemoteWebDriver.get(RemoteWebDriver.java:277)
	at pages.LoginPage.userLogin(LoginPage.java:77)
	at stepDefinitions.DataStructureAllPages_StepDef.the_user_is_on_the_stack_introduction_after_logged_in(DataStructureAllPages_StepDef.java:419)
	at ✽.The user is on the Stack Introduction after logged in(file:///C:/Users/madhu/git/Ds-Algo-QualityQuest/src/test/resources/features/Stack.feature:42)
</div></td></tr></table><p class="totop"><a href="#summary">back to summary</a></p>
<h3 id="m16">testRunner.MyTestRunner#runScenario</h3><table class="result"><tr class="param"><th>Parameter #1</th><th>Parameter #2</th></tr><tr class="param stripe"><td>&quot;The user is presented with error message for code with invalid syntax in tryEditor for Graph Representations page&quot;</td><td>&quot;Graph Page&quot;</td></tr><tr><th colspan="2">Exception</th></tr><tr><td colspan="2"><div class="stacktrace">org.openqa.selenium.NoSuchSessionException: Session ID is null. Using WebDriver after calling quit()?
Build info: version: &apos;3.141.59&apos;, revision: &apos;e82be7d358&apos;, time: &apos;2018-11-14T08:17:03&apos;
System info: host: &apos;LAPTOP-EGII9MOL&apos;, ip: &apos;192.168.0.105&apos;, os.name: &apos;Windows 11&apos;, os.arch: &apos;amd64&apos;, os.version: &apos;10.0&apos;, java.version: &apos;17.0.8&apos;
Driver info: driver.version: RemoteWebDriver
	at org.openqa.selenium.remote.HttpCommandExecutor.execute(HttpCommandExecutor.java:125)
	at org.openqa.selenium.remote.service.DriverCommandExecutor.execute(DriverCommandExecutor.java:83)
	at org.openqa.selenium.remote.RemoteWebDriver.execute(RemoteWebDriver.java:552)
	at org.openqa.selenium.remote.RemoteWebDriver.get(RemoteWebDriver.java:277)
	at pages.LoginPage.userLogin(LoginPage.java:77)
	at stepDefinitions.DataStructureAllPages_StepDef.the_user_is_on_the_graph_introduction_after_logged_in(DataStructureAllPages_StepDef.java:276)
	at ✽.The user is on the Graph Introduction after logged in(file:///C:/Users/madhu/git/Ds-Algo-QualityQuest/src/test/resources/features/Graph.feature:32)
</div></td></tr></table><p class="totop"><a href="#summary">back to summary</a></p>
<h3 id="m17">testRunner.MyTestRunner#runScenario</h3><table class="result"><tr class="param"><th>Parameter #1</th><th>Parameter #2</th></tr><tr class="param stripe"><td>&quot;The user is able to submit code in tryEditor for Max Consecutive Ones&quot;</td><td>&quot;Array Page&quot;</td></tr><tr><th colspan="2">Exception</th></tr><tr><td colspan="2"><div class="stacktrace">org.openqa.selenium.ElementNotInteractableException: element not interactable
  (Session info: chrome=116.0.5845.141)
Build info: version: &apos;3.141.59&apos;, revision: &apos;e82be7d358&apos;, time: &apos;2018-11-14T08:17:03&apos;
System info: host: &apos;LAPTOP-EGII9MOL&apos;, ip: &apos;192.168.0.105&apos;, os.name: &apos;Windows 11&apos;, os.arch: &apos;amd64&apos;, os.version: &apos;10.0&apos;, java.version: &apos;17.0.8&apos;
Driver info: org.openqa.selenium.chrome.ChromeDriver
Capabilities {acceptInsecureCerts: false, browserName: chrome, browserVersion: 116.0.5845.141, chrome: {chromedriverVersion: 116.0.5845.96 (1a3918166880..., userDataDir: C:\Users\madhu\AppData\Loca...}, fedcm:accounts: true, goog:chromeOptions: {debuggerAddress: localhost:56831}, javascriptEnabled: true, networkConnectionEnabled: false, pageLoadStrategy: normal, platform: WINDOWS, platformName: WINDOWS, proxy: Proxy(), setWindowRect: true, strictFileInteractability: false, timeouts: {implicit: 0, pageLoad: 300000, script: 30000}, unhandledPromptBehavior: dismiss and notify, webauthn:extension:credBlob: true, webauthn:extension:largeBlob: true, webauthn:extension:minPinLength: true, webauthn:extension:prf: true, webauthn:virtualAuthenticators: true}
Session ID: c838f9f7d278d280d477844bc1b01ffb
	at java.base/jdk.internal.reflect.NativeConstructorAccessorImpl.newInstance0(Native Method)
	at java.base/jdk.internal.reflect.NativeConstructorAccessorImpl.newInstance(NativeConstructorAccessorImpl.java:77)
	at java.base/jdk.internal.reflect.DelegatingConstructorAccessorImpl.newInstance(DelegatingConstructorAccessorImpl.java:45)
	at java.base/java.lang.reflect.Constructor.newInstanceWithCaller(Constructor.java:499)
	at java.base/java.lang.reflect.Constructor.newInstance(Constructor.java:480)
	at org.openqa.selenium.remote.http.W3CHttpResponseCodec.createException(W3CHttpResponseCodec.java:187)
	at org.openqa.selenium.remote.http.W3CHttpResponseCodec.decode(W3CHttpResponseCodec.java:122)
	at org.openqa.selenium.remote.http.W3CHttpResponseCodec.decode(W3CHttpResponseCodec.java:49)
	at org.openqa.selenium.remote.HttpCommandExecutor.execute(HttpCommandExecutor.java:158)
	at org.openqa.selenium.remote.service.DriverCommandExecutor.execute(DriverCommandExecutor.java:83)
	at org.openqa.selenium.remote.RemoteWebDriver.execute(RemoteWebDriver.java:552)
	at org.openqa.selenium.remote.RemoteWebElement.execute(RemoteWebElement.java:285)
	at org.openqa.selenium.remote.RemoteWebElement.clear(RemoteWebElement.java:124)
	at java.base/jdk.internal.reflect.NativeMethodAccessorImpl.invoke0(Native Method)
	at java.base/jdk.internal.reflect.NativeMethodAccessorImpl.invoke(NativeMethodAccessorImpl.java:77)
	at java.base/jdk.internal.reflect.DelegatingMethodAccessorImpl.invoke(DelegatingMethodAccessorImpl.java:43)
	at java.base/java.lang.reflect.Method.invoke(Method.java:568)
	at org.openqa.selenium.support.pagefactory.internal.LocatingElementHandler.invoke(LocatingElementHandler.java:51)
	at jdk.proxy2/jdk.proxy2.$Proxy27.clear(Unknown Source)
	at pages.ArrayPage.enterPracticeEditorCode(ArrayPage.java:97)
	at stepDefinitions.DataStructureAllPages_StepDef.the_user_enter_valid_python_in_try_editor_from_sheet_for_max_consecutive_ones_question(DataStructureAllPages_StepDef.java:172)
	at ✽.The user enter valid python &quot;code&quot; in tryEditor from sheet for max consecutive ones question(file:///C:/Users/madhu/git/Ds-Algo-QualityQuest/src/test/resources/features/Array.feature:137)
</div></td></tr></table><p class="totop"><a href="#summary">back to summary</a></p>
<h3 id="m18">testRunner.MyTestRunner#runScenario</h3><table class="result"><tr class="param"><th>Parameter #1</th><th>Parameter #2</th></tr><tr class="param stripe"><td>&quot;The user is presented with error message for empty Username textbox&quot;</td><td>&quot;Register Page&quot;</td></tr><tr><th colspan="2">Exception</th></tr><tr><td colspan="2"><div class="stacktrace">org.openqa.selenium.NoSuchSessionException: Session ID is null. Using WebDriver after calling quit()?
Build info: version: &apos;3.141.59&apos;, revision: &apos;e82be7d358&apos;, time: &apos;2018-11-14T08:17:03&apos;
System info: host: &apos;LAPTOP-EGII9MOL&apos;, ip: &apos;192.168.0.105&apos;, os.name: &apos;Windows 11&apos;, os.arch: &apos;amd64&apos;, os.version: &apos;10.0&apos;, java.version: &apos;17.0.8&apos;
Driver info: driver.version: RemoteWebDriver
	at org.openqa.selenium.remote.HttpCommandExecutor.execute(HttpCommandExecutor.java:125)
	at org.openqa.selenium.remote.service.DriverCommandExecutor.execute(DriverCommandExecutor.java:83)
	at org.openqa.selenium.remote.RemoteWebDriver.execute(RemoteWebDriver.java:552)
	at org.openqa.selenium.remote.RemoteWebDriver.execute(RemoteWebDriver.java:609)
	at org.openqa.selenium.remote.RemoteWebDriver.getCurrentUrl(RemoteWebDriver.java:287)
	at pages.RegisterPage.verifyRegisterPage(RegisterPage.java:46)
	at stepDefinitions.Register_StepDef.the_user_is_in_register_page(Register_StepDef.java:29)
	at ✽.The user is in Register Page(file:///C:/Users/madhu/git/Ds-Algo-QualityQuest/src/test/resources/features/Register.feature:17)
</div></td></tr></table><p class="totop"><a href="#summary">back to summary</a></p>
<h3 id="m19">testRunner.MyTestRunner#runScenario</h3><table class="result"><tr class="param"><th>Parameter #1</th><th>Parameter #2</th></tr><tr class="param stripe"><td>&quot;Verifying Register link in Home page&quot;</td><td>&quot;Home Page&quot;</td></tr><tr><th colspan="2">Exception</th></tr><tr><td colspan="2"><div class="stacktrace">org.openqa.selenium.NoSuchSessionException: Session ID is null. Using WebDriver after calling quit()?
Build info: version: &apos;3.141.59&apos;, revision: &apos;e82be7d358&apos;, time: &apos;2018-11-14T08:17:03&apos;
System info: host: &apos;LAPTOP-EGII9MOL&apos;, ip: &apos;192.168.0.105&apos;, os.name: &apos;Windows 11&apos;, os.arch: &apos;amd64&apos;, os.version: &apos;10.0&apos;, java.version: &apos;17.0.8&apos;
Driver info: driver.version: RemoteWebDriver
	at org.openqa.selenium.remote.HttpCommandExecutor.execute(HttpCommandExecutor.java:125)
	at org.openqa.selenium.remote.service.DriverCommandExecutor.execute(DriverCommandExecutor.java:83)
	at org.openqa.selenium.remote.RemoteWebDriver.execute(RemoteWebDriver.java:552)
	at org.openqa.selenium.remote.RemoteWebDriver.get(RemoteWebDriver.java:277)
	at pages.HomePage.LoggedOutHomePage(HomePage.java:38)
	at stepDefinitions.Home_StepDef.the_user_is_on_the_home_page(Home_StepDef.java:45)
	at ✽.The user is on the Home page(file:///C:/Users/madhu/git/Ds-Algo-QualityQuest/src/test/resources/features/Home.feature:4)
</div></td></tr></table><p class="totop"><a href="#summary">back to summary</a></p>
<h3 id="m20">testRunner.MyTestRunner#runScenario</h3><table class="result"><tr class="param"><th>Parameter #1</th><th>Parameter #2</th></tr><tr class="param stripe"><td>&quot;The user is able to navigate to Types of Linked List link page&quot;</td><td>&quot;LinkedList Page&quot;</td></tr><tr><th colspan="2">Exception</th></tr><tr><td colspan="2"><div class="stacktrace">org.openqa.selenium.NoSuchSessionException: Session ID is null. Using WebDriver after calling quit()?
Build info: version: &apos;3.141.59&apos;, revision: &apos;e82be7d358&apos;, time: &apos;2018-11-14T08:17:03&apos;
System info: host: &apos;LAPTOP-EGII9MOL&apos;, ip: &apos;192.168.0.105&apos;, os.name: &apos;Windows 11&apos;, os.arch: &apos;amd64&apos;, os.version: &apos;10.0&apos;, java.version: &apos;17.0.8&apos;
Driver info: driver.version: RemoteWebDriver
	at org.openqa.selenium.remote.HttpCommandExecutor.execute(HttpCommandExecutor.java:125)
	at org.openqa.selenium.remote.service.DriverCommandExecutor.execute(DriverCommandExecutor.java:83)
	at org.openqa.selenium.remote.RemoteWebDriver.execute(RemoteWebDriver.java:552)
	at org.openqa.selenium.remote.RemoteWebDriver.get(RemoteWebDriver.java:277)
	at pages.LoginPage.userLogin(LoginPage.java:77)
	at stepDefinitions.DataStructureAllPages_StepDef.the_user_is_on_the_linked_list_page_after_logged_in(DataStructureAllPages_StepDef.java:312)
	at ✽.The user is on the Linked List page after logged in(file:///C:/Users/madhu/git/Ds-Algo-QualityQuest/src/test/resources/features/LinkedList.feature:43)
</div></td></tr></table><p class="totop"><a href="#summary">back to summary</a></p>
<h3 id="m21">testRunner.MyTestRunner#runScenario</h3><table class="result"><tr class="param"><th>Parameter #1</th><th>Parameter #2</th></tr><tr class="param stripe"><td>&quot;The user is presented with error message for code with invalid syntax in tryEditor for Overview of Trees page&quot;</td><td>&quot;Tree Page&quot;</td></tr><tr><th colspan="2">Exception</th></tr><tr><td colspan="2"><div class="stacktrace">org.openqa.selenium.NoSuchSessionException: Session ID is null. Using WebDriver after calling quit()?
Build info: version: &apos;3.141.59&apos;, revision: &apos;e82be7d358&apos;, time: &apos;2018-11-14T08:17:03&apos;
System info: host: &apos;LAPTOP-EGII9MOL&apos;, ip: &apos;192.168.0.105&apos;, os.name: &apos;Windows 11&apos;, os.arch: &apos;amd64&apos;, os.version: &apos;10.0&apos;, java.version: &apos;17.0.8&apos;
Driver info: driver.version: RemoteWebDriver
	at org.openqa.selenium.remote.HttpCommandExecutor.execute(HttpCommandExecutor.java:125)
	at org.openqa.selenium.remote.service.DriverCommandExecutor.execute(DriverCommandExecutor.java:83)
	at org.openqa.selenium.remote.RemoteWebDriver.execute(RemoteWebDriver.java:552)
	at org.openqa.selenium.remote.RemoteWebDriver.get(RemoteWebDriver.java:277)
	at pages.LoginPage.userLogin(LoginPage.java:77)
	at stepDefinitions.DataStructureAllPages_StepDef.the_user_is_on_the_tree_introduction_after_logged_in(DataStructureAllPages_StepDef.java:456)
	at ✽.The user is on the Tree Introduction after logged in(file:///C:/Users/madhu/git/Ds-Algo-QualityQuest/src/test/resources/features/Tree.feature:15)
</div></td></tr></table><p class="totop"><a href="#summary">back to summary</a></p>
<h3 id="m22">testRunner.MyTestRunner#runScenario</h3><table class="result"><tr class="param"><th>Parameter #1</th><th>Parameter #2</th></tr><tr class="param stripe"><td>&quot;The user is presented with error message for code with invalid syntax in tryEditor for Basic Operations in Lists page&quot;</td><td>&quot;Array Page&quot;</td></tr><tr><th colspan="2">Exception</th></tr><tr><td colspan="2"><div class="stacktrace">org.openqa.selenium.UnhandledAlertException: unexpected alert open: {Alert text : SyntaxError: bad input on line 1}
  (Session info: chrome=116.0.5845.141): SyntaxError: bad input on line 1
Build info: version: &apos;3.141.59&apos;, revision: &apos;e82be7d358&apos;, time: &apos;2018-11-14T08:17:03&apos;
System info: host: &apos;LAPTOP-EGII9MOL&apos;, ip: &apos;192.168.0.105&apos;, os.name: &apos;Windows 11&apos;, os.arch: &apos;amd64&apos;, os.version: &apos;10.0&apos;, java.version: &apos;17.0.8&apos;
Driver info: org.openqa.selenium.chrome.ChromeDriver
Capabilities {acceptInsecureCerts: false, browserName: chrome, browserVersion: 116.0.5845.141, chrome: {chromedriverVersion: 116.0.5845.96 (1a3918166880..., userDataDir: C:\Users\madhu\AppData\Loca...}, fedcm:accounts: true, goog:chromeOptions: {debuggerAddress: localhost:56831}, javascriptEnabled: true, networkConnectionEnabled: false, pageLoadStrategy: normal, platform: WINDOWS, platformName: WINDOWS, proxy: Proxy(), setWindowRect: true, strictFileInteractability: false, timeouts: {implicit: 0, pageLoad: 300000, script: 30000}, unhandledPromptBehavior: dismiss and notify, webauthn:extension:credBlob: true, webauthn:extension:largeBlob: true, webauthn:extension:minPinLength: true, webauthn:extension:prf: true, webauthn:virtualAuthenticators: true}
Session ID: c838f9f7d278d280d477844bc1b01ffb
*** Element info: {Using=id, value=output}
	at org.openqa.selenium.remote.http.W3CHttpResponseCodec.decode(W3CHttpResponseCodec.java:120)
	at org.openqa.selenium.remote.http.W3CHttpResponseCodec.decode(W3CHttpResponseCodec.java:49)
	at org.openqa.selenium.remote.HttpCommandExecutor.execute(HttpCommandExecutor.java:158)
	at org.openqa.selenium.remote.service.DriverCommandExecutor.execute(DriverCommandExecutor.java:83)
	at org.openqa.selenium.remote.RemoteWebDriver.execute(RemoteWebDriver.java:552)
	at org.openqa.selenium.remote.RemoteWebDriver.findElement(RemoteWebDriver.java:323)
	at org.openqa.selenium.remote.RemoteWebDriver.findElementById(RemoteWebDriver.java:372)
	at org.openqa.selenium.By$ById.findElement(By.java:188)
	at org.openqa.selenium.remote.RemoteWebDriver.findElement(RemoteWebDriver.java:315)
	at org.openqa.selenium.support.pagefactory.DefaultElementLocator.findElement(DefaultElementLocator.java:69)
	at org.openqa.selenium.support.pagefactory.internal.LocatingElementHandler.invoke(LocatingElementHandler.java:38)
	at jdk.proxy2/jdk.proxy2.$Proxy27.isDisplayed(Unknown Source)
	at pages.CommonCode.verifyEditorResult(CommonCode.java:78)
	at stepDefinitions.DataStructureAllPages_StepDef.the_user_should_be_presented_with_run_result(DataStructureAllPages_StepDef.java:117)
	at ✽.The user should be presented with Run result(file:///C:/Users/madhu/git/Ds-Algo-QualityQuest/src/test/resources/features/Array.feature:60)
</div></td></tr></table><p class="totop"><a href="#summary">back to summary</a></p>
<h3 id="m23">testRunner.MyTestRunner#runScenario</h3><table class="result"><tr class="param"><th>Parameter #1</th><th>Parameter #2</th></tr><tr class="param stripe"><td>&quot;The user is presented with error message for code with invalid syntax in tryEditor for Implementation of Binary Trees page&quot;</td><td>&quot;Tree Page&quot;</td></tr><tr><th colspan="2">Exception</th></tr><tr><td colspan="2"><div class="stacktrace">org.openqa.selenium.NoSuchSessionException: Session ID is null. Using WebDriver after calling quit()?
Build info: version: &apos;3.141.59&apos;, revision: &apos;e82be7d358&apos;, time: &apos;2018-11-14T08:17:03&apos;
System info: host: &apos;LAPTOP-EGII9MOL&apos;, ip: &apos;192.168.0.105&apos;, os.name: &apos;Windows 11&apos;, os.arch: &apos;amd64&apos;, os.version: &apos;10.0&apos;, java.version: &apos;17.0.8&apos;
Driver info: driver.version: RemoteWebDriver
	at org.openqa.selenium.remote.HttpCommandExecutor.execute(HttpCommandExecutor.java:125)
	at org.openqa.selenium.remote.service.DriverCommandExecutor.execute(DriverCommandExecutor.java:83)
	at org.openqa.selenium.remote.RemoteWebDriver.execute(RemoteWebDriver.java:552)
	at org.openqa.selenium.remote.RemoteWebDriver.get(RemoteWebDriver.java:277)
	at pages.LoginPage.userLogin(LoginPage.java:77)
	at stepDefinitions.DataStructureAllPages_StepDef.the_user_is_on_the_tree_introduction_after_logged_in(DataStructureAllPages_StepDef.java:456)
	at ✽.The user is on the Tree Introduction after logged in(file:///C:/Users/madhu/git/Ds-Algo-QualityQuest/src/test/resources/features/Tree.feature:190)
</div></td></tr></table><p class="totop"><a href="#summary">back to summary</a></p>
<h3 id="m24">testRunner.MyTestRunner#runScenario</h3><table class="result"><tr class="param"><th>Parameter #1</th><th>Parameter #2</th></tr><tr class="param stripe"><td>&quot;The user is able to navigate to Tree Traversals link page&quot;</td><td>&quot;Tree Page&quot;</td></tr><tr><th colspan="2">Exception</th></tr><tr><td colspan="2"><div class="stacktrace">org.openqa.selenium.NoSuchSessionException: Session ID is null. Using WebDriver after calling quit()?
Build info: version: &apos;3.141.59&apos;, revision: &apos;e82be7d358&apos;, time: &apos;2018-11-14T08:17:03&apos;
System info: host: &apos;LAPTOP-EGII9MOL&apos;, ip: &apos;192.168.0.105&apos;, os.name: &apos;Windows 11&apos;, os.arch: &apos;amd64&apos;, os.version: &apos;10.0&apos;, java.version: &apos;17.0.8&apos;
Driver info: driver.version: RemoteWebDriver
	at org.openqa.selenium.remote.HttpCommandExecutor.execute(HttpCommandExecutor.java:125)
	at org.openqa.selenium.remote.service.DriverCommandExecutor.execute(DriverCommandExecutor.java:83)
	at org.openqa.selenium.remote.RemoteWebDriver.execute(RemoteWebDriver.java:552)
	at org.openqa.selenium.remote.RemoteWebDriver.get(RemoteWebDriver.java:277)
	at pages.LoginPage.userLogin(LoginPage.java:77)
	at stepDefinitions.DataStructureAllPages_StepDef.the_user_is_on_the_tree_introduction_after_logged_in(DataStructureAllPages_StepDef.java:456)
	at ✽.The user is on the Tree Introduction after logged in(file:///C:/Users/madhu/git/Ds-Algo-QualityQuest/src/test/resources/features/Tree.feature:62)
</div></td></tr></table><p class="totop"><a href="#summary">back to summary</a></p>
<h3 id="m25">testRunner.MyTestRunner#runScenario</h3><table class="result"><tr class="param"><th>Parameter #1</th><th>Parameter #2</th></tr><tr class="param stripe"><td>&quot;The user is able to navigate to Binary Trees link page&quot;</td><td>&quot;Tree Page&quot;</td></tr><tr><th colspan="2">Exception</th></tr><tr><td colspan="2"><div class="stacktrace">org.openqa.selenium.NoSuchSessionException: Session ID is null. Using WebDriver after calling quit()?
Build info: version: &apos;3.141.59&apos;, revision: &apos;e82be7d358&apos;, time: &apos;2018-11-14T08:17:03&apos;
System info: host: &apos;LAPTOP-EGII9MOL&apos;, ip: &apos;192.168.0.105&apos;, os.name: &apos;Windows 11&apos;, os.arch: &apos;amd64&apos;, os.version: &apos;10.0&apos;, java.version: &apos;17.0.8&apos;
Driver info: driver.version: RemoteWebDriver
	at org.openqa.selenium.remote.HttpCommandExecutor.execute(HttpCommandExecutor.java:125)
	at org.openqa.selenium.remote.service.DriverCommandExecutor.execute(DriverCommandExecutor.java:83)
	at org.openqa.selenium.remote.RemoteWebDriver.execute(RemoteWebDriver.java:552)
	at org.openqa.selenium.remote.RemoteWebDriver.get(RemoteWebDriver.java:277)
	at pages.LoginPage.userLogin(LoginPage.java:77)
	at stepDefinitions.DataStructureAllPages_StepDef.the_user_is_on_the_tree_introduction_after_logged_in(DataStructureAllPages_StepDef.java:456)
	at ✽.The user is on the Tree Introduction after logged in(file:///C:/Users/madhu/git/Ds-Algo-QualityQuest/src/test/resources/features/Tree.feature:102)
</div></td></tr></table><p class="totop"><a href="#summary">back to summary</a></p>
<h3 id="m26">testRunner.MyTestRunner#runScenario</h3><table class="result"><tr class="param"><th>Parameter #1</th><th>Parameter #2</th></tr><tr class="param stripe"><td>&quot;The user is presented with error message for code with invalid syntax in tryEditor for Implementation in Python page&quot;</td><td>&quot;Tree Page&quot;</td></tr><tr><th colspan="2">Exception</th></tr><tr><td colspan="2"><div class="stacktrace">org.openqa.selenium.NoSuchSessionException: Session ID is null. Using WebDriver after calling quit()?
Build info: version: &apos;3.141.59&apos;, revision: &apos;e82be7d358&apos;, time: &apos;2018-11-14T08:17:03&apos;
System info: host: &apos;LAPTOP-EGII9MOL&apos;, ip: &apos;192.168.0.105&apos;, os.name: &apos;Windows 11&apos;, os.arch: &apos;amd64&apos;, os.version: &apos;10.0&apos;, java.version: &apos;17.0.8&apos;
Driver info: driver.version: RemoteWebDriver
	at org.openqa.selenium.remote.HttpCommandExecutor.execute(HttpCommandExecutor.java:125)
	at org.openqa.selenium.remote.service.DriverCommandExecutor.execute(DriverCommandExecutor.java:83)
	at org.openqa.selenium.remote.RemoteWebDriver.execute(RemoteWebDriver.java:552)
	at org.openqa.selenium.remote.RemoteWebDriver.get(RemoteWebDriver.java:277)
	at pages.LoginPage.userLogin(LoginPage.java:77)
	at stepDefinitions.DataStructureAllPages_StepDef.the_user_is_on_the_tree_introduction_after_logged_in(DataStructureAllPages_StepDef.java:456)
	at ✽.The user is on the Tree Introduction after logged in(file:///C:/Users/madhu/git/Ds-Algo-QualityQuest/src/test/resources/features/Tree.feature:151)
</div></td></tr></table><p class="totop"><a href="#summary">back to summary</a></p>
<h3 id="m27">testRunner.MyTestRunner#runScenario</h3><table class="result"><tr class="param"><th>Parameter #1</th><th>Parameter #2</th></tr><tr class="param stripe"><td>&quot;The user is presented with error message for code with invalid syntax in tryEditor for Implementation Of BST Link page&quot;</td><td>&quot;Tree Page&quot;</td></tr><tr><th colspan="2">Exception</th></tr><tr><td colspan="2"><div class="stacktrace">org.openqa.selenium.NoSuchSessionException: Session ID is null. Using WebDriver after calling quit()?
Build info: version: &apos;3.141.59&apos;, revision: &apos;e82be7d358&apos;, time: &apos;2018-11-14T08:17:03&apos;
System info: host: &apos;LAPTOP-EGII9MOL&apos;, ip: &apos;192.168.0.105&apos;, os.name: &apos;Windows 11&apos;, os.arch: &apos;amd64&apos;, os.version: &apos;10.0&apos;, java.version: &apos;17.0.8&apos;
Driver info: driver.version: RemoteWebDriver
	at org.openqa.selenium.remote.HttpCommandExecutor.execute(HttpCommandExecutor.java:125)
	at org.openqa.selenium.remote.service.DriverCommandExecutor.execute(DriverCommandExecutor.java:83)
	at org.openqa.selenium.remote.RemoteWebDriver.execute(RemoteWebDriver.java:552)
	at org.openqa.selenium.remote.RemoteWebDriver.get(RemoteWebDriver.java:277)
	at pages.LoginPage.userLogin(LoginPage.java:77)
	at stepDefinitions.DataStructureAllPages_StepDef.the_user_is_on_the_tree_introduction_after_logged_in(DataStructureAllPages_StepDef.java:456)
	at ✽.The user is on the Tree Introduction after logged in(file:///C:/Users/madhu/git/Ds-Algo-QualityQuest/src/test/resources/features/Tree.feature:251)
</div></td></tr></table><p class="totop"><a href="#summary">back to summary</a></p>
<h3 id="m28">testRunner.MyTestRunner#runScenario</h3><table class="result"><tr class="param"><th>Parameter #1</th><th>Parameter #2</th></tr><tr class="param stripe"><td>&quot;The user is presented with error message for invalid code in tryEditor for Max Consecutive Ones&quot;</td><td>&quot;Array Page&quot;</td></tr><tr><th colspan="2">Exception</th></tr><tr><td colspan="2"><div class="stacktrace">org.openqa.selenium.ElementNotInteractableException: element not interactable
  (Session info: chrome=116.0.5845.141)
Build info: version: &apos;3.141.59&apos;, revision: &apos;e82be7d358&apos;, time: &apos;2018-11-14T08:17:03&apos;
System info: host: &apos;LAPTOP-EGII9MOL&apos;, ip: &apos;192.168.0.105&apos;, os.name: &apos;Windows 11&apos;, os.arch: &apos;amd64&apos;, os.version: &apos;10.0&apos;, java.version: &apos;17.0.8&apos;
Driver info: org.openqa.selenium.chrome.ChromeDriver
Capabilities {acceptInsecureCerts: false, browserName: chrome, browserVersion: 116.0.5845.141, chrome: {chromedriverVersion: 116.0.5845.96 (1a3918166880..., userDataDir: C:\Users\madhu\AppData\Loca...}, fedcm:accounts: true, goog:chromeOptions: {debuggerAddress: localhost:56830}, javascriptEnabled: true, networkConnectionEnabled: false, pageLoadStrategy: normal, platform: WINDOWS, platformName: WINDOWS, proxy: Proxy(), setWindowRect: true, strictFileInteractability: false, timeouts: {implicit: 0, pageLoad: 300000, script: 30000}, unhandledPromptBehavior: dismiss and notify, webauthn:extension:credBlob: true, webauthn:extension:largeBlob: true, webauthn:extension:minPinLength: true, webauthn:extension:prf: true, webauthn:virtualAuthenticators: true}
Session ID: 1f08101e87dae7e48262927232395cf5
	at java.base/jdk.internal.reflect.NativeConstructorAccessorImpl.newInstance0(Native Method)
	at java.base/jdk.internal.reflect.NativeConstructorAccessorImpl.newInstance(NativeConstructorAccessorImpl.java:77)
	at java.base/jdk.internal.reflect.DelegatingConstructorAccessorImpl.newInstance(DelegatingConstructorAccessorImpl.java:45)
	at java.base/java.lang.reflect.Constructor.newInstanceWithCaller(Constructor.java:499)
	at java.base/java.lang.reflect.Constructor.newInstance(Constructor.java:480)
	at org.openqa.selenium.remote.http.W3CHttpResponseCodec.createException(W3CHttpResponseCodec.java:187)
	at org.openqa.selenium.remote.http.W3CHttpResponseCodec.decode(W3CHttpResponseCodec.java:122)
	at org.openqa.selenium.remote.http.W3CHttpResponseCodec.decode(W3CHttpResponseCodec.java:49)
	at org.openqa.selenium.remote.HttpCommandExecutor.execute(HttpCommandExecutor.java:158)
	at org.openqa.selenium.remote.service.DriverCommandExecutor.execute(DriverCommandExecutor.java:83)
	at org.openqa.selenium.remote.RemoteWebDriver.execute(RemoteWebDriver.java:552)
	at org.openqa.selenium.remote.RemoteWebElement.execute(RemoteWebElement.java:285)
	at org.openqa.selenium.remote.RemoteWebElement.clear(RemoteWebElement.java:124)
	at java.base/jdk.internal.reflect.NativeMethodAccessorImpl.invoke0(Native Method)
	at java.base/jdk.internal.reflect.NativeMethodAccessorImpl.invoke(NativeMethodAccessorImpl.java:77)
	at java.base/jdk.internal.reflect.DelegatingMethodAccessorImpl.invoke(DelegatingMethodAccessorImpl.java:43)
	at java.base/java.lang.reflect.Method.invoke(Method.java:568)
	at org.openqa.selenium.support.pagefactory.internal.LocatingElementHandler.invoke(LocatingElementHandler.java:51)
	at jdk.proxy2/jdk.proxy2.$Proxy27.clear(Unknown Source)
	at pages.ArrayPage.enterPracticeEditorCode(ArrayPage.java:97)
	at stepDefinitions.DataStructureAllPages_StepDef.the_user_enter_python_with_invalid_syntax_in_try_editor_from_sheet_for_max_consecutive_ones_question(DataStructureAllPages_StepDef.java:177)
	at ✽.The user enter python &quot;code&quot; with invalid syntax in tryEditor from sheet for max consecutive ones question(file:///C:/Users/madhu/git/Ds-Algo-QualityQuest/src/test/resources/features/Array.feature:146)
</div></td></tr></table><p class="totop"><a href="#summary">back to summary</a></p>
<h3 id="m29">testRunner.MyTestRunner#runScenario</h3><table class="result"><tr class="param"><th>Parameter #1</th><th>Parameter #2</th></tr><tr class="param stripe"><td>&quot;The user is able to navigate to Implement Linked List in Python link page&quot;</td><td>&quot;LinkedList Page&quot;</td></tr><tr><th colspan="2">Exception</th></tr><tr><td colspan="2"><div class="stacktrace">org.openqa.selenium.NoSuchSessionException: Session ID is null. Using WebDriver after calling quit()?
Build info: version: &apos;3.141.59&apos;, revision: &apos;e82be7d358&apos;, time: &apos;2018-11-14T08:17:03&apos;
System info: host: &apos;LAPTOP-EGII9MOL&apos;, ip: &apos;192.168.0.105&apos;, os.name: &apos;Windows 11&apos;, os.arch: &apos;amd64&apos;, os.version: &apos;10.0&apos;, java.version: &apos;17.0.8&apos;
Driver info: driver.version: RemoteWebDriver
	at org.openqa.selenium.remote.HttpCommandExecutor.execute(HttpCommandExecutor.java:125)
	at org.openqa.selenium.remote.service.DriverCommandExecutor.execute(DriverCommandExecutor.java:83)
	at org.openqa.selenium.remote.RemoteWebDriver.execute(RemoteWebDriver.java:552)
	at org.openqa.selenium.remote.RemoteWebDriver.get(RemoteWebDriver.java:277)
	at pages.LoginPage.userLogin(LoginPage.java:77)
	at stepDefinitions.DataStructureAllPages_StepDef.the_user_is_on_the_linked_list_page_after_logged_in(DataStructureAllPages_StepDef.java:312)
	at ✽.The user is on the Linked List page after logged in(file:///C:/Users/madhu/git/Ds-Algo-QualityQuest/src/test/resources/features/LinkedList.feature:63)
</div></td></tr></table><p class="totop"><a href="#summary">back to summary</a></p>
<h3 id="m30">testRunner.MyTestRunner#runScenario</h3><table class="result"><tr class="param"><th>Parameter #1</th><th>Parameter #2</th></tr><tr class="param stripe"><td>&quot;The user is presented with error message for code with invalid syntax in tryEditor for Implementation using collections.deque page&quot;</td><td>&quot;Queue Page&quot;</td></tr><tr><th colspan="2">Exception</th></tr><tr><td colspan="2"><div class="stacktrace">org.openqa.selenium.NoSuchSessionException: Session ID is null. Using WebDriver after calling quit()?
Build info: version: &apos;3.141.59&apos;, revision: &apos;e82be7d358&apos;, time: &apos;2018-11-14T08:17:03&apos;
System info: host: &apos;LAPTOP-EGII9MOL&apos;, ip: &apos;192.168.0.105&apos;, os.name: &apos;Windows 11&apos;, os.arch: &apos;amd64&apos;, os.version: &apos;10.0&apos;, java.version: &apos;17.0.8&apos;
Driver info: driver.version: RemoteWebDriver
	at org.openqa.selenium.remote.HttpCommandExecutor.execute(HttpCommandExecutor.java:125)
	at org.openqa.selenium.remote.service.DriverCommandExecutor.execute(DriverCommandExecutor.java:83)
	at org.openqa.selenium.remote.RemoteWebDriver.execute(RemoteWebDriver.java:552)
	at org.openqa.selenium.remote.RemoteWebDriver.get(RemoteWebDriver.java:277)
	at pages.LoginPage.userLogin(LoginPage.java:77)
	at stepDefinitions.DataStructureAllPages_StepDef.the_user_is_on_the_queue_introduction_after_logged_in(DataStructureAllPages_StepDef.java:375)
	at ✽.The user is on the Queue Introduction after logged in(file:///C:/Users/madhu/git/Ds-Algo-QualityQuest/src/test/resources/features/Queue.feature:32)
</div></td></tr></table><p class="totop"><a href="#summary">back to summary</a></p>
<h3 id="m31">testRunner.MyTestRunner#runScenario</h3><table class="result"><tr class="param"><th>Parameter #1</th><th>Parameter #2</th></tr><tr class="param stripe"><td>&quot;The user is presented with error message for code with invalid syntax in tryEditor for Find Numbers with Even Number of Digits&quot;</td><td>&quot;Array Page&quot;</td></tr><tr><th colspan="2">Exception</th></tr><tr><td colspan="2"><div class="stacktrace">org.openqa.selenium.ElementNotInteractableException: element not interactable
  (Session info: chrome=116.0.5845.141)
Build info: version: &apos;3.141.59&apos;, revision: &apos;e82be7d358&apos;, time: &apos;2018-11-14T08:17:03&apos;
System info: host: &apos;LAPTOP-EGII9MOL&apos;, ip: &apos;192.168.0.105&apos;, os.name: &apos;Windows 11&apos;, os.arch: &apos;amd64&apos;, os.version: &apos;10.0&apos;, java.version: &apos;17.0.8&apos;
Driver info: org.openqa.selenium.chrome.ChromeDriver
Capabilities {acceptInsecureCerts: false, browserName: chrome, browserVersion: 116.0.5845.141, chrome: {chromedriverVersion: 116.0.5845.96 (1a3918166880..., userDataDir: C:\Users\madhu\AppData\Loca...}, fedcm:accounts: true, goog:chromeOptions: {debuggerAddress: localhost:56852}, javascriptEnabled: true, networkConnectionEnabled: false, pageLoadStrategy: normal, platform: WINDOWS, platformName: WINDOWS, proxy: Proxy(), setWindowRect: true, strictFileInteractability: false, timeouts: {implicit: 0, pageLoad: 300000, script: 30000}, unhandledPromptBehavior: dismiss and notify, webauthn:extension:credBlob: true, webauthn:extension:largeBlob: true, webauthn:extension:minPinLength: true, webauthn:extension:prf: true, webauthn:virtualAuthenticators: true}
Session ID: 42458b513676cfa0453f94181283775d
	at java.base/jdk.internal.reflect.NativeConstructorAccessorImpl.newInstance0(Native Method)
	at java.base/jdk.internal.reflect.NativeConstructorAccessorImpl.newInstance(NativeConstructorAccessorImpl.java:77)
	at java.base/jdk.internal.reflect.DelegatingConstructorAccessorImpl.newInstance(DelegatingConstructorAccessorImpl.java:45)
	at java.base/java.lang.reflect.Constructor.newInstanceWithCaller(Constructor.java:499)
	at java.base/java.lang.reflect.Constructor.newInstance(Constructor.java:480)
	at org.openqa.selenium.remote.http.W3CHttpResponseCodec.createException(W3CHttpResponseCodec.java:187)
	at org.openqa.selenium.remote.http.W3CHttpResponseCodec.decode(W3CHttpResponseCodec.java:122)
	at org.openqa.selenium.remote.http.W3CHttpResponseCodec.decode(W3CHttpResponseCodec.java:49)
	at org.openqa.selenium.remote.HttpCommandExecutor.execute(HttpCommandExecutor.java:158)
	at org.openqa.selenium.remote.service.DriverCommandExecutor.execute(DriverCommandExecutor.java:83)
	at org.openqa.selenium.remote.RemoteWebDriver.execute(RemoteWebDriver.java:552)
	at org.openqa.selenium.remote.RemoteWebElement.execute(RemoteWebElement.java:285)
	at org.openqa.selenium.remote.RemoteWebElement.clear(RemoteWebElement.java:124)
	at java.base/jdk.internal.reflect.NativeMethodAccessorImpl.invoke0(Native Method)
	at java.base/jdk.internal.reflect.NativeMethodAccessorImpl.invoke(NativeMethodAccessorImpl.java:77)
	at java.base/jdk.internal.reflect.DelegatingMethodAccessorImpl.invoke(DelegatingMethodAccessorImpl.java:43)
	at java.base/java.lang.reflect.Method.invoke(Method.java:568)
	at org.openqa.selenium.support.pagefactory.internal.LocatingElementHandler.invoke(LocatingElementHandler.java:51)
	at jdk.proxy2/jdk.proxy2.$Proxy27.clear(Unknown Source)
	at pages.ArrayPage.enterPracticeEditorCode(ArrayPage.java:97)
	at stepDefinitions.DataStructureAllPages_StepDef.the_user_enter_python_with_invalid_syntax_in_try_editor_from_sheet_for_even_number_question(DataStructureAllPages_StepDef.java:193)
	at ✽.The user enter python &quot;code&quot; with invalid syntax in tryEditor from sheet for even number question(file:///C:/Users/madhu/git/Ds-Algo-QualityQuest/src/test/resources/features/Array.feature:176)
</div></td></tr></table><p class="totop"><a href="#summary">back to summary</a></p>
<h3 id="m32">testRunner.MyTestRunner#runScenario</h3><table class="result"><tr class="param"><th>Parameter #1</th><th>Parameter #2</th></tr><tr class="param stripe"><td>&quot;The user is presented with error message for invalid code in tryEditor for search the array&quot;</td><td>&quot;Array Page&quot;</td></tr><tr><th colspan="2">Exception</th></tr><tr><td colspan="2"><div class="stacktrace">org.openqa.selenium.NoSuchSessionException: Session ID is null. Using WebDriver after calling quit()?
Build info: version: &apos;3.141.59&apos;, revision: &apos;e82be7d358&apos;, time: &apos;2018-11-14T08:17:03&apos;
System info: host: &apos;LAPTOP-EGII9MOL&apos;, ip: &apos;192.168.0.105&apos;, os.name: &apos;Windows 11&apos;, os.arch: &apos;amd64&apos;, os.version: &apos;10.0&apos;, java.version: &apos;17.0.8&apos;
Driver info: driver.version: RemoteWebDriver
	at org.openqa.selenium.remote.HttpCommandExecutor.execute(HttpCommandExecutor.java:125)
	at org.openqa.selenium.remote.service.DriverCommandExecutor.execute(DriverCommandExecutor.java:83)
	at org.openqa.selenium.remote.RemoteWebDriver.execute(RemoteWebDriver.java:552)
	at org.openqa.selenium.remote.RemoteWebDriver.get(RemoteWebDriver.java:277)
	at pages.LoginPage.userLogin(LoginPage.java:77)
	at stepDefinitions.DataStructureAllPages_StepDef.the_user_is_logged_in_to_the_ds_algo_portal(DataStructureAllPages_StepDef.java:66)
	at ✽.The user is logged in to the DS Algo portal(file:///C:/Users/madhu/git/Ds-Algo-QualityQuest/src/test/resources/features/Array.feature:110)
</div></td></tr></table><p class="totop"><a href="#summary">back to summary</a></p>
<h3 id="m33">testRunner.MyTestRunner#runScenario</h3><table class="result"><tr class="param"><th>Parameter #1</th><th>Parameter #2</th></tr><tr class="param stripe"><td>&quot;User on login page and logins without username&quot;</td><td>&quot;Login Page&quot;</td></tr><tr><th colspan="2">Exception</th></tr><tr><td colspan="2"><div class="stacktrace">org.openqa.selenium.NoSuchSessionException: Session ID is null. Using WebDriver after calling quit()?
Build info: version: &apos;3.141.59&apos;, revision: &apos;e82be7d358&apos;, time: &apos;2018-11-14T08:17:03&apos;
System info: host: &apos;LAPTOP-EGII9MOL&apos;, ip: &apos;192.168.0.105&apos;, os.name: &apos;Windows 11&apos;, os.arch: &apos;amd64&apos;, os.version: &apos;10.0&apos;, java.version: &apos;17.0.8&apos;
Driver info: driver.version: RemoteWebDriver
	at org.openqa.selenium.remote.HttpCommandExecutor.execute(HttpCommandExecutor.java:125)
	at org.openqa.selenium.remote.service.DriverCommandExecutor.execute(DriverCommandExecutor.java:83)
	at org.openqa.selenium.remote.RemoteWebDriver.execute(RemoteWebDriver.java:552)
	at org.openqa.selenium.remote.RemoteWebDriver.execute(RemoteWebDriver.java:609)
	at org.openqa.selenium.remote.RemoteWebDriver.getCurrentUrl(RemoteWebDriver.java:287)
	at pages.LoginPage.verifyLoginPage(LoginPage.java:47)
	at stepDefinitions.login_StepDef.the_user_is_in_the_sign_in_page(login_StepDef.java:25)
	at ✽.The user is in the Sign in page(file:///C:/Users/madhu/git/Ds-Algo-QualityQuest/src/test/resources/features/Login.feature:27)
</div></td></tr></table><p class="totop"><a href="#summary">back to summary</a></p>
<h3 id="m34">testRunner.MyTestRunner#runScenario</h3><table class="result"><tr class="param"><th>Parameter #1</th><th>Parameter #2</th></tr><tr class="param stripe"><td>&quot;The user is able to navigate to Implementation using array link page&quot;</td><td>&quot;Queue Page&quot;</td></tr><tr><th colspan="2">Exception</th></tr><tr><td colspan="2"><div class="stacktrace">org.openqa.selenium.NoSuchSessionException: Session ID is null. Using WebDriver after calling quit()?
Build info: version: &apos;3.141.59&apos;, revision: &apos;e82be7d358&apos;, time: &apos;2018-11-14T08:17:03&apos;
System info: host: &apos;LAPTOP-EGII9MOL&apos;, ip: &apos;192.168.0.105&apos;, os.name: &apos;Windows 11&apos;, os.arch: &apos;amd64&apos;, os.version: &apos;10.0&apos;, java.version: &apos;17.0.8&apos;
Driver info: driver.version: RemoteWebDriver
	at org.openqa.selenium.remote.HttpCommandExecutor.execute(HttpCommandExecutor.java:125)
	at org.openqa.selenium.remote.service.DriverCommandExecutor.execute(DriverCommandExecutor.java:83)
	at org.openqa.selenium.remote.RemoteWebDriver.execute(RemoteWebDriver.java:552)
	at org.openqa.selenium.remote.RemoteWebDriver.get(RemoteWebDriver.java:277)
	at pages.LoginPage.userLogin(LoginPage.java:77)
	at stepDefinitions.DataStructureAllPages_StepDef.the_user_is_on_the_queue_introduction_after_logged_in(DataStructureAllPages_StepDef.java:375)
	at ✽.The user is on the Queue Introduction after logged in(file:///C:/Users/madhu/git/Ds-Algo-QualityQuest/src/test/resources/features/Queue.feature:42)
</div></td></tr></table><p class="totop"><a href="#summary">back to summary</a></p>
<h3 id="m35">testRunner.MyTestRunner#runScenario</h3><table class="result"><tr class="param"><th>Parameter #1</th><th>Parameter #2</th></tr><tr class="param stripe"><td>&quot;The user is presented with error message for code with invalid syntax in tryEditor for Binary Tree Traversals page&quot;</td><td>&quot;Tree Page&quot;</td></tr><tr><th colspan="2">Exception</th></tr><tr><td colspan="2"><div class="stacktrace">org.openqa.selenium.NoSuchSessionException: Session ID is null. Using WebDriver after calling quit()?
Build info: version: &apos;3.141.59&apos;, revision: &apos;e82be7d358&apos;, time: &apos;2018-11-14T08:17:03&apos;
System info: host: &apos;LAPTOP-EGII9MOL&apos;, ip: &apos;192.168.0.105&apos;, os.name: &apos;Windows 11&apos;, os.arch: &apos;amd64&apos;, os.version: &apos;10.0&apos;, java.version: &apos;17.0.8&apos;
Driver info: driver.version: RemoteWebDriver
	at org.openqa.selenium.remote.HttpCommandExecutor.execute(HttpCommandExecutor.java:125)
	at org.openqa.selenium.remote.service.DriverCommandExecutor.execute(DriverCommandExecutor.java:83)
	at org.openqa.selenium.remote.RemoteWebDriver.execute(RemoteWebDriver.java:552)
	at org.openqa.selenium.remote.RemoteWebDriver.get(RemoteWebDriver.java:277)
	at pages.LoginPage.userLogin(LoginPage.java:77)
	at stepDefinitions.DataStructureAllPages_StepDef.the_user_is_on_the_tree_introduction_after_logged_in(DataStructureAllPages_StepDef.java:456)
	at ✽.The user is on the Tree Introduction after logged in(file:///C:/Users/madhu/git/Ds-Algo-QualityQuest/src/test/resources/features/Tree.feature:170)
</div></td></tr></table><p class="totop"><a href="#summary">back to summary</a></p>
<h3 id="m36">testRunner.MyTestRunner#runScenario</h3><table class="result"><tr class="param"><th>Parameter #1</th><th>Parameter #2</th></tr><tr class="param stripe"><td>&quot;The user is able to navigate to Queue Operations link page&quot;</td><td>&quot;Queue Page&quot;</td></tr><tr><th colspan="2">Exception</th></tr><tr><td colspan="2"><div class="stacktrace">org.openqa.selenium.NoSuchSessionException: Session ID is null. Using WebDriver after calling quit()?
Build info: version: &apos;3.141.59&apos;, revision: &apos;e82be7d358&apos;, time: &apos;2018-11-14T08:17:03&apos;
System info: host: &apos;LAPTOP-EGII9MOL&apos;, ip: &apos;192.168.0.105&apos;, os.name: &apos;Windows 11&apos;, os.arch: &apos;amd64&apos;, os.version: &apos;10.0&apos;, java.version: &apos;17.0.8&apos;
Driver info: driver.version: RemoteWebDriver
	at org.openqa.selenium.remote.HttpCommandExecutor.execute(HttpCommandExecutor.java:125)
	at org.openqa.selenium.remote.service.DriverCommandExecutor.execute(DriverCommandExecutor.java:83)
	at org.openqa.selenium.remote.RemoteWebDriver.execute(RemoteWebDriver.java:552)
	at org.openqa.selenium.remote.RemoteWebDriver.get(RemoteWebDriver.java:277)
	at pages.LoginPage.userLogin(LoginPage.java:77)
	at stepDefinitions.DataStructureAllPages_StepDef.the_user_is_on_the_queue_introduction_after_logged_in(DataStructureAllPages_StepDef.java:375)
	at ✽.The user is on the Queue Introduction after logged in(file:///C:/Users/madhu/git/Ds-Algo-QualityQuest/src/test/resources/features/Queue.feature:60)
</div></td></tr></table><p class="totop"><a href="#summary">back to summary</a></p>
<h3 id="m37">testRunner.MyTestRunner#runScenario</h3><table class="result"><tr class="param"><th>Parameter #1</th><th>Parameter #2</th></tr><tr class="param stripe"><td>&quot;The user is able to submit code in tryEditor for Squares of a Sorted Array&quot;</td><td>&quot;Array Page&quot;</td></tr><tr><th colspan="2">Exception</th></tr><tr><td colspan="2"><div class="stacktrace">org.openqa.selenium.NoSuchSessionException: Session ID is null. Using WebDriver after calling quit()?
Build info: version: &apos;3.141.59&apos;, revision: &apos;e82be7d358&apos;, time: &apos;2018-11-14T08:17:03&apos;
System info: host: &apos;LAPTOP-EGII9MOL&apos;, ip: &apos;192.168.0.105&apos;, os.name: &apos;Windows 11&apos;, os.arch: &apos;amd64&apos;, os.version: &apos;10.0&apos;, java.version: &apos;17.0.8&apos;
Driver info: driver.version: RemoteWebDriver
	at org.openqa.selenium.remote.HttpCommandExecutor.execute(HttpCommandExecutor.java:125)
	at org.openqa.selenium.remote.service.DriverCommandExecutor.execute(DriverCommandExecutor.java:83)
	at org.openqa.selenium.remote.RemoteWebDriver.execute(RemoteWebDriver.java:552)
	at org.openqa.selenium.remote.RemoteWebDriver.get(RemoteWebDriver.java:277)
	at pages.LoginPage.userLogin(LoginPage.java:77)
	at stepDefinitions.DataStructureAllPages_StepDef.the_user_is_logged_in_to_the_ds_algo_portal(DataStructureAllPages_StepDef.java:66)
	at ✽.The user is logged in to the DS Algo portal(file:///C:/Users/madhu/git/Ds-Algo-QualityQuest/src/test/resources/features/Array.feature:193)
</div></td></tr></table><p class="totop"><a href="#summary">back to summary</a></p>
<h3 id="m38">testRunner.MyTestRunner#runScenario</h3><table class="result"><tr class="param"><th>Parameter #1</th><th>Parameter #2</th></tr><tr class="param stripe"><td>&quot;The user is able to navigate to Practice page&quot;</td><td>&quot;Stack Page&quot;</td></tr><tr><th colspan="2">Exception</th></tr><tr><td colspan="2"><div class="stacktrace">org.openqa.selenium.NoSuchSessionException: Session ID is null. Using WebDriver after calling quit()?
Build info: version: &apos;3.141.59&apos;, revision: &apos;e82be7d358&apos;, time: &apos;2018-11-14T08:17:03&apos;
System info: host: &apos;LAPTOP-EGII9MOL&apos;, ip: &apos;192.168.0.105&apos;, os.name: &apos;Windows 11&apos;, os.arch: &apos;amd64&apos;, os.version: &apos;10.0&apos;, java.version: &apos;17.0.8&apos;
Driver info: driver.version: RemoteWebDriver
	at org.openqa.selenium.remote.HttpCommandExecutor.execute(HttpCommandExecutor.java:125)
	at org.openqa.selenium.remote.service.DriverCommandExecutor.execute(DriverCommandExecutor.java:83)
	at org.openqa.selenium.remote.RemoteWebDriver.execute(RemoteWebDriver.java:552)
	at org.openqa.selenium.remote.RemoteWebDriver.get(RemoteWebDriver.java:277)
	at pages.LoginPage.userLogin(LoginPage.java:77)
	at stepDefinitions.DataStructureAllPages_StepDef.the_user_is_on_the_stack_introduction_after_logged_in(DataStructureAllPages_StepDef.java:419)
	at ✽.The user is on the Stack Introduction after logged in(file:///C:/Users/madhu/git/Ds-Algo-QualityQuest/src/test/resources/features/Stack.feature:61)
</div></td></tr></table><p class="totop"><a href="#summary">back to summary</a></p>
<h3 id="m39">testRunner.MyTestRunner#runScenario</h3><table class="result"><tr class="param"><th>Parameter #1</th><th>Parameter #2</th></tr><tr class="param stripe"><td>&quot;The user is presented with error message for code with invalid syntax in tryEditor for Types of Trees page&quot;</td><td>&quot;Tree Page&quot;</td></tr><tr><th colspan="2">Exception</th></tr><tr><td colspan="2"><div class="stacktrace">org.openqa.selenium.NoSuchSessionException: Session ID is null. Using WebDriver after calling quit()?
Build info: version: &apos;3.141.59&apos;, revision: &apos;e82be7d358&apos;, time: &apos;2018-11-14T08:17:03&apos;
System info: host: &apos;LAPTOP-EGII9MOL&apos;, ip: &apos;192.168.0.105&apos;, os.name: &apos;Windows 11&apos;, os.arch: &apos;amd64&apos;, os.version: &apos;10.0&apos;, java.version: &apos;17.0.8&apos;
Driver info: driver.version: RemoteWebDriver
	at org.openqa.selenium.remote.HttpCommandExecutor.execute(HttpCommandExecutor.java:125)
	at org.openqa.selenium.remote.service.DriverCommandExecutor.execute(DriverCommandExecutor.java:83)
	at org.openqa.selenium.remote.RemoteWebDriver.execute(RemoteWebDriver.java:552)
	at org.openqa.selenium.remote.RemoteWebDriver.get(RemoteWebDriver.java:277)
	at pages.LoginPage.userLogin(LoginPage.java:77)
	at stepDefinitions.DataStructureAllPages_StepDef.the_user_is_on_the_tree_introduction_after_logged_in(DataStructureAllPages_StepDef.java:456)
	at ✽.The user is on the Tree Introduction after logged in(file:///C:/Users/madhu/git/Ds-Algo-QualityQuest/src/test/resources/features/Tree.feature:52)
</div></td></tr></table><p class="totop"><a href="#summary">back to summary</a></p>
<h3 id="m40">testRunner.MyTestRunner#runScenario</h3><table class="result"><tr class="param"><th>Parameter #1</th><th>Parameter #2</th></tr><tr class="param stripe"><td>&quot;The user is presented with error message for code with invalid syntax in tryEditor for Insertion Link page&quot;</td><td>&quot;LinkedList Page&quot;</td></tr><tr><th colspan="2">Exception</th></tr><tr><td colspan="2"><div class="stacktrace">org.openqa.selenium.NoSuchSessionException: Session ID is null. Using WebDriver after calling quit()?
Build info: version: &apos;3.141.59&apos;, revision: &apos;e82be7d358&apos;, time: &apos;2018-11-14T08:17:03&apos;
System info: host: &apos;LAPTOP-EGII9MOL&apos;, ip: &apos;192.168.0.105&apos;, os.name: &apos;Windows 11&apos;, os.arch: &apos;amd64&apos;, os.version: &apos;10.0&apos;, java.version: &apos;17.0.8&apos;
Driver info: driver.version: RemoteWebDriver
	at org.openqa.selenium.remote.HttpCommandExecutor.execute(HttpCommandExecutor.java:125)
	at org.openqa.selenium.remote.service.DriverCommandExecutor.execute(DriverCommandExecutor.java:83)
	at org.openqa.selenium.remote.RemoteWebDriver.execute(RemoteWebDriver.java:552)
	at org.openqa.selenium.remote.RemoteWebDriver.get(RemoteWebDriver.java:277)
	at pages.LoginPage.userLogin(LoginPage.java:77)
	at stepDefinitions.DataStructureAllPages_StepDef.the_user_is_on_the_linked_list_page_after_logged_in(DataStructureAllPages_StepDef.java:312)
	at ✽.The user is on the Linked List page after logged in(file:///C:/Users/madhu/git/Ds-Algo-QualityQuest/src/test/resources/features/LinkedList.feature:111)
</div></td></tr></table><p class="totop"><a href="#summary">back to summary</a></p>
<h3 id="m41">testRunner.MyTestRunner#runScenario</h3><table class="result"><tr class="param"><th>Parameter #1</th><th>Parameter #2</th></tr><tr class="param stripe"><td>&quot;The user is able to navigate to Traversals-Illustration link page&quot;</td><td>&quot;Tree Page&quot;</td></tr><tr><th colspan="2">Exception</th></tr><tr><td colspan="2"><div class="stacktrace">org.openqa.selenium.NoSuchSessionException: Session ID is null. Using WebDriver after calling quit()?
Build info: version: &apos;3.141.59&apos;, revision: &apos;e82be7d358&apos;, time: &apos;2018-11-14T08:17:03&apos;
System info: host: &apos;LAPTOP-EGII9MOL&apos;, ip: &apos;192.168.0.105&apos;, os.name: &apos;Windows 11&apos;, os.arch: &apos;amd64&apos;, os.version: &apos;10.0&apos;, java.version: &apos;17.0.8&apos;
Driver info: driver.version: RemoteWebDriver
	at org.openqa.selenium.remote.HttpCommandExecutor.execute(HttpCommandExecutor.java:125)
	at org.openqa.selenium.remote.service.DriverCommandExecutor.execute(DriverCommandExecutor.java:83)
	at org.openqa.selenium.remote.RemoteWebDriver.execute(RemoteWebDriver.java:552)
	at org.openqa.selenium.remote.RemoteWebDriver.get(RemoteWebDriver.java:277)
	at pages.LoginPage.userLogin(LoginPage.java:77)
	at stepDefinitions.DataStructureAllPages_StepDef.the_user_is_on_the_tree_introduction_after_logged_in(DataStructureAllPages_StepDef.java:456)
	at ✽.The user is on the Tree Introduction after logged in(file:///C:/Users/madhu/git/Ds-Algo-QualityQuest/src/test/resources/features/Tree.feature:82)
</div></td></tr></table><p class="totop"><a href="#summary">back to summary</a></p>
<h3 id="m42">testRunner.MyTestRunner#runScenario</h3><table class="result"><tr class="param"><th>Parameter #1</th><th>Parameter #2</th></tr><tr class="param stripe"><td>&quot;The user is presented with error message for numeric password&quot;</td><td>&quot;Register Page&quot;</td></tr><tr><th colspan="2">Exception</th></tr><tr><td colspan="2"><div class="stacktrace">org.openqa.selenium.NoSuchSessionException: Session ID is null. Using WebDriver after calling quit()?
Build info: version: &apos;3.141.59&apos;, revision: &apos;e82be7d358&apos;, time: &apos;2018-11-14T08:17:03&apos;
System info: host: &apos;LAPTOP-EGII9MOL&apos;, ip: &apos;192.168.0.105&apos;, os.name: &apos;Windows 11&apos;, os.arch: &apos;amd64&apos;, os.version: &apos;10.0&apos;, java.version: &apos;17.0.8&apos;
Driver info: driver.version: RemoteWebDriver
	at org.openqa.selenium.remote.HttpCommandExecutor.execute(HttpCommandExecutor.java:125)
	at org.openqa.selenium.remote.service.DriverCommandExecutor.execute(DriverCommandExecutor.java:83)
	at org.openqa.selenium.remote.RemoteWebDriver.execute(RemoteWebDriver.java:552)
	at org.openqa.selenium.remote.RemoteWebDriver.execute(RemoteWebDriver.java:609)
	at org.openqa.selenium.remote.RemoteWebDriver.getCurrentUrl(RemoteWebDriver.java:287)
	at pages.RegisterPage.verifyRegisterPage(RegisterPage.java:46)
	at stepDefinitions.Register_StepDef.the_user_is_in_register_page(Register_StepDef.java:29)
	at ✽.The user is in Register Page(file:///C:/Users/madhu/git/Ds-Algo-QualityQuest/src/test/resources/features/Register.feature:58)
</div></td></tr></table><p class="totop"><a href="#summary">back to summary</a></p>
<h3 id="m43">testRunner.MyTestRunner#runScenario</h3><table class="result"><tr class="param"><th>Parameter #1</th><th>Parameter #2</th></tr><tr class="param stripe"><td>&quot;The user is presented with error message for code with invalid syntax in tryEditor for Squares of a Sorted Array&quot;</td><td>&quot;Array Page&quot;</td></tr><tr><th colspan="2">Exception</th></tr><tr><td colspan="2"><div class="stacktrace">org.openqa.selenium.NoSuchSessionException: Session ID is null. Using WebDriver after calling quit()?
Build info: version: &apos;3.141.59&apos;, revision: &apos;e82be7d358&apos;, time: &apos;2018-11-14T08:17:03&apos;
System info: host: &apos;LAPTOP-EGII9MOL&apos;, ip: &apos;192.168.0.105&apos;, os.name: &apos;Windows 11&apos;, os.arch: &apos;amd64&apos;, os.version: &apos;10.0&apos;, java.version: &apos;17.0.8&apos;
Driver info: driver.version: RemoteWebDriver
	at org.openqa.selenium.remote.HttpCommandExecutor.execute(HttpCommandExecutor.java:125)
	at org.openqa.selenium.remote.service.DriverCommandExecutor.execute(DriverCommandExecutor.java:83)
	at org.openqa.selenium.remote.RemoteWebDriver.execute(RemoteWebDriver.java:552)
	at org.openqa.selenium.remote.RemoteWebDriver.get(RemoteWebDriver.java:277)
	at pages.LoginPage.userLogin(LoginPage.java:77)
	at stepDefinitions.DataStructureAllPages_StepDef.the_user_is_logged_in_to_the_ds_algo_portal(DataStructureAllPages_StepDef.java:66)
	at ✽.The user is logged in to the DS Algo portal(file:///C:/Users/madhu/git/Ds-Algo-QualityQuest/src/test/resources/features/Array.feature:202)
</div></td></tr></table><p class="totop"><a href="#summary">back to summary</a></p>
<h3 id="m44">testRunner.MyTestRunner#runScenario</h3><table class="result"><tr class="param"><th>Parameter #1</th><th>Parameter #2</th></tr><tr class="param stripe"><td>&quot;The user is presented with error message for empty Password textbox&quot;</td><td>&quot;Register Page&quot;</td></tr><tr><th colspan="2">Exception</th></tr><tr><td colspan="2"><div class="stacktrace">org.openqa.selenium.NoSuchSessionException: Session ID is null. Using WebDriver after calling quit()?
Build info: version: &apos;3.141.59&apos;, revision: &apos;e82be7d358&apos;, time: &apos;2018-11-14T08:17:03&apos;
System info: host: &apos;LAPTOP-EGII9MOL&apos;, ip: &apos;192.168.0.105&apos;, os.name: &apos;Windows 11&apos;, os.arch: &apos;amd64&apos;, os.version: &apos;10.0&apos;, java.version: &apos;17.0.8&apos;
Driver info: driver.version: RemoteWebDriver
	at org.openqa.selenium.remote.HttpCommandExecutor.execute(HttpCommandExecutor.java:125)
	at org.openqa.selenium.remote.service.DriverCommandExecutor.execute(DriverCommandExecutor.java:83)
	at org.openqa.selenium.remote.RemoteWebDriver.execute(RemoteWebDriver.java:552)
	at org.openqa.selenium.remote.RemoteWebDriver.execute(RemoteWebDriver.java:609)
	at org.openqa.selenium.remote.RemoteWebDriver.getCurrentUrl(RemoteWebDriver.java:287)
	at pages.RegisterPage.verifyRegisterPage(RegisterPage.java:46)
	at stepDefinitions.Register_StepDef.the_user_is_in_register_page(Register_StepDef.java:29)
	at ✽.The user is in Register Page(file:///C:/Users/madhu/git/Ds-Algo-QualityQuest/src/test/resources/features/Register.feature:5)
</div></td></tr></table><p class="totop"><a href="#summary">back to summary</a></p>
<h3 id="m45">testRunner.MyTestRunner#runScenario</h3><table class="result"><tr class="param"><th>Parameter #1</th><th>Parameter #2</th></tr><tr class="param stripe"><td>&quot;The user is able to navigate to Operations in Stack link page&quot;</td><td>&quot;Stack Page&quot;</td></tr><tr><th colspan="2">Exception</th></tr><tr><td colspan="2"><div class="stacktrace">org.openqa.selenium.NoSuchSessionException: Session ID is null. Using WebDriver after calling quit()?
Build info: version: &apos;3.141.59&apos;, revision: &apos;e82be7d358&apos;, time: &apos;2018-11-14T08:17:03&apos;
System info: host: &apos;LAPTOP-EGII9MOL&apos;, ip: &apos;192.168.0.105&apos;, os.name: &apos;Windows 11&apos;, os.arch: &apos;amd64&apos;, os.version: &apos;10.0&apos;, java.version: &apos;17.0.8&apos;
Driver info: driver.version: RemoteWebDriver
	at org.openqa.selenium.remote.HttpCommandExecutor.execute(HttpCommandExecutor.java:125)
	at org.openqa.selenium.remote.service.DriverCommandExecutor.execute(DriverCommandExecutor.java:83)
	at org.openqa.selenium.remote.RemoteWebDriver.execute(RemoteWebDriver.java:552)
	at org.openqa.selenium.remote.RemoteWebDriver.get(RemoteWebDriver.java:277)
	at pages.LoginPage.userLogin(LoginPage.java:77)
	at stepDefinitions.DataStructureAllPages_StepDef.the_user_is_on_the_stack_introduction_after_logged_in(DataStructureAllPages_StepDef.java:419)
	at ✽.The user is on the Stack Introduction after logged in(file:///C:/Users/madhu/git/Ds-Algo-QualityQuest/src/test/resources/features/Stack.feature:6)
</div></td></tr></table><p class="totop"><a href="#summary">back to summary</a></p>
<h3 id="m46">testRunner.MyTestRunner#runScenario</h3><table class="result"><tr class="param"><th>Parameter #1</th><th>Parameter #2</th></tr><tr class="param stripe"><td>&quot;The user is succesfully resgistered&quot;</td><td>&quot;Register Page&quot;</td></tr><tr><th colspan="2">Exception</th></tr><tr><td colspan="2"><div class="stacktrace">org.openqa.selenium.NoSuchSessionException: Session ID is null. Using WebDriver after calling quit()?
Build info: version: &apos;3.141.59&apos;, revision: &apos;e82be7d358&apos;, time: &apos;2018-11-14T08:17:03&apos;
System info: host: &apos;LAPTOP-EGII9MOL&apos;, ip: &apos;192.168.0.105&apos;, os.name: &apos;Windows 11&apos;, os.arch: &apos;amd64&apos;, os.version: &apos;10.0&apos;, java.version: &apos;17.0.8&apos;
Driver info: driver.version: RemoteWebDriver
	at org.openqa.selenium.remote.HttpCommandExecutor.execute(HttpCommandExecutor.java:125)
	at org.openqa.selenium.remote.service.DriverCommandExecutor.execute(DriverCommandExecutor.java:83)
	at org.openqa.selenium.remote.RemoteWebDriver.execute(RemoteWebDriver.java:552)
	at org.openqa.selenium.remote.RemoteWebDriver.execute(RemoteWebDriver.java:609)
	at org.openqa.selenium.remote.RemoteWebDriver.getCurrentUrl(RemoteWebDriver.java:287)
	at pages.RegisterPage.verifyRegisterPage(RegisterPage.java:46)
	at stepDefinitions.Register_StepDef.the_user_is_in_register_page(Register_StepDef.java:29)
	at ✽.The user is in Register Page(file:///C:/Users/madhu/git/Ds-Algo-QualityQuest/src/test/resources/features/Register.feature:66)
</div></td></tr></table><p class="totop"><a href="#summary">back to summary</a></p>
<h3 id="m47">testRunner.MyTestRunner#runScenario</h3><table class="result"><tr class="param"><th>Parameter #1</th><th>Parameter #2</th></tr><tr class="param stripe"><td>&quot;User on login page and logins without username and password&quot;</td><td>&quot;Login Page&quot;</td></tr><tr><th colspan="2">Exception</th></tr><tr><td colspan="2"><div class="stacktrace">org.openqa.selenium.NoSuchSessionException: Session ID is null. Using WebDriver after calling quit()?
Build info: version: &apos;3.141.59&apos;, revision: &apos;e82be7d358&apos;, time: &apos;2018-11-14T08:17:03&apos;
System info: host: &apos;LAPTOP-EGII9MOL&apos;, ip: &apos;192.168.0.105&apos;, os.name: &apos;Windows 11&apos;, os.arch: &apos;amd64&apos;, os.version: &apos;10.0&apos;, java.version: &apos;17.0.8&apos;
Driver info: driver.version: RemoteWebDriver
	at org.openqa.selenium.remote.HttpCommandExecutor.execute(HttpCommandExecutor.java:125)
	at org.openqa.selenium.remote.service.DriverCommandExecutor.execute(DriverCommandExecutor.java:83)
	at org.openqa.selenium.remote.RemoteWebDriver.execute(RemoteWebDriver.java:552)
	at org.openqa.selenium.remote.RemoteWebDriver.execute(RemoteWebDriver.java:609)
	at org.openqa.selenium.remote.RemoteWebDriver.getCurrentUrl(RemoteWebDriver.java:287)
	at pages.LoginPage.verifyLoginPage(LoginPage.java:47)
	at stepDefinitions.login_StepDef.the_user_is_in_the_sign_in_page(login_StepDef.java:25)
	at ✽.The user is in the Sign in page(file:///C:/Users/madhu/git/Ds-Algo-QualityQuest/src/test/resources/features/Login.feature:16)
</div></td></tr></table><p class="totop"><a href="#summary">back to summary</a></p>
<h3 id="m48">testRunner.MyTestRunner#runScenario</h3><table class="result"><tr class="param"><th>Parameter #1</th><th>Parameter #2</th></tr><tr class="param stripe"><td>&quot;The user is presented with error message for code with invalid syntax in tryEditor for Creating Linked List Link page&quot;</td><td>&quot;LinkedList Page&quot;</td></tr><tr><th colspan="2">Exception</th></tr><tr><td colspan="2"><div class="stacktrace">org.openqa.selenium.NoSuchSessionException: Session ID is null. Using WebDriver after calling quit()?
Build info: version: &apos;3.141.59&apos;, revision: &apos;e82be7d358&apos;, time: &apos;2018-11-14T08:17:03&apos;
System info: host: &apos;LAPTOP-EGII9MOL&apos;, ip: &apos;192.168.0.105&apos;, os.name: &apos;Windows 11&apos;, os.arch: &apos;amd64&apos;, os.version: &apos;10.0&apos;, java.version: &apos;17.0.8&apos;
Driver info: driver.version: RemoteWebDriver
	at org.openqa.selenium.remote.HttpCommandExecutor.execute(HttpCommandExecutor.java:125)
	at org.openqa.selenium.remote.service.DriverCommandExecutor.execute(DriverCommandExecutor.java:83)
	at org.openqa.selenium.remote.RemoteWebDriver.execute(RemoteWebDriver.java:552)
	at org.openqa.selenium.remote.RemoteWebDriver.get(RemoteWebDriver.java:277)
	at pages.LoginPage.userLogin(LoginPage.java:77)
	at stepDefinitions.DataStructureAllPages_StepDef.the_user_is_on_the_linked_list_page_after_logged_in(DataStructureAllPages_StepDef.java:312)
	at ✽.The user is on the Linked List page after logged in(file:///C:/Users/madhu/git/Ds-Algo-QualityQuest/src/test/resources/features/LinkedList.feature:32)
</div></td></tr></table><p class="totop"><a href="#summary">back to summary</a></p>
<h3 id="m49">testRunner.MyTestRunner#runScenario</h3><table class="result"><tr class="param"><th>Parameter #1</th><th>Parameter #2</th></tr><tr class="param stripe"><td>&quot;Verifying error message on clicking each dropdown value on Home Page&quot;</td><td>&quot;Home Page&quot;</td></tr><tr><th colspan="2">Exception</th></tr><tr><td colspan="2"><div class="stacktrace">org.openqa.selenium.NoSuchSessionException: Session ID is null. Using WebDriver after calling quit()?
Build info: version: &apos;3.141.59&apos;, revision: &apos;e82be7d358&apos;, time: &apos;2018-11-14T08:17:03&apos;
System info: host: &apos;LAPTOP-EGII9MOL&apos;, ip: &apos;192.168.0.105&apos;, os.name: &apos;Windows 11&apos;, os.arch: &apos;amd64&apos;, os.version: &apos;10.0&apos;, java.version: &apos;17.0.8&apos;
Driver info: driver.version: RemoteWebDriver
	at org.openqa.selenium.remote.HttpCommandExecutor.execute(HttpCommandExecutor.java:125)
	at org.openqa.selenium.remote.service.DriverCommandExecutor.execute(DriverCommandExecutor.java:83)
	at org.openqa.selenium.remote.RemoteWebDriver.execute(RemoteWebDriver.java:552)
	at org.openqa.selenium.remote.RemoteWebDriver.get(RemoteWebDriver.java:277)
	at pages.HomePage.LoggedOutHomePage(HomePage.java:38)
	at stepDefinitions.Home_StepDef.the_user_is_on_the_home_page(Home_StepDef.java:45)
	at ✽.The user is on the Home page(file:///C:/Users/madhu/git/Ds-Algo-QualityQuest/src/test/resources/features/Home.feature:15)
</div></td></tr></table><p class="totop"><a href="#summary">back to summary</a></p>
<h3 id="m50">testRunner.MyTestRunner#runScenario</h3><table class="result"><tr class="param"><th>Parameter #1</th><th>Parameter #2</th></tr><tr class="param stripe"><td>&quot;The user is presented with error message for code with invalid syntax in tryEditor for Implement Linked List in Python Link page&quot;</td><td>&quot;LinkedList Page&quot;</td></tr><tr><th colspan="2">Exception</th></tr><tr><td colspan="2"><div class="stacktrace">org.openqa.selenium.NoSuchSessionException: Session ID is null. Using WebDriver after calling quit()?
Build info: version: &apos;3.141.59&apos;, revision: &apos;e82be7d358&apos;, time: &apos;2018-11-14T08:17:03&apos;
System info: host: &apos;LAPTOP-EGII9MOL&apos;, ip: &apos;192.168.0.105&apos;, os.name: &apos;Windows 11&apos;, os.arch: &apos;amd64&apos;, os.version: &apos;10.0&apos;, java.version: &apos;17.0.8&apos;
Driver info: driver.version: RemoteWebDriver
	at org.openqa.selenium.remote.HttpCommandExecutor.execute(HttpCommandExecutor.java:125)
	at org.openqa.selenium.remote.service.DriverCommandExecutor.execute(DriverCommandExecutor.java:83)
	at org.openqa.selenium.remote.RemoteWebDriver.execute(RemoteWebDriver.java:552)
	at org.openqa.selenium.remote.RemoteWebDriver.get(RemoteWebDriver.java:277)
	at pages.LoginPage.userLogin(LoginPage.java:77)
	at stepDefinitions.DataStructureAllPages_StepDef.the_user_is_on_the_linked_list_page_after_logged_in(DataStructureAllPages_StepDef.java:312)
	at ✽.The user is on the Linked List page after logged in(file:///C:/Users/madhu/git/Ds-Algo-QualityQuest/src/test/resources/features/LinkedList.feature:71)
</div></td></tr></table><p class="totop"><a href="#summary">back to summary</a></p>
<h3 id="m51">testRunner.MyTestRunner#runScenario</h3><table class="result"><tr class="param"><th>Parameter #1</th><th>Parameter #2</th></tr><tr class="param stripe"><td>&quot;The user is presented with error message for Password mismatch&quot;</td><td>&quot;Register Page&quot;</td></tr><tr><th colspan="2">Exception</th></tr><tr><td colspan="2"><div class="stacktrace">org.openqa.selenium.NoSuchSessionException: Session ID is null. Using WebDriver after calling quit()?
Build info: version: &apos;3.141.59&apos;, revision: &apos;e82be7d358&apos;, time: &apos;2018-11-14T08:17:03&apos;
System info: host: &apos;LAPTOP-EGII9MOL&apos;, ip: &apos;192.168.0.105&apos;, os.name: &apos;Windows 11&apos;, os.arch: &apos;amd64&apos;, os.version: &apos;10.0&apos;, java.version: &apos;17.0.8&apos;
Driver info: driver.version: RemoteWebDriver
	at org.openqa.selenium.remote.HttpCommandExecutor.execute(HttpCommandExecutor.java:125)
	at org.openqa.selenium.remote.service.DriverCommandExecutor.execute(DriverCommandExecutor.java:83)
	at org.openqa.selenium.remote.RemoteWebDriver.execute(RemoteWebDriver.java:552)
	at org.openqa.selenium.remote.RemoteWebDriver.execute(RemoteWebDriver.java:609)
	at org.openqa.selenium.remote.RemoteWebDriver.getCurrentUrl(RemoteWebDriver.java:287)
	at pages.RegisterPage.verifyRegisterPage(RegisterPage.java:46)
	at stepDefinitions.Register_StepDef.the_user_is_in_register_page(Register_StepDef.java:29)
	at ✽.The user is in Register Page(file:///C:/Users/madhu/git/Ds-Algo-QualityQuest/src/test/resources/features/Register.feature:44)
</div></td></tr></table><p class="totop"><a href="#summary">back to summary</a></p>
<h3 id="m52">testRunner.MyTestRunner#runScenario</h3><table class="result"><tr class="param"><th>Parameter #1</th><th>Parameter #2</th></tr><tr class="param stripe"><td>&quot;The user is able to navigate to Implementation Of BST link page&quot;</td><td>&quot;Tree Page&quot;</td></tr><tr><th colspan="2">Exception</th></tr><tr><td colspan="2"><div class="stacktrace">org.openqa.selenium.NoSuchSessionException: Session ID is null. Using WebDriver after calling quit()?
Build info: version: &apos;3.141.59&apos;, revision: &apos;e82be7d358&apos;, time: &apos;2018-11-14T08:17:03&apos;
System info: host: &apos;LAPTOP-EGII9MOL&apos;, ip: &apos;192.168.0.105&apos;, os.name: &apos;Windows 11&apos;, os.arch: &apos;amd64&apos;, os.version: &apos;10.0&apos;, java.version: &apos;17.0.8&apos;
Driver info: driver.version: RemoteWebDriver
	at org.openqa.selenium.remote.HttpCommandExecutor.execute(HttpCommandExecutor.java:125)
	at org.openqa.selenium.remote.service.DriverCommandExecutor.execute(DriverCommandExecutor.java:83)
	at org.openqa.selenium.remote.RemoteWebDriver.execute(RemoteWebDriver.java:552)
	at org.openqa.selenium.remote.RemoteWebDriver.get(RemoteWebDriver.java:277)
	at pages.LoginPage.userLogin(LoginPage.java:77)
	at stepDefinitions.DataStructureAllPages_StepDef.the_user_is_on_the_tree_introduction_after_logged_in(DataStructureAllPages_StepDef.java:456)
	at ✽.The user is on the Tree Introduction after logged in(file:///C:/Users/madhu/git/Ds-Algo-QualityQuest/src/test/resources/features/Tree.feature:241)
</div></td></tr></table><p class="totop"><a href="#summary">back to summary</a></p>
<h3 id="m53">testRunner.MyTestRunner#runScenario</h3><table class="result"><tr class="param"><th>Parameter #1</th><th>Parameter #2</th></tr><tr class="param stripe"><td>&quot;The user is presented with error message for Password character length&quot;</td><td>&quot;Register Page&quot;</td></tr><tr><th colspan="2">Exception</th></tr><tr><td colspan="2"><div class="stacktrace">org.openqa.selenium.NoSuchSessionException: Session ID is null. Using WebDriver after calling quit()?
Build info: version: &apos;3.141.59&apos;, revision: &apos;e82be7d358&apos;, time: &apos;2018-11-14T08:17:03&apos;
System info: host: &apos;LAPTOP-EGII9MOL&apos;, ip: &apos;192.168.0.105&apos;, os.name: &apos;Windows 11&apos;, os.arch: &apos;amd64&apos;, os.version: &apos;10.0&apos;, java.version: &apos;17.0.8&apos;
Driver info: driver.version: RemoteWebDriver
	at org.openqa.selenium.remote.HttpCommandExecutor.execute(HttpCommandExecutor.java:125)
	at org.openqa.selenium.remote.service.DriverCommandExecutor.execute(DriverCommandExecutor.java:83)
	at org.openqa.selenium.remote.RemoteWebDriver.execute(RemoteWebDriver.java:552)
	at org.openqa.selenium.remote.RemoteWebDriver.execute(RemoteWebDriver.java:609)
	at org.openqa.selenium.remote.RemoteWebDriver.getCurrentUrl(RemoteWebDriver.java:287)
	at pages.RegisterPage.verifyRegisterPage(RegisterPage.java:46)
	at stepDefinitions.Register_StepDef.the_user_is_in_register_page(Register_StepDef.java:29)
	at ✽.The user is in Register Page(file:///C:/Users/madhu/git/Ds-Algo-QualityQuest/src/test/resources/features/Register.feature:51)
</div></td></tr></table><p class="totop"><a href="#summary">back to summary</a></p>
<h3 id="m54">testRunner.MyTestRunner#runScenario</h3><table class="result"><tr class="param"><th>Parameter #1</th><th>Parameter #2</th></tr><tr class="param stripe"><td>&quot;The user is presented with error message for empty Username textbox&quot;</td><td>&quot;Register Page&quot;</td></tr><tr><th colspan="2">Exception</th></tr><tr><td colspan="2"><div class="stacktrace">org.openqa.selenium.NoSuchSessionException: Session ID is null. Using WebDriver after calling quit()?
Build info: version: &apos;3.141.59&apos;, revision: &apos;e82be7d358&apos;, time: &apos;2018-11-14T08:17:03&apos;
System info: host: &apos;LAPTOP-EGII9MOL&apos;, ip: &apos;192.168.0.105&apos;, os.name: &apos;Windows 11&apos;, os.arch: &apos;amd64&apos;, os.version: &apos;10.0&apos;, java.version: &apos;17.0.8&apos;
Driver info: driver.version: RemoteWebDriver
	at org.openqa.selenium.remote.HttpCommandExecutor.execute(HttpCommandExecutor.java:125)
	at org.openqa.selenium.remote.service.DriverCommandExecutor.execute(DriverCommandExecutor.java:83)
	at org.openqa.selenium.remote.RemoteWebDriver.execute(RemoteWebDriver.java:552)
	at org.openqa.selenium.remote.RemoteWebDriver.execute(RemoteWebDriver.java:609)
	at org.openqa.selenium.remote.RemoteWebDriver.getCurrentUrl(RemoteWebDriver.java:287)
	at pages.RegisterPage.verifyRegisterPage(RegisterPage.java:46)
	at stepDefinitions.Register_StepDef.the_user_is_in_register_page(Register_StepDef.java:29)
	at ✽.The user is in Register Page(file:///C:/Users/madhu/git/Ds-Algo-QualityQuest/src/test/resources/features/Register.feature:11)
</div></td></tr></table><p class="totop"><a href="#summary">back to summary</a></p>
<h3 id="m55">testRunner.MyTestRunner#runScenario</h3><table class="result"><tr class="param"><th>Parameter #1</th><th>Parameter #2</th></tr><tr class="param stripe"><td>&quot;The user is presented with error message for empty Password Confirmation textbox&quot;</td><td>&quot;Register Page&quot;</td></tr><tr><th colspan="2">Exception</th></tr><tr><td colspan="2"><div class="stacktrace">org.openqa.selenium.NoSuchSessionException: Session ID is null. Using WebDriver after calling quit()?
Build info: version: &apos;3.141.59&apos;, revision: &apos;e82be7d358&apos;, time: &apos;2018-11-14T08:17:03&apos;
System info: host: &apos;LAPTOP-EGII9MOL&apos;, ip: &apos;192.168.0.105&apos;, os.name: &apos;Windows 11&apos;, os.arch: &apos;amd64&apos;, os.version: &apos;10.0&apos;, java.version: &apos;17.0.8&apos;
Driver info: driver.version: RemoteWebDriver
	at org.openqa.selenium.remote.HttpCommandExecutor.execute(HttpCommandExecutor.java:125)
	at org.openqa.selenium.remote.service.DriverCommandExecutor.execute(DriverCommandExecutor.java:83)
	at org.openqa.selenium.remote.RemoteWebDriver.execute(RemoteWebDriver.java:552)
	at org.openqa.selenium.remote.RemoteWebDriver.execute(RemoteWebDriver.java:609)
	at org.openqa.selenium.remote.RemoteWebDriver.getCurrentUrl(RemoteWebDriver.java:287)
	at pages.RegisterPage.verifyRegisterPage(RegisterPage.java:46)
	at stepDefinitions.Register_StepDef.the_user_is_in_register_page(Register_StepDef.java:29)
	at ✽.The user is in Register Page(file:///C:/Users/madhu/git/Ds-Algo-QualityQuest/src/test/resources/features/Register.feature:22)
</div></td></tr></table><p class="totop"><a href="#summary">back to summary</a></p>
<h3 id="m56">testRunner.MyTestRunner#runScenario</h3><table class="result"><tr class="param"><th>Parameter #1</th><th>Parameter #2</th></tr><tr class="param stripe"><td>&quot;The user is able to navigate to Traversal link page&quot;</td><td>&quot;LinkedList Page&quot;</td></tr><tr><th colspan="2">Exception</th></tr><tr><td colspan="2"><div class="stacktrace">org.openqa.selenium.NoSuchSessionException: Session ID is null. Using WebDriver after calling quit()?
Build info: version: &apos;3.141.59&apos;, revision: &apos;e82be7d358&apos;, time: &apos;2018-11-14T08:17:03&apos;
System info: host: &apos;LAPTOP-EGII9MOL&apos;, ip: &apos;192.168.0.105&apos;, os.name: &apos;Windows 11&apos;, os.arch: &apos;amd64&apos;, os.version: &apos;10.0&apos;, java.version: &apos;17.0.8&apos;
Driver info: driver.version: RemoteWebDriver
	at org.openqa.selenium.remote.HttpCommandExecutor.execute(HttpCommandExecutor.java:125)
	at org.openqa.selenium.remote.service.DriverCommandExecutor.execute(DriverCommandExecutor.java:83)
	at org.openqa.selenium.remote.RemoteWebDriver.execute(RemoteWebDriver.java:552)
	at org.openqa.selenium.remote.RemoteWebDriver.get(RemoteWebDriver.java:277)
	at pages.LoginPage.userLogin(LoginPage.java:77)
	at stepDefinitions.DataStructureAllPages_StepDef.the_user_is_on_the_linked_list_page_after_logged_in(DataStructureAllPages_StepDef.java:312)
	at ✽.The user is on the Linked List page after logged in(file:///C:/Users/madhu/git/Ds-Algo-QualityQuest/src/test/resources/features/LinkedList.feature:82)
</div></td></tr></table><p class="totop"><a href="#summary">back to summary</a></p>
<h3 id="m57">testRunner.MyTestRunner#runScenario</h3><table class="result"><tr class="param"><th>Parameter #1</th><th>Parameter #2</th></tr><tr class="param stripe"><td>&quot;The user is able to navigate to Graph link page&quot;</td><td>&quot;Graph Page&quot;</td></tr><tr><th colspan="2">Exception</th></tr><tr><td colspan="2"><div class="stacktrace">org.openqa.selenium.NoSuchSessionException: Session ID is null. Using WebDriver after calling quit()?
Build info: version: &apos;3.141.59&apos;, revision: &apos;e82be7d358&apos;, time: &apos;2018-11-14T08:17:03&apos;
System info: host: &apos;LAPTOP-EGII9MOL&apos;, ip: &apos;192.168.0.105&apos;, os.name: &apos;Windows 11&apos;, os.arch: &apos;amd64&apos;, os.version: &apos;10.0&apos;, java.version: &apos;17.0.8&apos;
Driver info: driver.version: RemoteWebDriver
	at org.openqa.selenium.remote.HttpCommandExecutor.execute(HttpCommandExecutor.java:125)
	at org.openqa.selenium.remote.service.DriverCommandExecutor.execute(DriverCommandExecutor.java:83)
	at org.openqa.selenium.remote.RemoteWebDriver.execute(RemoteWebDriver.java:552)
	at org.openqa.selenium.remote.RemoteWebDriver.get(RemoteWebDriver.java:277)
	at pages.LoginPage.userLogin(LoginPage.java:77)
	at stepDefinitions.DataStructureAllPages_StepDef.the_user_is_on_the_graph_introduction_after_logged_in(DataStructureAllPages_StepDef.java:276)
	at ✽.The user is on the Graph Introduction after logged in(file:///C:/Users/madhu/git/Ds-Algo-QualityQuest/src/test/resources/features/Graph.feature:6)
</div></td></tr></table><p class="totop"><a href="#summary">back to summary</a></p>
<h3 id="m58">testRunner.MyTestRunner#runScenario</h3><table class="result"><tr class="param"><th>Parameter #1</th><th>Parameter #2</th></tr><tr class="param stripe"><td>&quot;The user is presented with error message for code with invalid syntax in tryEditor for Arrays in Python page&quot;</td><td>&quot;Array Page&quot;</td></tr><tr><th colspan="2">Exception</th></tr><tr><td colspan="2"><div class="stacktrace">org.openqa.selenium.UnhandledAlertException: unexpected alert open: {Alert text : SyntaxError: bad input on line 1}
  (Session info: chrome=116.0.5845.141): SyntaxError: bad input on line 1
Build info: version: &apos;3.141.59&apos;, revision: &apos;e82be7d358&apos;, time: &apos;2018-11-14T08:17:03&apos;
System info: host: &apos;LAPTOP-EGII9MOL&apos;, ip: &apos;192.168.0.105&apos;, os.name: &apos;Windows 11&apos;, os.arch: &apos;amd64&apos;, os.version: &apos;10.0&apos;, java.version: &apos;17.0.8&apos;
Driver info: org.openqa.selenium.chrome.ChromeDriver
Capabilities {acceptInsecureCerts: false, browserName: chrome, browserVersion: 116.0.5845.141, chrome: {chromedriverVersion: 116.0.5845.96 (1a3918166880..., userDataDir: C:\Users\madhu\AppData\Loca...}, fedcm:accounts: true, goog:chromeOptions: {debuggerAddress: localhost:56868}, javascriptEnabled: true, networkConnectionEnabled: false, pageLoadStrategy: normal, platform: WINDOWS, platformName: WINDOWS, proxy: Proxy(), setWindowRect: true, strictFileInteractability: false, timeouts: {implicit: 0, pageLoad: 300000, script: 30000}, unhandledPromptBehavior: dismiss and notify, webauthn:extension:credBlob: true, webauthn:extension:largeBlob: true, webauthn:extension:minPinLength: true, webauthn:extension:prf: true, webauthn:virtualAuthenticators: true}
Session ID: b4044181a624816ba6dc81504d381d19
*** Element info: {Using=id, value=output}
	at org.openqa.selenium.remote.http.W3CHttpResponseCodec.decode(W3CHttpResponseCodec.java:120)
	at org.openqa.selenium.remote.http.W3CHttpResponseCodec.decode(W3CHttpResponseCodec.java:49)
	at org.openqa.selenium.remote.HttpCommandExecutor.execute(HttpCommandExecutor.java:158)
	at org.openqa.selenium.remote.service.DriverCommandExecutor.execute(DriverCommandExecutor.java:83)
	at org.openqa.selenium.remote.RemoteWebDriver.execute(RemoteWebDriver.java:552)
	at org.openqa.selenium.remote.RemoteWebDriver.findElement(RemoteWebDriver.java:323)
	at org.openqa.selenium.remote.RemoteWebDriver.findElementById(RemoteWebDriver.java:372)
	at org.openqa.selenium.By$ById.findElement(By.java:188)
	at org.openqa.selenium.remote.RemoteWebDriver.findElement(RemoteWebDriver.java:315)
	at org.openqa.selenium.support.pagefactory.DefaultElementLocator.findElement(DefaultElementLocator.java:69)
	at org.openqa.selenium.support.pagefactory.internal.LocatingElementHandler.invoke(LocatingElementHandler.java:38)
	at jdk.proxy2/jdk.proxy2.$Proxy27.isDisplayed(Unknown Source)
	at pages.CommonCode.verifyEditorResult(CommonCode.java:78)
	at stepDefinitions.DataStructureAllPages_StepDef.the_user_should_be_presented_with_run_result(DataStructureAllPages_StepDef.java:117)
	at ✽.The user should be presented with Run result(file:///C:/Users/madhu/git/Ds-Algo-QualityQuest/src/test/resources/features/Array.feature:20)
</div></td></tr></table><p class="totop"><a href="#summary">back to summary</a></p>
<h3 id="m59">testRunner.MyTestRunner#runScenario</h3><table class="result"><tr class="param"><th>Parameter #1</th><th>Parameter #2</th></tr><tr class="param stripe"><td>&quot;The user is able to navigate to Practice page&quot;</td><td>&quot;Queue Page&quot;</td></tr><tr><th colspan="2">Exception</th></tr><tr><td colspan="2"><div class="stacktrace">org.openqa.selenium.NoSuchSessionException: Session ID is null. Using WebDriver after calling quit()?
Build info: version: &apos;3.141.59&apos;, revision: &apos;e82be7d358&apos;, time: &apos;2018-11-14T08:17:03&apos;
System info: host: &apos;LAPTOP-EGII9MOL&apos;, ip: &apos;192.168.0.105&apos;, os.name: &apos;Windows 11&apos;, os.arch: &apos;amd64&apos;, os.version: &apos;10.0&apos;, java.version: &apos;17.0.8&apos;
Driver info: driver.version: RemoteWebDriver
	at org.openqa.selenium.remote.HttpCommandExecutor.execute(HttpCommandExecutor.java:125)
	at org.openqa.selenium.remote.service.DriverCommandExecutor.execute(DriverCommandExecutor.java:83)
	at org.openqa.selenium.remote.RemoteWebDriver.execute(RemoteWebDriver.java:552)
	at org.openqa.selenium.remote.RemoteWebDriver.get(RemoteWebDriver.java:277)
	at pages.LoginPage.userLogin(LoginPage.java:77)
	at stepDefinitions.DataStructureAllPages_StepDef.the_user_is_on_the_queue_introduction_after_logged_in(DataStructureAllPages_StepDef.java:375)
	at ✽.The user is on the Queue Introduction after logged in(file:///C:/Users/madhu/git/Ds-Algo-QualityQuest/src/test/resources/features/Queue.feature:79)
</div></td></tr></table><p class="totop"><a href="#summary">back to summary</a></p>
<h3 id="m60">testRunner.MyTestRunner#runScenario</h3><table class="result"><tr class="param"><th>Parameter #1</th><th>Parameter #2</th></tr><tr class="param stripe"><td>&quot;The user is presented with error message for code with invalid syntax in tryEditor for Time Complexity page&quot;</td><td>&quot;DataStructure Page&quot;</td></tr><tr><th colspan="2">Exception</th></tr><tr><td colspan="2"><div class="stacktrace">org.openqa.selenium.NoSuchSessionException: Session ID is null. Using WebDriver after calling quit()?
Build info: version: &apos;3.141.59&apos;, revision: &apos;e82be7d358&apos;, time: &apos;2018-11-14T08:17:03&apos;
System info: host: &apos;LAPTOP-EGII9MOL&apos;, ip: &apos;192.168.0.105&apos;, os.name: &apos;Windows 11&apos;, os.arch: &apos;amd64&apos;, os.version: &apos;10.0&apos;, java.version: &apos;17.0.8&apos;
Driver info: driver.version: RemoteWebDriver
	at org.openqa.selenium.remote.HttpCommandExecutor.execute(HttpCommandExecutor.java:125)
	at org.openqa.selenium.remote.service.DriverCommandExecutor.execute(DriverCommandExecutor.java:83)
	at org.openqa.selenium.remote.RemoteWebDriver.execute(RemoteWebDriver.java:552)
	at org.openqa.selenium.remote.RemoteWebDriver.get(RemoteWebDriver.java:277)
	at pages.LoginPage.userLogin(LoginPage.java:77)
	at stepDefinitions.DataStructureAllPages_StepDef.the_user_is_on_the_data_structures_introduction_after_logged_in(DataStructureAllPages_StepDef.java:246)
	at ✽.The user is on the Data Structures Introduction after logged in(file:///C:/Users/madhu/git/Ds-Algo-QualityQuest/src/test/resources/features/DataStructure.feature:15)
</div></td></tr></table><p class="totop"><a href="#summary">back to summary</a></p>
<h3 id="m61">testRunner.MyTestRunner#runScenario</h3><table class="result"><tr class="param"><th>Parameter #1</th><th>Parameter #2</th></tr><tr class="param stripe"><td>&quot;The user is able to navigate to Time Complexity page and run python code&quot;</td><td>&quot;DataStructure Page&quot;</td></tr><tr><th colspan="2">Exception</th></tr><tr><td colspan="2"><div class="stacktrace">org.openqa.selenium.NoSuchSessionException: Session ID is null. Using WebDriver after calling quit()?
Build info: version: &apos;3.141.59&apos;, revision: &apos;e82be7d358&apos;, time: &apos;2018-11-14T08:17:03&apos;
System info: host: &apos;LAPTOP-EGII9MOL&apos;, ip: &apos;192.168.0.105&apos;, os.name: &apos;Windows 11&apos;, os.arch: &apos;amd64&apos;, os.version: &apos;10.0&apos;, java.version: &apos;17.0.8&apos;
Driver info: driver.version: RemoteWebDriver
	at org.openqa.selenium.remote.HttpCommandExecutor.execute(HttpCommandExecutor.java:125)
	at org.openqa.selenium.remote.service.DriverCommandExecutor.execute(DriverCommandExecutor.java:83)
	at org.openqa.selenium.remote.RemoteWebDriver.execute(RemoteWebDriver.java:552)
	at org.openqa.selenium.remote.RemoteWebDriver.get(RemoteWebDriver.java:277)
	at pages.LoginPage.userLogin(LoginPage.java:77)
	at stepDefinitions.DataStructureAllPages_StepDef.the_user_is_on_the_data_structures_introduction_after_logged_in(DataStructureAllPages_StepDef.java:246)
	at ✽.The user is on the Data Structures Introduction after logged in(file:///C:/Users/madhu/git/Ds-Algo-QualityQuest/src/test/resources/features/DataStructure.feature:7)
</div></td></tr></table><p class="totop"><a href="#summary">back to summary</a></p>
<h3 id="m62">testRunner.MyTestRunner#runScenario</h3><table class="result"><tr class="param"><th>Parameter #1</th><th>Parameter #2</th></tr><tr class="param stripe"><td>&quot;The user is able to navigate to Practice page&quot;</td><td>&quot;Graph Page&quot;</td></tr><tr><th colspan="2">Exception</th></tr><tr><td colspan="2"><div class="stacktrace">org.openqa.selenium.NoSuchSessionException: Session ID is null. Using WebDriver after calling quit()?
Build info: version: &apos;3.141.59&apos;, revision: &apos;e82be7d358&apos;, time: &apos;2018-11-14T08:17:03&apos;
System info: host: &apos;LAPTOP-EGII9MOL&apos;, ip: &apos;192.168.0.105&apos;, os.name: &apos;Windows 11&apos;, os.arch: &apos;amd64&apos;, os.version: &apos;10.0&apos;, java.version: &apos;17.0.8&apos;
Driver info: driver.version: RemoteWebDriver
	at org.openqa.selenium.remote.HttpCommandExecutor.execute(HttpCommandExecutor.java:125)
	at org.openqa.selenium.remote.service.DriverCommandExecutor.execute(DriverCommandExecutor.java:83)
	at org.openqa.selenium.remote.RemoteWebDriver.execute(RemoteWebDriver.java:552)
	at org.openqa.selenium.remote.RemoteWebDriver.get(RemoteWebDriver.java:277)
	at pages.LoginPage.userLogin(LoginPage.java:77)
	at stepDefinitions.DataStructureAllPages_StepDef.the_user_is_on_the_graph_introduction_after_logged_in(DataStructureAllPages_StepDef.java:276)
	at ✽.The user is on the Graph Introduction after logged in(file:///C:/Users/madhu/git/Ds-Algo-QualityQuest/src/test/resources/features/Graph.feature:42)
</div></td></tr></table><p class="totop"><a href="#summary">back to summary</a></p>
<h3 id="m63">testRunner.MyTestRunner#runScenario</h3><table class="result"><tr class="param"><th>Parameter #1</th><th>Parameter #2</th></tr><tr class="param stripe"><td>&quot;The user is able to submit code in tryEditor for search the array Ones&quot;</td><td>&quot;Array Page&quot;</td></tr><tr><th colspan="2">Exception</th></tr><tr><td colspan="2"><div class="stacktrace">org.openqa.selenium.ElementNotInteractableException: element not interactable
  (Session info: chrome=116.0.5845.141)
Build info: version: &apos;3.141.59&apos;, revision: &apos;e82be7d358&apos;, time: &apos;2018-11-14T08:17:03&apos;
System info: host: &apos;LAPTOP-EGII9MOL&apos;, ip: &apos;192.168.0.105&apos;, os.name: &apos;Windows 11&apos;, os.arch: &apos;amd64&apos;, os.version: &apos;10.0&apos;, java.version: &apos;17.0.8&apos;
Driver info: org.openqa.selenium.chrome.ChromeDriver
Capabilities {acceptInsecureCerts: false, browserName: chrome, browserVersion: 116.0.5845.141, chrome: {chromedriverVersion: 116.0.5845.96 (1a3918166880..., userDataDir: C:\Users\madhu\AppData\Loca...}, fedcm:accounts: true, goog:chromeOptions: {debuggerAddress: localhost:56855}, javascriptEnabled: true, networkConnectionEnabled: false, pageLoadStrategy: normal, platform: WINDOWS, platformName: WINDOWS, proxy: Proxy(), setWindowRect: true, strictFileInteractability: false, timeouts: {implicit: 0, pageLoad: 300000, script: 30000}, unhandledPromptBehavior: dismiss and notify, webauthn:extension:credBlob: true, webauthn:extension:largeBlob: true, webauthn:extension:minPinLength: true, webauthn:extension:prf: true, webauthn:virtualAuthenticators: true}
Session ID: a5f25ae91a3aeadb6d0c756ee96d3234
	at java.base/jdk.internal.reflect.NativeConstructorAccessorImpl.newInstance0(Native Method)
	at java.base/jdk.internal.reflect.NativeConstructorAccessorImpl.newInstance(NativeConstructorAccessorImpl.java:77)
	at java.base/jdk.internal.reflect.DelegatingConstructorAccessorImpl.newInstance(DelegatingConstructorAccessorImpl.java:45)
	at java.base/java.lang.reflect.Constructor.newInstanceWithCaller(Constructor.java:499)
	at java.base/java.lang.reflect.Constructor.newInstance(Constructor.java:480)
	at org.openqa.selenium.remote.http.W3CHttpResponseCodec.createException(W3CHttpResponseCodec.java:187)
	at org.openqa.selenium.remote.http.W3CHttpResponseCodec.decode(W3CHttpResponseCodec.java:122)
	at org.openqa.selenium.remote.http.W3CHttpResponseCodec.decode(W3CHttpResponseCodec.java:49)
	at org.openqa.selenium.remote.HttpCommandExecutor.execute(HttpCommandExecutor.java:158)
	at org.openqa.selenium.remote.service.DriverCommandExecutor.execute(DriverCommandExecutor.java:83)
	at org.openqa.selenium.remote.RemoteWebDriver.execute(RemoteWebDriver.java:552)
	at org.openqa.selenium.remote.RemoteWebElement.execute(RemoteWebElement.java:285)
	at org.openqa.selenium.remote.RemoteWebElement.clear(RemoteWebElement.java:124)
	at java.base/jdk.internal.reflect.NativeMethodAccessorImpl.invoke0(Native Method)
	at java.base/jdk.internal.reflect.NativeMethodAccessorImpl.invoke(NativeMethodAccessorImpl.java:77)
	at java.base/jdk.internal.reflect.DelegatingMethodAccessorImpl.invoke(DelegatingMethodAccessorImpl.java:43)
	at java.base/java.lang.reflect.Method.invoke(Method.java:568)
	at org.openqa.selenium.support.pagefactory.internal.LocatingElementHandler.invoke(LocatingElementHandler.java:51)
	at jdk.proxy2/jdk.proxy2.$Proxy27.clear(Unknown Source)
	at pages.ArrayPage.enterPracticeEditorCode(ArrayPage.java:97)
	at stepDefinitions.DataStructureAllPages_StepDef.the_user_enter_valid_python_in_try_editor_from_sheet_for_search_the_array_question(DataStructureAllPages_StepDef.java:146)
	at ✽.The user enter valid python &quot;code&quot; in tryEditor from sheet for search the array question(file:///C:/Users/madhu/git/Ds-Algo-QualityQuest/src/test/resources/features/Array.feature:104)
</div></td></tr></table><p class="totop"><a href="#summary">back to summary</a></p>
<h3 id="m64">testRunner.MyTestRunner#runScenario</h3><table class="result"><tr class="param"><th>Parameter #1</th><th>Parameter #2</th></tr><tr class="param stripe"><td>&quot;The user is presented with error message for code with invalid syntax in tryEditor for Types of Linked List Link page&quot;</td><td>&quot;LinkedList Page&quot;</td></tr><tr><th colspan="2">Exception</th></tr><tr><td colspan="2"><div class="stacktrace">org.openqa.selenium.NoSuchSessionException: Session ID is null. Using WebDriver after calling quit()?
Build info: version: &apos;3.141.59&apos;, revision: &apos;e82be7d358&apos;, time: &apos;2018-11-14T08:17:03&apos;
System info: host: &apos;LAPTOP-EGII9MOL&apos;, ip: &apos;192.168.0.105&apos;, os.name: &apos;Windows 11&apos;, os.arch: &apos;amd64&apos;, os.version: &apos;10.0&apos;, java.version: &apos;17.0.8&apos;
Driver info: driver.version: RemoteWebDriver
	at org.openqa.selenium.remote.HttpCommandExecutor.execute(HttpCommandExecutor.java:125)
	at org.openqa.selenium.remote.service.DriverCommandExecutor.execute(DriverCommandExecutor.java:83)
	at org.openqa.selenium.remote.RemoteWebDriver.execute(RemoteWebDriver.java:552)
	at org.openqa.selenium.remote.RemoteWebDriver.get(RemoteWebDriver.java:277)
	at pages.LoginPage.userLogin(LoginPage.java:77)
	at stepDefinitions.DataStructureAllPages_StepDef.the_user_is_on_the_linked_list_page_after_logged_in(DataStructureAllPages_StepDef.java:312)
	at ✽.The user is on the Linked List page after logged in(file:///C:/Users/madhu/git/Ds-Algo-QualityQuest/src/test/resources/features/LinkedList.feature:52)
</div></td></tr></table><p class="totop"><a href="#summary">back to summary</a></p>
<h3 id="m65">testRunner.MyTestRunner#runScenario</h3><table class="result"><tr class="param"><th>Parameter #1</th><th>Parameter #2</th></tr><tr class="param stripe"><td>&quot;The user is presented with error message for code with invalid syntax in tryEditor for Applications of Binary trees page&quot;</td><td>&quot;Tree Page&quot;</td></tr><tr><th colspan="2">Exception</th></tr><tr><td colspan="2"><div class="stacktrace">org.openqa.selenium.NoSuchSessionException: Session ID is null. Using WebDriver after calling quit()?
Build info: version: &apos;3.141.59&apos;, revision: &apos;e82be7d358&apos;, time: &apos;2018-11-14T08:17:03&apos;
System info: host: &apos;LAPTOP-EGII9MOL&apos;, ip: &apos;192.168.0.105&apos;, os.name: &apos;Windows 11&apos;, os.arch: &apos;amd64&apos;, os.version: &apos;10.0&apos;, java.version: &apos;17.0.8&apos;
Driver info: driver.version: RemoteWebDriver
	at org.openqa.selenium.remote.HttpCommandExecutor.execute(HttpCommandExecutor.java:125)
	at org.openqa.selenium.remote.service.DriverCommandExecutor.execute(DriverCommandExecutor.java:83)
	at org.openqa.selenium.remote.RemoteWebDriver.execute(RemoteWebDriver.java:552)
	at org.openqa.selenium.remote.RemoteWebDriver.get(RemoteWebDriver.java:277)
	at pages.LoginPage.userLogin(LoginPage.java:77)
	at stepDefinitions.DataStructureAllPages_StepDef.the_user_is_on_the_tree_introduction_after_logged_in(DataStructureAllPages_StepDef.java:456)
	at ✽.The user is on the Tree Introduction after logged in(file:///C:/Users/madhu/git/Ds-Algo-QualityQuest/src/test/resources/features/Tree.feature:211)
</div></td></tr></table><p class="totop"><a href="#summary">back to summary</a></p>
<h3 id="m66">testRunner.MyTestRunner#runScenario</h3><table class="result"><tr class="param"><th>Parameter #1</th><th>Parameter #2</th></tr><tr class="param stripe"><td>&quot;The user is able to navigate to Practice page&quot;</td><td>&quot;LinkedList Page&quot;</td></tr><tr><th colspan="2">Exception</th></tr><tr><td colspan="2"><div class="stacktrace">org.openqa.selenium.NoSuchSessionException: Session ID is null. Using WebDriver after calling quit()?
Build info: version: &apos;3.141.59&apos;, revision: &apos;e82be7d358&apos;, time: &apos;2018-11-14T08:17:03&apos;
System info: host: &apos;LAPTOP-EGII9MOL&apos;, ip: &apos;192.168.0.105&apos;, os.name: &apos;Windows 11&apos;, os.arch: &apos;amd64&apos;, os.version: &apos;10.0&apos;, java.version: &apos;17.0.8&apos;
Driver info: driver.version: RemoteWebDriver
	at org.openqa.selenium.remote.HttpCommandExecutor.execute(HttpCommandExecutor.java:125)
	at org.openqa.selenium.remote.service.DriverCommandExecutor.execute(DriverCommandExecutor.java:83)
	at org.openqa.selenium.remote.RemoteWebDriver.execute(RemoteWebDriver.java:552)
	at org.openqa.selenium.remote.RemoteWebDriver.get(RemoteWebDriver.java:277)
	at pages.LoginPage.userLogin(LoginPage.java:77)
	at stepDefinitions.DataStructureAllPages_StepDef.the_user_is_on_the_linked_list_page_after_logged_in(DataStructureAllPages_StepDef.java:312)
	at ✽.The user is on the Linked List page after logged in(file:///C:/Users/madhu/git/Ds-Algo-QualityQuest/src/test/resources/features/LinkedList.feature:140)
</div></td></tr></table><p class="totop"><a href="#summary">back to summary</a></p>
<h3 id="m67">testRunner.MyTestRunner#runScenario</h3><table class="result"><tr class="param"><th>Parameter #1</th><th>Parameter #2</th></tr><tr class="param stripe"><td>&quot;The user is able to navigate to Question page from Squares of a Sorted Array&quot;</td><td>&quot;Array Page&quot;</td></tr><tr><th colspan="2">Exception</th></tr><tr><td colspan="2"><div class="stacktrace">org.openqa.selenium.NoSuchSessionException: Session ID is null. Using WebDriver after calling quit()?
Build info: version: &apos;3.141.59&apos;, revision: &apos;e82be7d358&apos;, time: &apos;2018-11-14T08:17:03&apos;
System info: host: &apos;LAPTOP-EGII9MOL&apos;, ip: &apos;192.168.0.105&apos;, os.name: &apos;Windows 11&apos;, os.arch: &apos;amd64&apos;, os.version: &apos;10.0&apos;, java.version: &apos;17.0.8&apos;
Driver info: driver.version: RemoteWebDriver
	at org.openqa.selenium.remote.HttpCommandExecutor.execute(HttpCommandExecutor.java:125)
	at org.openqa.selenium.remote.service.DriverCommandExecutor.execute(DriverCommandExecutor.java:83)
	at org.openqa.selenium.remote.RemoteWebDriver.execute(RemoteWebDriver.java:552)
	at org.openqa.selenium.remote.RemoteWebDriver.get(RemoteWebDriver.java:277)
	at pages.LoginPage.userLogin(LoginPage.java:77)
	at stepDefinitions.DataStructureAllPages_StepDef.the_user_is_logged_in_to_the_ds_algo_portal(DataStructureAllPages_StepDef.java:66)
	at ✽.The user is logged in to the DS Algo portal(file:///C:/Users/madhu/git/Ds-Algo-QualityQuest/src/test/resources/features/Array.feature:183)
</div></td></tr></table><p class="totop"><a href="#summary">back to summary</a></p>
<h3 id="m68">testRunner.MyTestRunner#runScenario</h3><table class="result"><tr class="param"><th>Parameter #1</th><th>Parameter #2</th></tr><tr class="param stripe"><td>&quot;User on login page and login with invalid password&quot;</td><td>&quot;Login Page&quot;</td></tr><tr><th colspan="2">Exception</th></tr><tr><td colspan="2"><div class="stacktrace">org.openqa.selenium.NoSuchSessionException: Session ID is null. Using WebDriver after calling quit()?
Build info: version: &apos;3.141.59&apos;, revision: &apos;e82be7d358&apos;, time: &apos;2018-11-14T08:17:03&apos;
System info: host: &apos;LAPTOP-EGII9MOL&apos;, ip: &apos;192.168.0.105&apos;, os.name: &apos;Windows 11&apos;, os.arch: &apos;amd64&apos;, os.version: &apos;10.0&apos;, java.version: &apos;17.0.8&apos;
Driver info: driver.version: RemoteWebDriver
	at org.openqa.selenium.remote.HttpCommandExecutor.execute(HttpCommandExecutor.java:125)
	at org.openqa.selenium.remote.service.DriverCommandExecutor.execute(DriverCommandExecutor.java:83)
	at org.openqa.selenium.remote.RemoteWebDriver.execute(RemoteWebDriver.java:552)
	at org.openqa.selenium.remote.RemoteWebDriver.execute(RemoteWebDriver.java:609)
	at org.openqa.selenium.remote.RemoteWebDriver.getCurrentUrl(RemoteWebDriver.java:287)
	at pages.LoginPage.verifyLoginPage(LoginPage.java:47)
	at stepDefinitions.login_StepDef.the_user_is_in_the_sign_in_page(login_StepDef.java:25)
	at ✽.The user is in the Sign in page(file:///C:/Users/madhu/git/Ds-Algo-QualityQuest/src/test/resources/features/Login.feature:10)
</div></td></tr></table><p class="totop"><a href="#summary">back to summary</a></p>
<h3 id="m69">testRunner.MyTestRunner#runScenario</h3><table class="result"><tr class="param"><th>Parameter #1</th><th>Parameter #2</th></tr><tr class="param stripe"><td>&quot;The user is able to navigate to Overview of Trees link page&quot;</td><td>&quot;Tree Page&quot;</td></tr><tr><th colspan="2">Exception</th></tr><tr><td colspan="2"><div class="stacktrace">org.openqa.selenium.NoSuchSessionException: Session ID is null. Using WebDriver after calling quit()?
Build info: version: &apos;3.141.59&apos;, revision: &apos;e82be7d358&apos;, time: &apos;2018-11-14T08:17:03&apos;
System info: host: &apos;LAPTOP-EGII9MOL&apos;, ip: &apos;192.168.0.105&apos;, os.name: &apos;Windows 11&apos;, os.arch: &apos;amd64&apos;, os.version: &apos;10.0&apos;, java.version: &apos;17.0.8&apos;
Driver info: driver.version: RemoteWebDriver
	at org.openqa.selenium.remote.HttpCommandExecutor.execute(HttpCommandExecutor.java:125)
	at org.openqa.selenium.remote.service.DriverCommandExecutor.execute(DriverCommandExecutor.java:83)
	at org.openqa.selenium.remote.RemoteWebDriver.execute(RemoteWebDriver.java:552)
	at org.openqa.selenium.remote.RemoteWebDriver.get(RemoteWebDriver.java:277)
	at pages.LoginPage.userLogin(LoginPage.java:77)
	at stepDefinitions.DataStructureAllPages_StepDef.the_user_is_on_the_tree_introduction_after_logged_in(DataStructureAllPages_StepDef.java:456)
	at ✽.The user is on the Tree Introduction after logged in(file:///C:/Users/madhu/git/Ds-Algo-QualityQuest/src/test/resources/features/Tree.feature:6)
</div></td></tr></table><p class="totop"><a href="#summary">back to summary</a></p>
<h3 id="m70">testRunner.MyTestRunner#runScenario</h3><table class="result"><tr class="param"><th>Parameter #1</th><th>Parameter #2</th></tr><tr class="param stripe"><td>&quot;The user is able to navigate to Implementation link page&quot;</td><td>&quot;Stack Page&quot;</td></tr><tr><th colspan="2">Exception</th></tr><tr><td colspan="2"><div class="stacktrace">org.openqa.selenium.NoSuchSessionException: Session ID is null. Using WebDriver after calling quit()?
Build info: version: &apos;3.141.59&apos;, revision: &apos;e82be7d358&apos;, time: &apos;2018-11-14T08:17:03&apos;
System info: host: &apos;LAPTOP-EGII9MOL&apos;, ip: &apos;192.168.0.105&apos;, os.name: &apos;Windows 11&apos;, os.arch: &apos;amd64&apos;, os.version: &apos;10.0&apos;, java.version: &apos;17.0.8&apos;
Driver info: driver.version: RemoteWebDriver
	at org.openqa.selenium.remote.HttpCommandExecutor.execute(HttpCommandExecutor.java:125)
	at org.openqa.selenium.remote.service.DriverCommandExecutor.execute(DriverCommandExecutor.java:83)
	at org.openqa.selenium.remote.RemoteWebDriver.execute(RemoteWebDriver.java:552)
	at org.openqa.selenium.remote.RemoteWebDriver.get(RemoteWebDriver.java:277)
	at pages.LoginPage.userLogin(LoginPage.java:77)
	at stepDefinitions.DataStructureAllPages_StepDef.the_user_is_on_the_stack_introduction_after_logged_in(DataStructureAllPages_StepDef.java:419)
	at ✽.The user is on the Stack Introduction after logged in(file:///C:/Users/madhu/git/Ds-Algo-QualityQuest/src/test/resources/features/Stack.feature:24)
</div></td></tr></table><p class="totop"><a href="#summary">back to summary</a></p>
<h3 id="m71">testRunner.MyTestRunner#runScenario</h3><table class="result"><tr class="param"><th>Parameter #1</th><th>Parameter #2</th></tr><tr class="param stripe"><td>&quot;User on login page and logins without password&quot;</td><td>&quot;Login Page&quot;</td></tr><tr><th colspan="2">Exception</th></tr><tr><td colspan="2"><div class="stacktrace">org.openqa.selenium.NoSuchSessionException: Session ID is null. Using WebDriver after calling quit()?
Build info: version: &apos;3.141.59&apos;, revision: &apos;e82be7d358&apos;, time: &apos;2018-11-14T08:17:03&apos;
System info: host: &apos;LAPTOP-EGII9MOL&apos;, ip: &apos;192.168.0.105&apos;, os.name: &apos;Windows 11&apos;, os.arch: &apos;amd64&apos;, os.version: &apos;10.0&apos;, java.version: &apos;17.0.8&apos;
Driver info: driver.version: RemoteWebDriver
	at org.openqa.selenium.remote.HttpCommandExecutor.execute(HttpCommandExecutor.java:125)
	at org.openqa.selenium.remote.service.DriverCommandExecutor.execute(DriverCommandExecutor.java:83)
	at org.openqa.selenium.remote.RemoteWebDriver.execute(RemoteWebDriver.java:552)
	at org.openqa.selenium.remote.RemoteWebDriver.execute(RemoteWebDriver.java:609)
	at org.openqa.selenium.remote.RemoteWebDriver.getCurrentUrl(RemoteWebDriver.java:287)
	at pages.LoginPage.verifyLoginPage(LoginPage.java:47)
	at stepDefinitions.login_StepDef.the_user_is_in_the_sign_in_page(login_StepDef.java:25)
	at ✽.The user is in the Sign in page(file:///C:/Users/madhu/git/Ds-Algo-QualityQuest/src/test/resources/features/Login.feature:21)
</div></td></tr></table><p class="totop"><a href="#summary">back to summary</a></p>
<h3 id="m72">testRunner.MyTestRunner#runScenario</h3><table class="result"><tr class="param"><th>Parameter #1</th><th>Parameter #2</th></tr><tr class="param stripe"><td>&quot;The user is presented with error message for code with invalid syntax in tryEditor for Implementation using array page&quot;</td><td>&quot;Queue Page&quot;</td></tr><tr><th colspan="2">Exception</th></tr><tr><td colspan="2"><div class="stacktrace">org.openqa.selenium.NoSuchSessionException: Session ID is null. Using WebDriver after calling quit()?
Build info: version: &apos;3.141.59&apos;, revision: &apos;e82be7d358&apos;, time: &apos;2018-11-14T08:17:03&apos;
System info: host: &apos;LAPTOP-EGII9MOL&apos;, ip: &apos;192.168.0.105&apos;, os.name: &apos;Windows 11&apos;, os.arch: &apos;amd64&apos;, os.version: &apos;10.0&apos;, java.version: &apos;17.0.8&apos;
Driver info: driver.version: RemoteWebDriver
	at org.openqa.selenium.remote.HttpCommandExecutor.execute(HttpCommandExecutor.java:125)
	at org.openqa.selenium.remote.service.DriverCommandExecutor.execute(DriverCommandExecutor.java:83)
	at org.openqa.selenium.remote.RemoteWebDriver.execute(RemoteWebDriver.java:552)
	at org.openqa.selenium.remote.RemoteWebDriver.get(RemoteWebDriver.java:277)
	at pages.LoginPage.userLogin(LoginPage.java:77)
	at stepDefinitions.DataStructureAllPages_StepDef.the_user_is_on_the_queue_introduction_after_logged_in(DataStructureAllPages_StepDef.java:375)
	at ✽.The user is on the Queue Introduction after logged in(file:///C:/Users/madhu/git/Ds-Algo-QualityQuest/src/test/resources/features/Queue.feature:50)
</div></td></tr></table><p class="totop"><a href="#summary">back to summary</a></p>
<h3 id="m73">testRunner.MyTestRunner#runScenario</h3><table class="result"><tr class="param"><th>Parameter #1</th><th>Parameter #2</th></tr><tr class="param stripe"><td>&quot;The user is able to navigate to Practice page&quot;</td><td>&quot;DataStructure Page&quot;</td></tr><tr><th colspan="2">Exception</th></tr><tr><td colspan="2"><div class="stacktrace">org.openqa.selenium.NoSuchSessionException: Session ID is null. Using WebDriver after calling quit()?
Build info: version: &apos;3.141.59&apos;, revision: &apos;e82be7d358&apos;, time: &apos;2018-11-14T08:17:03&apos;
System info: host: &apos;LAPTOP-EGII9MOL&apos;, ip: &apos;192.168.0.105&apos;, os.name: &apos;Windows 11&apos;, os.arch: &apos;amd64&apos;, os.version: &apos;10.0&apos;, java.version: &apos;17.0.8&apos;
Driver info: driver.version: RemoteWebDriver
	at org.openqa.selenium.remote.HttpCommandExecutor.execute(HttpCommandExecutor.java:125)
	at org.openqa.selenium.remote.service.DriverCommandExecutor.execute(DriverCommandExecutor.java:83)
	at org.openqa.selenium.remote.RemoteWebDriver.execute(RemoteWebDriver.java:552)
	at org.openqa.selenium.remote.RemoteWebDriver.get(RemoteWebDriver.java:277)
	at pages.LoginPage.userLogin(LoginPage.java:77)
	at stepDefinitions.DataStructureAllPages_StepDef.the_user_is_on_the_data_structures_introduction_after_logged_in(DataStructureAllPages_StepDef.java:246)
	at ✽.The user is on the Data Structures Introduction after logged in(file:///C:/Users/madhu/git/Ds-Algo-QualityQuest/src/test/resources/features/DataStructure.feature:25)
</div></td></tr></table><p class="totop"><a href="#summary">back to summary</a></p>
<h3 id="m74">testRunner.MyTestRunner#runScenario</h3><table class="result"><tr class="param"><th>Parameter #1</th><th>Parameter #2</th></tr><tr class="param stripe"><td>&quot;The user is able to navigate to Types of Binary Trees link page&quot;</td><td>&quot;Tree Page&quot;</td></tr><tr><th colspan="2">Exception</th></tr><tr><td colspan="2"><div class="stacktrace">org.openqa.selenium.NoSuchSessionException: Session ID is null. Using WebDriver after calling quit()?
Build info: version: &apos;3.141.59&apos;, revision: &apos;e82be7d358&apos;, time: &apos;2018-11-14T08:17:03&apos;
System info: host: &apos;LAPTOP-EGII9MOL&apos;, ip: &apos;192.168.0.105&apos;, os.name: &apos;Windows 11&apos;, os.arch: &apos;amd64&apos;, os.version: &apos;10.0&apos;, java.version: &apos;17.0.8&apos;
Driver info: driver.version: RemoteWebDriver
	at org.openqa.selenium.remote.HttpCommandExecutor.execute(HttpCommandExecutor.java:125)
	at org.openqa.selenium.remote.service.DriverCommandExecutor.execute(DriverCommandExecutor.java:83)
	at org.openqa.selenium.remote.RemoteWebDriver.execute(RemoteWebDriver.java:552)
	at org.openqa.selenium.remote.RemoteWebDriver.get(RemoteWebDriver.java:277)
	at pages.LoginPage.userLogin(LoginPage.java:77)
	at stepDefinitions.DataStructureAllPages_StepDef.the_user_is_on_the_tree_introduction_after_logged_in(DataStructureAllPages_StepDef.java:456)
	at ✽.The user is on the Tree Introduction after logged in(file:///C:/Users/madhu/git/Ds-Algo-QualityQuest/src/test/resources/features/Tree.feature:121)
</div></td></tr></table><p class="totop"><a href="#summary">back to summary</a></p>
<h3 id="m75">testRunner.MyTestRunner#runScenario</h3><table class="result"><tr class="param"><th>Parameter #1</th><th>Parameter #2</th></tr><tr class="param stripe"><td>&quot;The user is able to submit code in tryEditor for Find Numbers with Even Number of Digits&quot;</td><td>&quot;Array Page&quot;</td></tr><tr><th colspan="2">Exception</th></tr><tr><td colspan="2"><div class="stacktrace">org.openqa.selenium.ElementNotInteractableException: element not interactable
  (Session info: chrome=116.0.5845.141)
Build info: version: &apos;3.141.59&apos;, revision: &apos;e82be7d358&apos;, time: &apos;2018-11-14T08:17:03&apos;
System info: host: &apos;LAPTOP-EGII9MOL&apos;, ip: &apos;192.168.0.105&apos;, os.name: &apos;Windows 11&apos;, os.arch: &apos;amd64&apos;, os.version: &apos;10.0&apos;, java.version: &apos;17.0.8&apos;
Driver info: org.openqa.selenium.chrome.ChromeDriver
Capabilities {acceptInsecureCerts: false, browserName: chrome, browserVersion: 116.0.5845.141, chrome: {chromedriverVersion: 116.0.5845.96 (1a3918166880..., userDataDir: C:\Users\madhu\AppData\Loca...}, fedcm:accounts: true, goog:chromeOptions: {debuggerAddress: localhost:56881}, javascriptEnabled: true, networkConnectionEnabled: false, pageLoadStrategy: normal, platform: WINDOWS, platformName: WINDOWS, proxy: Proxy(), setWindowRect: true, strictFileInteractability: false, timeouts: {implicit: 0, pageLoad: 300000, script: 30000}, unhandledPromptBehavior: dismiss and notify, webauthn:extension:credBlob: true, webauthn:extension:largeBlob: true, webauthn:extension:minPinLength: true, webauthn:extension:prf: true, webauthn:virtualAuthenticators: true}
Session ID: c0065da10424b490dbf0e016f54e2048
	at java.base/jdk.internal.reflect.NativeConstructorAccessorImpl.newInstance0(Native Method)
	at java.base/jdk.internal.reflect.NativeConstructorAccessorImpl.newInstance(NativeConstructorAccessorImpl.java:77)
	at java.base/jdk.internal.reflect.DelegatingConstructorAccessorImpl.newInstance(DelegatingConstructorAccessorImpl.java:45)
	at java.base/java.lang.reflect.Constructor.newInstanceWithCaller(Constructor.java:499)
	at java.base/java.lang.reflect.Constructor.newInstance(Constructor.java:480)
	at org.openqa.selenium.remote.http.W3CHttpResponseCodec.createException(W3CHttpResponseCodec.java:187)
	at org.openqa.selenium.remote.http.W3CHttpResponseCodec.decode(W3CHttpResponseCodec.java:122)
	at org.openqa.selenium.remote.http.W3CHttpResponseCodec.decode(W3CHttpResponseCodec.java:49)
	at org.openqa.selenium.remote.HttpCommandExecutor.execute(HttpCommandExecutor.java:158)
	at org.openqa.selenium.remote.service.DriverCommandExecutor.execute(DriverCommandExecutor.java:83)
	at org.openqa.selenium.remote.RemoteWebDriver.execute(RemoteWebDriver.java:552)
	at org.openqa.selenium.remote.RemoteWebElement.execute(RemoteWebElement.java:285)
	at org.openqa.selenium.remote.RemoteWebElement.clear(RemoteWebElement.java:124)
	at java.base/jdk.internal.reflect.NativeMethodAccessorImpl.invoke0(Native Method)
	at java.base/jdk.internal.reflect.NativeMethodAccessorImpl.invoke(NativeMethodAccessorImpl.java:77)
	at java.base/jdk.internal.reflect.DelegatingMethodAccessorImpl.invoke(DelegatingMethodAccessorImpl.java:43)
	at java.base/java.lang.reflect.Method.invoke(Method.java:568)
	at org.openqa.selenium.support.pagefactory.internal.LocatingElementHandler.invoke(LocatingElementHandler.java:51)
	at jdk.proxy2/jdk.proxy2.$Proxy27.clear(Unknown Source)
	at pages.ArrayPage.enterPracticeEditorCode(ArrayPage.java:97)
	at stepDefinitions.DataStructureAllPages_StepDef.the_user_enter_valid_python_in_try_editor_from_sheet_for_even_number_question(DataStructureAllPages_StepDef.java:188)
	at ✽.The user enter valid python &quot;code&quot; in tryEditor from sheet for even number question(file:///C:/Users/madhu/git/Ds-Algo-QualityQuest/src/test/resources/features/Array.feature:167)
</div></td></tr></table><p class="totop"><a href="#summary">back to summary</a></p>
<h3 id="m76">testRunner.MyTestRunner#runScenario</h3><table class="result"><tr class="param"><th>Parameter #1</th><th>Parameter #2</th></tr><tr class="param stripe"><td>&quot;User on login page and enters invalid username&quot;</td><td>&quot;Login Page&quot;</td></tr><tr><th colspan="2">Exception</th></tr><tr><td colspan="2"><div class="stacktrace">org.openqa.selenium.NoSuchSessionException: Session ID is null. Using WebDriver after calling quit()?
Build info: version: &apos;3.141.59&apos;, revision: &apos;e82be7d358&apos;, time: &apos;2018-11-14T08:17:03&apos;
System info: host: &apos;LAPTOP-EGII9MOL&apos;, ip: &apos;192.168.0.105&apos;, os.name: &apos;Windows 11&apos;, os.arch: &apos;amd64&apos;, os.version: &apos;10.0&apos;, java.version: &apos;17.0.8&apos;
Driver info: driver.version: RemoteWebDriver
	at org.openqa.selenium.remote.HttpCommandExecutor.execute(HttpCommandExecutor.java:125)
	at org.openqa.selenium.remote.service.DriverCommandExecutor.execute(DriverCommandExecutor.java:83)
	at org.openqa.selenium.remote.RemoteWebDriver.execute(RemoteWebDriver.java:552)
	at org.openqa.selenium.remote.RemoteWebDriver.execute(RemoteWebDriver.java:609)
	at org.openqa.selenium.remote.RemoteWebDriver.getCurrentUrl(RemoteWebDriver.java:287)
	at pages.LoginPage.verifyLoginPage(LoginPage.java:47)
	at stepDefinitions.login_StepDef.the_user_is_in_the_sign_in_page(login_StepDef.java:25)
	at ✽.The user is in the Sign in page(file:///C:/Users/madhu/git/Ds-Algo-QualityQuest/src/test/resources/features/Login.feature:4)
</div></td></tr></table><p class="totop"><a href="#summary">back to summary</a></p>
<h3 id="m77">testRunner.MyTestRunner#runScenario</h3><table class="result"><tr class="param"><th>Parameter #1</th><th>Parameter #2</th></tr><tr class="param stripe"><td>&quot;The user is presented with error message for code with invalid syntax in tryEditor for Traversals-Illustration page&quot;</td><td>&quot;Tree Page&quot;</td></tr><tr><th colspan="2">Exception</th></tr><tr><td colspan="2"><div class="stacktrace">org.openqa.selenium.NoSuchSessionException: Session ID is null. Using WebDriver after calling quit()?
Build info: version: &apos;3.141.59&apos;, revision: &apos;e82be7d358&apos;, time: &apos;2018-11-14T08:17:03&apos;
System info: host: &apos;LAPTOP-EGII9MOL&apos;, ip: &apos;192.168.0.105&apos;, os.name: &apos;Windows 11&apos;, os.arch: &apos;amd64&apos;, os.version: &apos;10.0&apos;, java.version: &apos;17.0.8&apos;
Driver info: driver.version: RemoteWebDriver
	at org.openqa.selenium.remote.HttpCommandExecutor.execute(HttpCommandExecutor.java:125)
	at org.openqa.selenium.remote.service.DriverCommandExecutor.execute(DriverCommandExecutor.java:83)
	at org.openqa.selenium.remote.RemoteWebDriver.execute(RemoteWebDriver.java:552)
	at org.openqa.selenium.remote.RemoteWebDriver.get(RemoteWebDriver.java:277)
	at pages.LoginPage.userLogin(LoginPage.java:77)
	at stepDefinitions.DataStructureAllPages_StepDef.the_user_is_on_the_tree_introduction_after_logged_in(DataStructureAllPages_StepDef.java:456)
	at ✽.The user is on the Tree Introduction after logged in(file:///C:/Users/madhu/git/Ds-Algo-QualityQuest/src/test/resources/features/Tree.feature:92)
</div></td></tr></table><p class="totop"><a href="#summary">back to summary</a></p>
<h3 id="m78">testRunner.MyTestRunner#runScenario</h3><table class="result"><tr class="param"><th>Parameter #1</th><th>Parameter #2</th></tr><tr class="param stripe"><td>&quot;Verifying error message on clicking Get Started buttons without signing in&quot;</td><td>&quot;Home Page&quot;</td></tr><tr><th colspan="2">Exception</th></tr><tr><td colspan="2"><div class="stacktrace">org.openqa.selenium.NoSuchSessionException: Session ID is null. Using WebDriver after calling quit()?
Build info: version: &apos;3.141.59&apos;, revision: &apos;e82be7d358&apos;, time: &apos;2018-11-14T08:17:03&apos;
System info: host: &apos;LAPTOP-EGII9MOL&apos;, ip: &apos;192.168.0.105&apos;, os.name: &apos;Windows 11&apos;, os.arch: &apos;amd64&apos;, os.version: &apos;10.0&apos;, java.version: &apos;17.0.8&apos;
Driver info: driver.version: RemoteWebDriver
	at org.openqa.selenium.remote.HttpCommandExecutor.execute(HttpCommandExecutor.java:125)
	at org.openqa.selenium.remote.service.DriverCommandExecutor.execute(DriverCommandExecutor.java:83)
	at org.openqa.selenium.remote.RemoteWebDriver.execute(RemoteWebDriver.java:552)
	at org.openqa.selenium.remote.RemoteWebDriver.get(RemoteWebDriver.java:277)
	at pages.HomePage.LoggedOutHomePage(HomePage.java:38)
	at stepDefinitions.Home_StepDef.the_user_is_on_the_home_page(Home_StepDef.java:45)
	at ✽.The user is on the Home page(file:///C:/Users/madhu/git/Ds-Algo-QualityQuest/src/test/resources/features/Home.feature:22)
</div></td></tr></table><p class="totop"><a href="#summary">back to summary</a></p>
<h3 id="m79">testRunner.MyTestRunner#runScenario</h3><table class="result"><tr class="param"><th>Parameter #1</th><th>Parameter #2</th></tr><tr class="param stripe"><td>&quot;The user is able to navigate to Practice page&quot;</td><td>&quot;Array Page&quot;</td></tr><tr><th colspan="2">Exception</th></tr><tr><td colspan="2"><div class="stacktrace">org.openqa.selenium.ElementNotInteractableException: element not interactable
  (Session info: chrome=116.0.5845.141)
Build info: version: &apos;3.141.59&apos;, revision: &apos;e82be7d358&apos;, time: &apos;2018-11-14T08:17:03&apos;
System info: host: &apos;LAPTOP-EGII9MOL&apos;, ip: &apos;192.168.0.105&apos;, os.name: &apos;Windows 11&apos;, os.arch: &apos;amd64&apos;, os.version: &apos;10.0&apos;, java.version: &apos;17.0.8&apos;
Driver info: org.openqa.selenium.chrome.ChromeDriver
Capabilities {acceptInsecureCerts: false, browserName: chrome, browserVersion: 116.0.5845.141, chrome: {chromedriverVersion: 116.0.5845.96 (1a3918166880..., userDataDir: C:\Users\madhu\AppData\Loca...}, fedcm:accounts: true, goog:chromeOptions: {debuggerAddress: localhost:56859}, javascriptEnabled: true, networkConnectionEnabled: false, pageLoadStrategy: normal, platform: WINDOWS, platformName: WINDOWS, proxy: Proxy(), setWindowRect: true, strictFileInteractability: false, timeouts: {implicit: 0, pageLoad: 300000, script: 30000}, unhandledPromptBehavior: dismiss and notify, webauthn:extension:credBlob: true, webauthn:extension:largeBlob: true, webauthn:extension:minPinLength: true, webauthn:extension:prf: true, webauthn:virtualAuthenticators: true}
Session ID: 9f05830c13968493b15d539e490f714f
	at java.base/jdk.internal.reflect.NativeConstructorAccessorImpl.newInstance0(Native Method)
	at java.base/jdk.internal.reflect.NativeConstructorAccessorImpl.newInstance(NativeConstructorAccessorImpl.java:77)
	at java.base/jdk.internal.reflect.DelegatingConstructorAccessorImpl.newInstance(DelegatingConstructorAccessorImpl.java:45)
	at java.base/java.lang.reflect.Constructor.newInstanceWithCaller(Constructor.java:499)
	at java.base/java.lang.reflect.Constructor.newInstance(Constructor.java:480)
	at org.openqa.selenium.remote.http.W3CHttpResponseCodec.createException(W3CHttpResponseCodec.java:187)
	at org.openqa.selenium.remote.http.W3CHttpResponseCodec.decode(W3CHttpResponseCodec.java:122)
	at org.openqa.selenium.remote.http.W3CHttpResponseCodec.decode(W3CHttpResponseCodec.java:49)
	at org.openqa.selenium.remote.HttpCommandExecutor.execute(HttpCommandExecutor.java:158)
	at org.openqa.selenium.remote.service.DriverCommandExecutor.execute(DriverCommandExecutor.java:83)
	at org.openqa.selenium.remote.RemoteWebDriver.execute(RemoteWebDriver.java:552)
	at org.openqa.selenium.remote.RemoteWebElement.execute(RemoteWebElement.java:285)
	at org.openqa.selenium.remote.RemoteWebElement.clear(RemoteWebElement.java:124)
	at java.base/jdk.internal.reflect.NativeMethodAccessorImpl.invoke0(Native Method)
	at java.base/jdk.internal.reflect.NativeMethodAccessorImpl.invoke(NativeMethodAccessorImpl.java:77)
	at java.base/jdk.internal.reflect.DelegatingMethodAccessorImpl.invoke(DelegatingMethodAccessorImpl.java:43)
	at java.base/java.lang.reflect.Method.invoke(Method.java:568)
	at org.openqa.selenium.support.pagefactory.internal.LocatingElementHandler.invoke(LocatingElementHandler.java:51)
	at jdk.proxy2/jdk.proxy2.$Proxy27.clear(Unknown Source)
	at pages.ArrayPage.enterPracticeEditorCode(ArrayPage.java:97)
	at stepDefinitions.DataStructureAllPages_StepDef.the_user_enter_valid_python_in_try_editor_from_sheet_for_search_the_array_question(DataStructureAllPages_StepDef.java:146)
	at ✽.The user enter valid python &quot;code&quot; in tryEditor from sheet for search the array question(file:///C:/Users/madhu/git/Ds-Algo-QualityQuest/src/test/resources/features/Array.feature:95)
</div></td></tr></table><p class="totop"><a href="#summary">back to summary</a></p>
<h3 id="m80">testRunner.MyTestRunner#runScenario</h3><table class="result"><tr class="param"><th>Parameter #1</th><th>Parameter #2</th></tr><tr class="param stripe"><td>&quot;The user is presented with error message for code with invalid syntax in tryEditor for Implementation page&quot;</td><td>&quot;Stack Page&quot;</td></tr><tr><th colspan="2">Exception</th></tr><tr><td colspan="2"><div class="stacktrace">org.openqa.selenium.NoSuchSessionException: Session ID is null. Using WebDriver after calling quit()?
Build info: version: &apos;3.141.59&apos;, revision: &apos;e82be7d358&apos;, time: &apos;2018-11-14T08:17:03&apos;
System info: host: &apos;LAPTOP-EGII9MOL&apos;, ip: &apos;192.168.0.105&apos;, os.name: &apos;Windows 11&apos;, os.arch: &apos;amd64&apos;, os.version: &apos;10.0&apos;, java.version: &apos;17.0.8&apos;
Driver info: driver.version: RemoteWebDriver
	at org.openqa.selenium.remote.HttpCommandExecutor.execute(HttpCommandExecutor.java:125)
	at org.openqa.selenium.remote.service.DriverCommandExecutor.execute(DriverCommandExecutor.java:83)
	at org.openqa.selenium.remote.RemoteWebDriver.execute(RemoteWebDriver.java:552)
	at org.openqa.selenium.remote.RemoteWebDriver.get(RemoteWebDriver.java:277)
	at pages.LoginPage.userLogin(LoginPage.java:77)
	at stepDefinitions.DataStructureAllPages_StepDef.the_user_is_on_the_stack_introduction_after_logged_in(DataStructureAllPages_StepDef.java:419)
	at ✽.The user is on the Stack Introduction after logged in(file:///C:/Users/madhu/git/Ds-Algo-QualityQuest/src/test/resources/features/Stack.feature:32)
</div></td></tr></table><p class="totop"><a href="#summary">back to summary</a></p>
<h3 id="m81">testRunner.MyTestRunner#runScenario</h3><table class="result"><tr class="param"><th>Parameter #1</th><th>Parameter #2</th></tr><tr class="param stripe"><td>&quot;The user is able to navigate to Binary Tree Traversals link page&quot;</td><td>&quot;Tree Page&quot;</td></tr><tr><th colspan="2">Exception</th></tr><tr><td colspan="2"><div class="stacktrace">org.openqa.selenium.NoSuchSessionException: Session ID is null. Using WebDriver after calling quit()?
Build info: version: &apos;3.141.59&apos;, revision: &apos;e82be7d358&apos;, time: &apos;2018-11-14T08:17:03&apos;
System info: host: &apos;LAPTOP-EGII9MOL&apos;, ip: &apos;192.168.0.105&apos;, os.name: &apos;Windows 11&apos;, os.arch: &apos;amd64&apos;, os.version: &apos;10.0&apos;, java.version: &apos;17.0.8&apos;
Driver info: driver.version: RemoteWebDriver
	at org.openqa.selenium.remote.HttpCommandExecutor.execute(HttpCommandExecutor.java:125)
	at org.openqa.selenium.remote.service.DriverCommandExecutor.execute(DriverCommandExecutor.java:83)
	at org.openqa.selenium.remote.RemoteWebDriver.execute(RemoteWebDriver.java:552)
	at org.openqa.selenium.remote.RemoteWebDriver.get(RemoteWebDriver.java:277)
	at pages.LoginPage.userLogin(LoginPage.java:77)
	at stepDefinitions.DataStructureAllPages_StepDef.the_user_is_on_the_tree_introduction_after_logged_in(DataStructureAllPages_StepDef.java:456)
	at ✽.The user is on the Tree Introduction after logged in(file:///C:/Users/madhu/git/Ds-Algo-QualityQuest/src/test/resources/features/Tree.feature:161)
</div></td></tr></table><p class="totop"><a href="#summary">back to summary</a></p>
<h3 id="m82">testRunner.MyTestRunner#runScenario</h3><table class="result"><tr class="param"><th>Parameter #1</th><th>Parameter #2</th></tr><tr class="param stripe"><td>&quot;The user is able to navigate to Deletion link page&quot;</td><td>&quot;LinkedList Page&quot;</td></tr><tr><th colspan="2">Exception</th></tr><tr><td colspan="2"><div class="stacktrace">org.openqa.selenium.NoSuchSessionException: Session ID is null. Using WebDriver after calling quit()?
Build info: version: &apos;3.141.59&apos;, revision: &apos;e82be7d358&apos;, time: &apos;2018-11-14T08:17:03&apos;
System info: host: &apos;LAPTOP-EGII9MOL&apos;, ip: &apos;192.168.0.105&apos;, os.name: &apos;Windows 11&apos;, os.arch: &apos;amd64&apos;, os.version: &apos;10.0&apos;, java.version: &apos;17.0.8&apos;
Driver info: driver.version: RemoteWebDriver
	at org.openqa.selenium.remote.HttpCommandExecutor.execute(HttpCommandExecutor.java:125)
	at org.openqa.selenium.remote.service.DriverCommandExecutor.execute(DriverCommandExecutor.java:83)
	at org.openqa.selenium.remote.RemoteWebDriver.execute(RemoteWebDriver.java:552)
	at org.openqa.selenium.remote.RemoteWebDriver.get(RemoteWebDriver.java:277)
	at pages.LoginPage.userLogin(LoginPage.java:77)
	at stepDefinitions.DataStructureAllPages_StepDef.the_user_is_on_the_linked_list_page_after_logged_in(DataStructureAllPages_StepDef.java:312)
	at ✽.The user is on the Linked List page after logged in(file:///C:/Users/madhu/git/Ds-Algo-QualityQuest/src/test/resources/features/LinkedList.feature:122)
</div></td></tr></table><p class="totop"><a href="#summary">back to summary</a></p>
<h3 id="m83">testRunner.MyTestRunner#runScenario</h3><table class="result"><tr class="param"><th>Parameter #1</th><th>Parameter #2</th></tr><tr class="param stripe"><td>&quot;The user is presented with error message for code with invalid syntax in tryEditor for Deletion Link page&quot;</td><td>&quot;LinkedList Page&quot;</td></tr><tr><th colspan="2">Exception</th></tr><tr><td colspan="2"><div class="stacktrace">org.openqa.selenium.NoSuchSessionException: Session ID is null. Using WebDriver after calling quit()?
Build info: version: &apos;3.141.59&apos;, revision: &apos;e82be7d358&apos;, time: &apos;2018-11-14T08:17:03&apos;
System info: host: &apos;LAPTOP-EGII9MOL&apos;, ip: &apos;192.168.0.105&apos;, os.name: &apos;Windows 11&apos;, os.arch: &apos;amd64&apos;, os.version: &apos;10.0&apos;, java.version: &apos;17.0.8&apos;
Driver info: driver.version: RemoteWebDriver
	at org.openqa.selenium.remote.HttpCommandExecutor.execute(HttpCommandExecutor.java:125)
	at org.openqa.selenium.remote.service.DriverCommandExecutor.execute(DriverCommandExecutor.java:83)
	at org.openqa.selenium.remote.RemoteWebDriver.execute(RemoteWebDriver.java:552)
	at org.openqa.selenium.remote.RemoteWebDriver.get(RemoteWebDriver.java:277)
	at pages.LoginPage.userLogin(LoginPage.java:77)
	at stepDefinitions.DataStructureAllPages_StepDef.the_user_is_on_the_linked_list_page_after_logged_in(DataStructureAllPages_StepDef.java:312)
	at ✽.The user is on the Linked List page after logged in(file:///C:/Users/madhu/git/Ds-Algo-QualityQuest/src/test/resources/features/LinkedList.feature:130)
</div></td></tr></table><p class="totop"><a href="#summary">back to summary</a></p>
<h3 id="m84">testRunner.MyTestRunner#runScenario</h3><table class="result"><tr class="param"><th>Parameter #1</th><th>Parameter #2</th></tr><tr class="param stripe"><td>&quot;The user is able to navigate to Question page from Find Numbers with Even Number of Digits&quot;</td><td>&quot;Array Page&quot;</td></tr><tr><th colspan="2">Exception</th></tr><tr><td colspan="2"><div class="stacktrace">org.openqa.selenium.ElementNotInteractableException: element not interactable
  (Session info: chrome=116.0.5845.141)
Build info: version: &apos;3.141.59&apos;, revision: &apos;e82be7d358&apos;, time: &apos;2018-11-14T08:17:03&apos;
System info: host: &apos;LAPTOP-EGII9MOL&apos;, ip: &apos;192.168.0.105&apos;, os.name: &apos;Windows 11&apos;, os.arch: &apos;amd64&apos;, os.version: &apos;10.0&apos;, java.version: &apos;17.0.8&apos;
Driver info: org.openqa.selenium.chrome.ChromeDriver
Capabilities {acceptInsecureCerts: false, browserName: chrome, browserVersion: 116.0.5845.141, chrome: {chromedriverVersion: 116.0.5845.96 (1a3918166880..., userDataDir: C:\Users\madhu\AppData\Loca...}, fedcm:accounts: true, goog:chromeOptions: {debuggerAddress: localhost:56868}, javascriptEnabled: true, networkConnectionEnabled: false, pageLoadStrategy: normal, platform: WINDOWS, platformName: WINDOWS, proxy: Proxy(), setWindowRect: true, strictFileInteractability: false, timeouts: {implicit: 0, pageLoad: 300000, script: 30000}, unhandledPromptBehavior: dismiss and notify, webauthn:extension:credBlob: true, webauthn:extension:largeBlob: true, webauthn:extension:minPinLength: true, webauthn:extension:prf: true, webauthn:virtualAuthenticators: true}
Session ID: b4044181a624816ba6dc81504d381d19
	at java.base/jdk.internal.reflect.NativeConstructorAccessorImpl.newInstance0(Native Method)
	at java.base/jdk.internal.reflect.NativeConstructorAccessorImpl.newInstance(NativeConstructorAccessorImpl.java:77)
	at java.base/jdk.internal.reflect.DelegatingConstructorAccessorImpl.newInstance(DelegatingConstructorAccessorImpl.java:45)
	at java.base/java.lang.reflect.Constructor.newInstanceWithCaller(Constructor.java:499)
	at java.base/java.lang.reflect.Constructor.newInstance(Constructor.java:480)
	at org.openqa.selenium.remote.http.W3CHttpResponseCodec.createException(W3CHttpResponseCodec.java:187)
	at org.openqa.selenium.remote.http.W3CHttpResponseCodec.decode(W3CHttpResponseCodec.java:122)
	at org.openqa.selenium.remote.http.W3CHttpResponseCodec.decode(W3CHttpResponseCodec.java:49)
	at org.openqa.selenium.remote.HttpCommandExecutor.execute(HttpCommandExecutor.java:158)
	at org.openqa.selenium.remote.service.DriverCommandExecutor.execute(DriverCommandExecutor.java:83)
	at org.openqa.selenium.remote.RemoteWebDriver.execute(RemoteWebDriver.java:552)
	at org.openqa.selenium.remote.RemoteWebElement.execute(RemoteWebElement.java:285)
	at org.openqa.selenium.remote.RemoteWebElement.clear(RemoteWebElement.java:124)
	at java.base/jdk.internal.reflect.NativeMethodAccessorImpl.invoke0(Native Method)
	at java.base/jdk.internal.reflect.NativeMethodAccessorImpl.invoke(NativeMethodAccessorImpl.java:77)
	at java.base/jdk.internal.reflect.DelegatingMethodAccessorImpl.invoke(DelegatingMethodAccessorImpl.java:43)
	at java.base/java.lang.reflect.Method.invoke(Method.java:568)
	at org.openqa.selenium.support.pagefactory.internal.LocatingElementHandler.invoke(LocatingElementHandler.java:51)
	at jdk.proxy2/jdk.proxy2.$Proxy27.clear(Unknown Source)
	at pages.ArrayPage.enterPracticeEditorCode(ArrayPage.java:97)
	at stepDefinitions.DataStructureAllPages_StepDef.the_user_enter_valid_python_in_try_editor_from_sheet_for_search_the_array_question(DataStructureAllPages_StepDef.java:146)
	at ✽.The user enter valid python &quot;code&quot; in tryEditor from sheet for search the array question(file:///C:/Users/madhu/git/Ds-Algo-QualityQuest/src/test/resources/features/Array.feature:157)
</div></td></tr></table><p class="totop"><a href="#summary">back to summary</a></p>
<h3 id="m85">testRunner.MyTestRunner#runScenario</h3><table class="result"><tr class="param"><th>Parameter #1</th><th>Parameter #2</th></tr><tr class="param stripe"><td>&quot;The user is presented with error message for code with invalid syntax in tryEditor for Types of Binary Trees page&quot;</td><td>&quot;Tree Page&quot;</td></tr><tr><th colspan="2">Exception</th></tr><tr><td colspan="2"><div class="stacktrace">org.openqa.selenium.NoSuchSessionException: Session ID is null. Using WebDriver after calling quit()?
Build info: version: &apos;3.141.59&apos;, revision: &apos;e82be7d358&apos;, time: &apos;2018-11-14T08:17:03&apos;
System info: host: &apos;LAPTOP-EGII9MOL&apos;, ip: &apos;192.168.0.105&apos;, os.name: &apos;Windows 11&apos;, os.arch: &apos;amd64&apos;, os.version: &apos;10.0&apos;, java.version: &apos;17.0.8&apos;
Driver info: driver.version: RemoteWebDriver
	at org.openqa.selenium.remote.HttpCommandExecutor.execute(HttpCommandExecutor.java:125)
	at org.openqa.selenium.remote.service.DriverCommandExecutor.execute(DriverCommandExecutor.java:83)
	at org.openqa.selenium.remote.RemoteWebDriver.execute(RemoteWebDriver.java:552)
	at org.openqa.selenium.remote.RemoteWebDriver.get(RemoteWebDriver.java:277)
	at pages.LoginPage.userLogin(LoginPage.java:77)
	at stepDefinitions.DataStructureAllPages_StepDef.the_user_is_on_the_tree_introduction_after_logged_in(DataStructureAllPages_StepDef.java:456)
	at ✽.The user is on the Tree Introduction after logged in(file:///C:/Users/madhu/git/Ds-Algo-QualityQuest/src/test/resources/features/Tree.feature:131)
</div></td></tr></table><p class="totop"><a href="#summary">back to summary</a></p>
<h3 id="m86">testRunner.MyTestRunner#runScenario</h3><table class="result"><tr class="param"><th>Parameter #1</th><th>Parameter #2</th></tr><tr class="param stripe"><td>&quot;The user is presented with error message for code with invalid syntax in tryEditor for Binary Trees page&quot;</td><td>&quot;Tree Page&quot;</td></tr><tr><th colspan="2">Exception</th></tr><tr><td colspan="2"><div class="stacktrace">org.openqa.selenium.NoSuchSessionException: Session ID is null. Using WebDriver after calling quit()?
Build info: version: &apos;3.141.59&apos;, revision: &apos;e82be7d358&apos;, time: &apos;2018-11-14T08:17:03&apos;
System info: host: &apos;LAPTOP-EGII9MOL&apos;, ip: &apos;192.168.0.105&apos;, os.name: &apos;Windows 11&apos;, os.arch: &apos;amd64&apos;, os.version: &apos;10.0&apos;, java.version: &apos;17.0.8&apos;
Driver info: driver.version: RemoteWebDriver
	at org.openqa.selenium.remote.HttpCommandExecutor.execute(HttpCommandExecutor.java:125)
	at org.openqa.selenium.remote.service.DriverCommandExecutor.execute(DriverCommandExecutor.java:83)
	at org.openqa.selenium.remote.RemoteWebDriver.execute(RemoteWebDriver.java:552)
	at org.openqa.selenium.remote.RemoteWebDriver.get(RemoteWebDriver.java:277)
	at pages.LoginPage.userLogin(LoginPage.java:77)
	at stepDefinitions.DataStructureAllPages_StepDef.the_user_is_on_the_tree_introduction_after_logged_in(DataStructureAllPages_StepDef.java:456)
	at ✽.The user is on the Tree Introduction after logged in(file:///C:/Users/madhu/git/Ds-Algo-QualityQuest/src/test/resources/features/Tree.feature:111)
</div></td></tr></table><p class="totop"><a href="#summary">back to summary</a></p>
<h3 id="m87">testRunner.MyTestRunner#runScenario</h3><table class="result"><tr class="param"><th>Parameter #1</th><th>Parameter #2</th></tr><tr class="param stripe"><td>&quot;The user is able to navigate to Practice page&quot;</td><td>&quot;Tree Page&quot;</td></tr><tr><th colspan="2">Exception</th></tr><tr><td colspan="2"><div class="stacktrace">org.openqa.selenium.NoSuchSessionException: Session ID is null. Using WebDriver after calling quit()?
Build info: version: &apos;3.141.59&apos;, revision: &apos;e82be7d358&apos;, time: &apos;2018-11-14T08:17:03&apos;
System info: host: &apos;LAPTOP-EGII9MOL&apos;, ip: &apos;192.168.0.105&apos;, os.name: &apos;Windows 11&apos;, os.arch: &apos;amd64&apos;, os.version: &apos;10.0&apos;, java.version: &apos;17.0.8&apos;
Driver info: driver.version: RemoteWebDriver
	at org.openqa.selenium.remote.HttpCommandExecutor.execute(HttpCommandExecutor.java:125)
	at org.openqa.selenium.remote.service.DriverCommandExecutor.execute(DriverCommandExecutor.java:83)
	at org.openqa.selenium.remote.RemoteWebDriver.execute(RemoteWebDriver.java:552)
	at org.openqa.selenium.remote.RemoteWebDriver.get(RemoteWebDriver.java:277)
	at pages.LoginPage.userLogin(LoginPage.java:77)
	at stepDefinitions.DataStructureAllPages_StepDef.the_user_is_on_the_tree_introduction_after_logged_in(DataStructureAllPages_StepDef.java:456)
	at ✽.The user is on the Tree Introduction after logged in(file:///C:/Users/madhu/git/Ds-Algo-QualityQuest/src/test/resources/features/Tree.feature:261)
</div></td></tr></table><p class="totop"><a href="#summary">back to summary</a></p>
<h3 id="m88">testRunner.MyTestRunner#runScenario</h3><table class="result"><tr class="param"><th>Parameter #1</th><th>Parameter #2</th></tr><tr class="param stripe"><td>&quot;The user is able to signin with valid registered credentials&quot;</td><td>&quot;Login Page&quot;</td></tr><tr><th colspan="2">Exception</th></tr><tr><td colspan="2"><div class="stacktrace">org.openqa.selenium.NoSuchSessionException: Session ID is null. Using WebDriver after calling quit()?
Build info: version: &apos;3.141.59&apos;, revision: &apos;e82be7d358&apos;, time: &apos;2018-11-14T08:17:03&apos;
System info: host: &apos;LAPTOP-EGII9MOL&apos;, ip: &apos;192.168.0.105&apos;, os.name: &apos;Windows 11&apos;, os.arch: &apos;amd64&apos;, os.version: &apos;10.0&apos;, java.version: &apos;17.0.8&apos;
Driver info: driver.version: RemoteWebDriver
	at org.openqa.selenium.remote.HttpCommandExecutor.execute(HttpCommandExecutor.java:125)
	at org.openqa.selenium.remote.service.DriverCommandExecutor.execute(DriverCommandExecutor.java:83)
	at org.openqa.selenium.remote.RemoteWebDriver.execute(RemoteWebDriver.java:552)
	at org.openqa.selenium.remote.RemoteWebDriver.execute(RemoteWebDriver.java:609)
	at org.openqa.selenium.remote.RemoteWebDriver.getCurrentUrl(RemoteWebDriver.java:287)
	at pages.LoginPage.verifyLoginPage(LoginPage.java:47)
	at stepDefinitions.login_StepDef.the_user_is_in_the_sign_in_page(login_StepDef.java:25)
	at ✽.The user is in the Sign in page(file:///C:/Users/madhu/git/Ds-Algo-QualityQuest/src/test/resources/features/Login.feature:33)
</div></td></tr></table><p class="totop"><a href="#summary">back to summary</a></p>
<h3 id="m89">testRunner.MyTestRunner#runScenario</h3><table class="result"><tr class="param"><th>Parameter #1</th><th>Parameter #2</th></tr><tr class="param stripe"><td>&quot;The user is able to navigate to Implementation in Python link page&quot;</td><td>&quot;Tree Page&quot;</td></tr><tr><th colspan="2">Exception</th></tr><tr><td colspan="2"><div class="stacktrace">org.openqa.selenium.NoSuchSessionException: Session ID is null. Using WebDriver after calling quit()?
Build info: version: &apos;3.141.59&apos;, revision: &apos;e82be7d358&apos;, time: &apos;2018-11-14T08:17:03&apos;
System info: host: &apos;LAPTOP-EGII9MOL&apos;, ip: &apos;192.168.0.105&apos;, os.name: &apos;Windows 11&apos;, os.arch: &apos;amd64&apos;, os.version: &apos;10.0&apos;, java.version: &apos;17.0.8&apos;
Driver info: driver.version: RemoteWebDriver
	at org.openqa.selenium.remote.HttpCommandExecutor.execute(HttpCommandExecutor.java:125)
	at org.openqa.selenium.remote.service.DriverCommandExecutor.execute(DriverCommandExecutor.java:83)
	at org.openqa.selenium.remote.RemoteWebDriver.execute(RemoteWebDriver.java:552)
	at org.openqa.selenium.remote.RemoteWebDriver.get(RemoteWebDriver.java:277)
	at pages.LoginPage.userLogin(LoginPage.java:77)
	at stepDefinitions.DataStructureAllPages_StepDef.the_user_is_on_the_tree_introduction_after_logged_in(DataStructureAllPages_StepDef.java:456)
	at ✽.The user is on the Tree Introduction after logged in(file:///C:/Users/madhu/git/Ds-Algo-QualityQuest/src/test/resources/features/Tree.feature:141)
</div></td></tr></table><p class="totop"><a href="#summary">back to summary</a></p>
<h3 id="m90">testRunner.MyTestRunner#runScenario</h3><table class="result"><tr class="param"><th>Parameter #1</th><th>Parameter #2</th></tr><tr class="param stripe"><td>&quot;The user is presented with error message for Invalid Username&quot;</td><td>&quot;Register Page&quot;</td></tr><tr><th colspan="2">Exception</th></tr><tr><td colspan="2"><div class="stacktrace">org.openqa.selenium.NoSuchSessionException: Session ID is null. Using WebDriver after calling quit()?
Build info: version: &apos;3.141.59&apos;, revision: &apos;e82be7d358&apos;, time: &apos;2018-11-14T08:17:03&apos;
System info: host: &apos;LAPTOP-EGII9MOL&apos;, ip: &apos;192.168.0.105&apos;, os.name: &apos;Windows 11&apos;, os.arch: &apos;amd64&apos;, os.version: &apos;10.0&apos;, java.version: &apos;17.0.8&apos;
Driver info: driver.version: RemoteWebDriver
	at org.openqa.selenium.remote.HttpCommandExecutor.execute(HttpCommandExecutor.java:125)
	at org.openqa.selenium.remote.service.DriverCommandExecutor.execute(DriverCommandExecutor.java:83)
	at org.openqa.selenium.remote.RemoteWebDriver.execute(RemoteWebDriver.java:552)
	at org.openqa.selenium.remote.RemoteWebDriver.execute(RemoteWebDriver.java:609)
	at org.openqa.selenium.remote.RemoteWebDriver.getCurrentUrl(RemoteWebDriver.java:287)
	at pages.RegisterPage.verifyRegisterPage(RegisterPage.java:46)
	at stepDefinitions.Register_StepDef.the_user_is_in_register_page(Register_StepDef.java:29)
	at ✽.The user is in Register Page(file:///C:/Users/madhu/git/Ds-Algo-QualityQuest/src/test/resources/features/Register.feature:29)
</div></td></tr></table><p class="totop"><a href="#summary">back to summary</a></p>
<h3 id="m91">testRunner.MyTestRunner#runScenario</h3><table class="result"><tr class="param"><th>Parameter #1</th><th>Parameter #2</th></tr><tr class="param stripe"><td>&quot;The user is able to navigate to Basic Operations in Lists page&quot;</td><td>&quot;Array Page&quot;</td></tr><tr><th colspan="2">Exception</th></tr><tr><td colspan="2"><div class="stacktrace">org.openqa.selenium.NoSuchSessionException: invalid session id
Build info: version: &apos;3.141.59&apos;, revision: &apos;e82be7d358&apos;, time: &apos;2018-11-14T08:17:03&apos;
System info: host: &apos;LAPTOP-EGII9MOL&apos;, ip: &apos;192.168.0.105&apos;, os.name: &apos;Windows 11&apos;, os.arch: &apos;amd64&apos;, os.version: &apos;10.0&apos;, java.version: &apos;17.0.8&apos;
Driver info: org.openqa.selenium.chrome.ChromeDriver
Capabilities {acceptInsecureCerts: false, browserName: chrome, browserVersion: 116.0.5845.141, chrome: {chromedriverVersion: 116.0.5845.96 (1a3918166880..., userDataDir: C:\Users\madhu\AppData\Loca...}, fedcm:accounts: true, goog:chromeOptions: {debuggerAddress: localhost:56863}, javascriptEnabled: true, networkConnectionEnabled: false, pageLoadStrategy: normal, platform: WINDOWS, platformName: WINDOWS, proxy: Proxy(), setWindowRect: true, strictFileInteractability: false, timeouts: {implicit: 0, pageLoad: 300000, script: 30000}, unhandledPromptBehavior: dismiss and notify, webauthn:extension:credBlob: true, webauthn:extension:largeBlob: true, webauthn:extension:minPinLength: true, webauthn:extension:prf: true, webauthn:virtualAuthenticators: true}
Session ID: f5e7b54afbf331eaa2a04c9297902062
*** Element info: {Using=xpath, value=//input[@value=&apos;Login&apos;]}
	at java.base/jdk.internal.reflect.NativeConstructorAccessorImpl.newInstance0(Native Method)
	at java.base/jdk.internal.reflect.NativeConstructorAccessorImpl.newInstance(NativeConstructorAccessorImpl.java:77)
	at java.base/jdk.internal.reflect.DelegatingConstructorAccessorImpl.newInstance(DelegatingConstructorAccessorImpl.java:45)
	at java.base/java.lang.reflect.Constructor.newInstanceWithCaller(Constructor.java:499)
	at java.base/java.lang.reflect.Constructor.newInstance(Constructor.java:480)
	at org.openqa.selenium.remote.http.W3CHttpResponseCodec.createException(W3CHttpResponseCodec.java:187)
	at org.openqa.selenium.remote.http.W3CHttpResponseCodec.decode(W3CHttpResponseCodec.java:122)
	at org.openqa.selenium.remote.http.W3CHttpResponseCodec.decode(W3CHttpResponseCodec.java:49)
	at org.openqa.selenium.remote.HttpCommandExecutor.execute(HttpCommandExecutor.java:158)
	at org.openqa.selenium.remote.service.DriverCommandExecutor.execute(DriverCommandExecutor.java:83)
	at org.openqa.selenium.remote.RemoteWebDriver.execute(RemoteWebDriver.java:552)
	at org.openqa.selenium.remote.RemoteWebDriver.findElement(RemoteWebDriver.java:323)
	at org.openqa.selenium.remote.RemoteWebDriver.findElementByXPath(RemoteWebDriver.java:428)
	at org.openqa.selenium.By$ByXPath.findElement(By.java:353)
	at org.openqa.selenium.remote.RemoteWebDriver.findElement(RemoteWebDriver.java:315)
	at org.openqa.selenium.support.pagefactory.DefaultElementLocator.findElement(DefaultElementLocator.java:69)
	at org.openqa.selenium.support.pagefactory.internal.LocatingElementHandler.invoke(LocatingElementHandler.java:38)
	at jdk.proxy2/jdk.proxy2.$Proxy27.click(Unknown Source)
	at pages.LoginPage.userLogin(LoginPage.java:80)
	at stepDefinitions.DataStructureAllPages_StepDef.the_user_is_logged_in_to_the_ds_algo_portal(DataStructureAllPages_StepDef.java:66)
	at ✽.The user is logged in to the DS Algo portal(file:///C:/Users/madhu/git/Ds-Algo-QualityQuest/src/test/resources/features/Array.feature:46)
</div></td></tr></table><p class="totop"><a href="#summary">back to summary</a></p>
<h3 id="m92">testRunner.MyTestRunner#runScenario</h3><table class="result"><tr class="param"><th>Parameter #1</th><th>Parameter #2</th></tr><tr class="param stripe"><td>&quot;The user is able to navigate to Terminologies link page&quot;</td><td>&quot;Tree Page&quot;</td></tr><tr><th colspan="2">Exception</th></tr><tr><td colspan="2"><div class="stacktrace">org.openqa.selenium.NoSuchSessionException: Session ID is null. Using WebDriver after calling quit()?
Build info: version: &apos;3.141.59&apos;, revision: &apos;e82be7d358&apos;, time: &apos;2018-11-14T08:17:03&apos;
System info: host: &apos;LAPTOP-EGII9MOL&apos;, ip: &apos;192.168.0.105&apos;, os.name: &apos;Windows 11&apos;, os.arch: &apos;amd64&apos;, os.version: &apos;10.0&apos;, java.version: &apos;17.0.8&apos;
Driver info: driver.version: RemoteWebDriver
	at org.openqa.selenium.remote.HttpCommandExecutor.execute(HttpCommandExecutor.java:125)
	at org.openqa.selenium.remote.service.DriverCommandExecutor.execute(DriverCommandExecutor.java:83)
	at org.openqa.selenium.remote.RemoteWebDriver.execute(RemoteWebDriver.java:552)
	at org.openqa.selenium.remote.RemoteWebDriver.get(RemoteWebDriver.java:277)
	at pages.LoginPage.userLogin(LoginPage.java:77)
	at stepDefinitions.DataStructureAllPages_StepDef.the_user_is_on_the_tree_introduction_after_logged_in(DataStructureAllPages_StepDef.java:456)
	at ✽.The user is on the Tree Introduction after logged in(file:///C:/Users/madhu/git/Ds-Algo-QualityQuest/src/test/resources/features/Tree.feature:25)
</div></td></tr></table><p class="totop"><a href="#summary">back to summary</a></p>
<h3 id="m93">testRunner.MyTestRunner#runScenario</h3><table class="result"><tr class="param"><th>Parameter #1</th><th>Parameter #2</th></tr><tr class="param stripe"><td>&quot;The user is presented with error message for code with invalid syntax in tryEditor for Applications page&quot;</td><td>&quot;Stack Page&quot;</td></tr><tr><th colspan="2">Exception</th></tr><tr><td colspan="2"><div class="stacktrace">org.openqa.selenium.NoSuchSessionException: Session ID is null. Using WebDriver after calling quit()?
Build info: version: &apos;3.141.59&apos;, revision: &apos;e82be7d358&apos;, time: &apos;2018-11-14T08:17:03&apos;
System info: host: &apos;LAPTOP-EGII9MOL&apos;, ip: &apos;192.168.0.105&apos;, os.name: &apos;Windows 11&apos;, os.arch: &apos;amd64&apos;, os.version: &apos;10.0&apos;, java.version: &apos;17.0.8&apos;
Driver info: driver.version: RemoteWebDriver
	at org.openqa.selenium.remote.HttpCommandExecutor.execute(HttpCommandExecutor.java:125)
	at org.openqa.selenium.remote.service.DriverCommandExecutor.execute(DriverCommandExecutor.java:83)
	at org.openqa.selenium.remote.RemoteWebDriver.execute(RemoteWebDriver.java:552)
	at org.openqa.selenium.remote.RemoteWebDriver.get(RemoteWebDriver.java:277)
	at pages.LoginPage.userLogin(LoginPage.java:77)
	at stepDefinitions.DataStructureAllPages_StepDef.the_user_is_on_the_stack_introduction_after_logged_in(DataStructureAllPages_StepDef.java:419)
	at ✽.The user is on the Stack Introduction after logged in(file:///C:/Users/madhu/git/Ds-Algo-QualityQuest/src/test/resources/features/Stack.feature:50)
</div></td></tr></table><p class="totop"><a href="#summary">back to summary</a></p>
<h3 id="m94">testRunner.MyTestRunner#runScenario</h3><table class="result"><tr class="param"><th>Parameter #1</th><th>Parameter #2</th></tr><tr class="param stripe"><td>&quot;The user is presented with error message for code with invalid syntax in tryEditor for Introduction Link page&quot;</td><td>&quot;LinkedList Page&quot;</td></tr><tr><th colspan="2">Exception</th></tr><tr><td colspan="2"><div class="stacktrace">org.openqa.selenium.NoSuchSessionException: Session ID is null. Using WebDriver after calling quit()?
Build info: version: &apos;3.141.59&apos;, revision: &apos;e82be7d358&apos;, time: &apos;2018-11-14T08:17:03&apos;
System info: host: &apos;LAPTOP-EGII9MOL&apos;, ip: &apos;192.168.0.105&apos;, os.name: &apos;Windows 11&apos;, os.arch: &apos;amd64&apos;, os.version: &apos;10.0&apos;, java.version: &apos;17.0.8&apos;
Driver info: driver.version: RemoteWebDriver
	at org.openqa.selenium.remote.HttpCommandExecutor.execute(HttpCommandExecutor.java:125)
	at org.openqa.selenium.remote.service.DriverCommandExecutor.execute(DriverCommandExecutor.java:83)
	at org.openqa.selenium.remote.RemoteWebDriver.execute(RemoteWebDriver.java:552)
	at org.openqa.selenium.remote.RemoteWebDriver.get(RemoteWebDriver.java:277)
	at pages.LoginPage.userLogin(LoginPage.java:77)
	at stepDefinitions.DataStructureAllPages_StepDef.the_user_is_on_the_linked_list_page_after_logged_in(DataStructureAllPages_StepDef.java:312)
	at ✽.The user is on the Linked List page after logged in(file:///C:/Users/madhu/git/Ds-Algo-QualityQuest/src/test/resources/features/LinkedList.feature:14)
</div></td></tr></table><p class="totop"><a href="#summary">back to summary</a></p>
<h3 id="m95">testRunner.MyTestRunner#runScenario</h3><table class="result"><tr class="param"><th>Parameter #1</th><th>Parameter #2</th></tr><tr class="param stripe"><td>&quot;The user is able to navigate to Creating Linked List link page&quot;</td><td>&quot;LinkedList Page&quot;</td></tr><tr><th colspan="2">Exception</th></tr><tr><td colspan="2"><div class="stacktrace">org.openqa.selenium.NoSuchSessionException: Session ID is null. Using WebDriver after calling quit()?
Build info: version: &apos;3.141.59&apos;, revision: &apos;e82be7d358&apos;, time: &apos;2018-11-14T08:17:03&apos;
System info: host: &apos;LAPTOP-EGII9MOL&apos;, ip: &apos;192.168.0.105&apos;, os.name: &apos;Windows 11&apos;, os.arch: &apos;amd64&apos;, os.version: &apos;10.0&apos;, java.version: &apos;17.0.8&apos;
Driver info: driver.version: RemoteWebDriver
	at org.openqa.selenium.remote.HttpCommandExecutor.execute(HttpCommandExecutor.java:125)
	at org.openqa.selenium.remote.service.DriverCommandExecutor.execute(DriverCommandExecutor.java:83)
	at org.openqa.selenium.remote.RemoteWebDriver.execute(RemoteWebDriver.java:552)
	at org.openqa.selenium.remote.RemoteWebDriver.get(RemoteWebDriver.java:277)
	at pages.LoginPage.userLogin(LoginPage.java:77)
	at stepDefinitions.DataStructureAllPages_StepDef.the_user_is_on_the_linked_list_page_after_logged_in(DataStructureAllPages_StepDef.java:312)
	at ✽.The user is on the Linked List page after logged in(file:///C:/Users/madhu/git/Ds-Algo-QualityQuest/src/test/resources/features/LinkedList.feature:24)
</div></td></tr></table><p class="totop"><a href="#summary">back to summary</a></p>
<h3 id="m96">testRunner.MyTestRunner#runScenario</h3><table class="result"><tr class="param"><th>Parameter #1</th><th>Parameter #2</th></tr><tr class="param stripe"><td>&quot;The user is presented with error message for code with invalid syntax in tryEditor for Terminologies page&quot;</td><td>&quot;Tree Page&quot;</td></tr><tr><th colspan="2">Exception</th></tr><tr><td colspan="2"><div class="stacktrace">org.openqa.selenium.NoSuchSessionException: Session ID is null. Using WebDriver after calling quit()?
Build info: version: &apos;3.141.59&apos;, revision: &apos;e82be7d358&apos;, time: &apos;2018-11-14T08:17:03&apos;
System info: host: &apos;LAPTOP-EGII9MOL&apos;, ip: &apos;192.168.0.105&apos;, os.name: &apos;Windows 11&apos;, os.arch: &apos;amd64&apos;, os.version: &apos;10.0&apos;, java.version: &apos;17.0.8&apos;
Driver info: driver.version: RemoteWebDriver
	at org.openqa.selenium.remote.HttpCommandExecutor.execute(HttpCommandExecutor.java:125)
	at org.openqa.selenium.remote.service.DriverCommandExecutor.execute(DriverCommandExecutor.java:83)
	at org.openqa.selenium.remote.RemoteWebDriver.execute(RemoteWebDriver.java:552)
	at org.openqa.selenium.remote.RemoteWebDriver.get(RemoteWebDriver.java:277)
	at pages.LoginPage.userLogin(LoginPage.java:77)
	at stepDefinitions.DataStructureAllPages_StepDef.the_user_is_on_the_tree_introduction_after_logged_in(DataStructureAllPages_StepDef.java:456)
	at ✽.The user is on the Tree Introduction after logged in(file:///C:/Users/madhu/git/Ds-Algo-QualityQuest/src/test/resources/features/Tree.feature:33)
</div></td></tr></table><p class="totop"><a href="#summary">back to summary</a></p>
<h3 id="m97">testRunner.MyTestRunner#runScenario</h3><table class="result"><tr class="param"><th>Parameter #1</th><th>Parameter #2</th></tr><tr class="param stripe"><td>&quot;The user is presented with error message for Username Already Exists&quot;</td><td>&quot;Register Page&quot;</td></tr><tr><th colspan="2">Exception</th></tr><tr><td colspan="2"><div class="stacktrace">org.openqa.selenium.NoSuchSessionException: Session ID is null. Using WebDriver after calling quit()?
Build info: version: &apos;3.141.59&apos;, revision: &apos;e82be7d358&apos;, time: &apos;2018-11-14T08:17:03&apos;
System info: host: &apos;LAPTOP-EGII9MOL&apos;, ip: &apos;192.168.0.105&apos;, os.name: &apos;Windows 11&apos;, os.arch: &apos;amd64&apos;, os.version: &apos;10.0&apos;, java.version: &apos;17.0.8&apos;
Driver info: driver.version: RemoteWebDriver
	at org.openqa.selenium.remote.HttpCommandExecutor.execute(HttpCommandExecutor.java:125)
	at org.openqa.selenium.remote.service.DriverCommandExecutor.execute(DriverCommandExecutor.java:83)
	at org.openqa.selenium.remote.RemoteWebDriver.execute(RemoteWebDriver.java:552)
	at org.openqa.selenium.remote.RemoteWebDriver.execute(RemoteWebDriver.java:609)
	at org.openqa.selenium.remote.RemoteWebDriver.getCurrentUrl(RemoteWebDriver.java:287)
	at pages.RegisterPage.verifyRegisterPage(RegisterPage.java:46)
	at stepDefinitions.Register_StepDef.the_user_is_in_register_page(Register_StepDef.java:29)
	at ✽.The user is in Register Page(file:///C:/Users/madhu/git/Ds-Algo-QualityQuest/src/test/resources/features/Register.feature:37)
</div></td></tr></table><p class="totop"><a href="#summary">back to summary</a></p>
<h3 id="m98">testRunner.MyTestRunner#runScenario</h3><table class="result"><tr class="param"><th>Parameter #1</th><th>Parameter #2</th></tr><tr class="param stripe"><td>&quot;The user is presented with error message for code with invalid syntax in tryEditor for Implementation of Queue in Python page&quot;</td><td>&quot;Queue Page&quot;</td></tr><tr><th colspan="2">Exception</th></tr><tr><td colspan="2"><div class="stacktrace">org.openqa.selenium.NoSuchSessionException: Session ID is null. Using WebDriver after calling quit()?
Build info: version: &apos;3.141.59&apos;, revision: &apos;e82be7d358&apos;, time: &apos;2018-11-14T08:17:03&apos;
System info: host: &apos;LAPTOP-EGII9MOL&apos;, ip: &apos;192.168.0.105&apos;, os.name: &apos;Windows 11&apos;, os.arch: &apos;amd64&apos;, os.version: &apos;10.0&apos;, java.version: &apos;17.0.8&apos;
Driver info: driver.version: RemoteWebDriver
	at org.openqa.selenium.remote.HttpCommandExecutor.execute(HttpCommandExecutor.java:125)
	at org.openqa.selenium.remote.service.DriverCommandExecutor.execute(DriverCommandExecutor.java:83)
	at org.openqa.selenium.remote.RemoteWebDriver.execute(RemoteWebDriver.java:552)
	at org.openqa.selenium.remote.RemoteWebDriver.get(RemoteWebDriver.java:277)
	at pages.LoginPage.userLogin(LoginPage.java:77)
	at stepDefinitions.DataStructureAllPages_StepDef.the_user_is_on_the_queue_introduction_after_logged_in(DataStructureAllPages_StepDef.java:375)
	at ✽.The user is on the Queue Introduction after logged in(file:///C:/Users/madhu/git/Ds-Algo-QualityQuest/src/test/resources/features/Queue.feature:14)
</div></td></tr></table><p class="totop"><a href="#summary">back to summary</a></p>
<h3 id="m99">testRunner.MyTestRunner#runScenario</h3><table class="result"><tr class="param"><th>Parameter #1</th><th>Parameter #2</th></tr><tr class="param stripe"><td>&quot;The user is able to navigate to Types of Trees link page&quot;</td><td>&quot;Tree Page&quot;</td></tr><tr><th colspan="2">Exception</th></tr><tr><td colspan="2"><div class="stacktrace">org.openqa.selenium.NoSuchSessionException: Session ID is null. Using WebDriver after calling quit()?
Build info: version: &apos;3.141.59&apos;, revision: &apos;e82be7d358&apos;, time: &apos;2018-11-14T08:17:03&apos;
System info: host: &apos;LAPTOP-EGII9MOL&apos;, ip: &apos;192.168.0.105&apos;, os.name: &apos;Windows 11&apos;, os.arch: &apos;amd64&apos;, os.version: &apos;10.0&apos;, java.version: &apos;17.0.8&apos;
Driver info: driver.version: RemoteWebDriver
	at org.openqa.selenium.remote.HttpCommandExecutor.execute(HttpCommandExecutor.java:125)
	at org.openqa.selenium.remote.service.DriverCommandExecutor.execute(DriverCommandExecutor.java:83)
	at org.openqa.selenium.remote.RemoteWebDriver.execute(RemoteWebDriver.java:552)
	at org.openqa.selenium.remote.RemoteWebDriver.get(RemoteWebDriver.java:277)
	at pages.LoginPage.userLogin(LoginPage.java:77)
	at stepDefinitions.DataStructureAllPages_StepDef.the_user_is_on_the_tree_introduction_after_logged_in(DataStructureAllPages_StepDef.java:456)
	at ✽.The user is on the Tree Introduction after logged in(file:///C:/Users/madhu/git/Ds-Algo-QualityQuest/src/test/resources/features/Tree.feature:43)
</div></td></tr></table><p class="totop"><a href="#summary">back to summary</a></p>
<h3 id="m100">testRunner.MyTestRunner#runScenario</h3><table class="result"><tr class="param"><th>Parameter #1</th><th>Parameter #2</th></tr><tr class="param stripe"><td>&quot;The user is able to navigate to Implementation of Binary Trees link page&quot;</td><td>&quot;Tree Page&quot;</td></tr></table><p class="totop"><a href="#summary">back to summary</a></p>
<h3 id="m101">testRunner.MyTestRunner#runScenario</h3><table class="result"><tr class="param"><th>Parameter #1</th><th>Parameter #2</th></tr><tr class="param stripe"><td>&quot;The user is able to navigate to Applications of Array page&quot;</td><td>&quot;Array Page&quot;</td></tr></table><p class="totop"><a href="#summary">back to summary</a></p>
<h3 id="m102">testRunner.MyTestRunner#runScenario</h3><table class="result"><tr class="param"><th>Parameter #1</th><th>Parameter #2</th></tr><tr class="param stripe"><td>&quot;The user is able to navigate to Binary Search Trees link page&quot;</td><td>&quot;Tree Page&quot;</td></tr></table><p class="totop"><a href="#summary">back to summary</a></p>
<h3 id="m103">testRunner.MyTestRunner#runScenario</h3><table class="result"><tr class="param"><th>Parameter #1</th><th>Parameter #2</th></tr><tr class="param stripe"><td>&quot;The user is able to navigate to Arrays Using List page&quot;</td><td>&quot;Array Page&quot;</td></tr></table><p class="totop"><a href="#summary">back to summary</a></p>
<h3 id="m104">testRunner.MyTestRunner#runScenario</h3><table class="result"><tr class="param"><th>Parameter #1</th><th>Parameter #2</th></tr><tr class="param stripe"><td>&quot;User is able to navigate to Arrays in Python page&quot;</td><td>&quot;Array Page&quot;</td></tr></table><p class="totop"><a href="#summary">back to summary</a></p>
<h3 id="m105">testRunner.MyTestRunner#runScenario</h3><table class="result"><tr class="param"><th>Parameter #1</th><th>Parameter #2</th></tr><tr class="param stripe"><td>&quot;The user is able to navigate to Graph Representations link page&quot;</td><td>&quot;Graph Page&quot;</td></tr></table><p class="totop"><a href="#summary">back to summary</a></p>
</body>
</html>
